#
# There is insufficient memory for the Java Runtime Environment to continue.
# Native memory allocation (malloc) failed to allocate 881616 bytes. Error detail: Chunk::new
# Possible reasons:
#   The system is out of physical RAM or swap space
#   This process is running with CompressedOops enabled, and the Java Heap may be blocking the growth of the native heap
# Possible solutions:
#   Reduce memory load on the system
#   Increase physical memory or swap space
#   Check if swap backing store is full
#   Decrease Java heap size (-Xmx/-Xms)
#   Decrease number of Java threads
#   Decrease Java thread stack sizes (-Xss)
#   Set larger code cache with -XX:ReservedCodeCacheSize=
#   JVM is running with Unscaled Compressed Oops mode in which the Java heap is
#     placed in the first 4GB address space. The Java Heap base address is the
#     maximum limit for the native heap growth. Please use -XX:HeapBaseMinAddress
#     to set the Java Heap base and to place the Java Heap above 4GB virtual address.
# This output file may be truncated or incomplete.
#
#  Out of Memory Error (arena.cpp:168), pid=34528, tid=22936
#
# JRE version: OpenJDK Runtime Environment JBR-21.0.4+13-509.17-jcef (21.0.4+13) (build 21.0.4+13-b509.17)
# Java VM: OpenJDK 64-Bit Server VM JBR-21.0.4+13-509.17-jcef (21.0.4+13-b509.17, mixed mode, tiered, compressed oops, compressed class ptrs, g1 gc, windows-amd64)
# No core dump will be written. Minidumps are not enabled by default on client versions of Windows
#

---------------  S U M M A R Y ------------

Command Line: --add-opens=java.base/java.util=ALL-UNNAMED --add-opens=java.base/java.lang=ALL-UNNAMED --add-opens=java.base/java.lang.invoke=ALL-UNNAMED --add-opens=java.prefs/java.util.prefs=ALL-UNNAMED --add-opens=java.base/java.nio.charset=ALL-UNNAMED --add-opens=java.base/java.net=ALL-UNNAMED --add-opens=java.base/java.util.concurrent.atomic=ALL-UNNAMED -Xmx2048m -Dfile.encoding=UTF-8 -Duser.country=BR -Duser.language=pt -Duser.variant -javaagent:C:\Users\Giovani\.gradle\wrapper\dists\gradle-8.7-bin\bhs2wmbdwecv87pi65oeuq5iu\gradle-8.7\lib\agents\gradle-instrumentation-agent-8.7.jar org.gradle.launcher.daemon.bootstrap.GradleDaemon 8.7

Host: AMD Ryzen 7 5700U with Radeon Graphics         , 16 cores, 5G,  Windows 11 , 64 bit Build 22621 (10.0.22621.3958)
Time: Sat Nov  2 15:51:29 2024 Hora oficial do Brasil elapsed time: 23.659665 seconds (0d 0h 0m 23s)

---------------  T H R E A D  ---------------

Current thread (0x000002663b37a500):  JavaThread "C2 CompilerThread0" daemon [_thread_in_native, id=22936, stack(0x000000844a100000,0x000000844a200000) (1024K)]


Current CompileTask:
C2:  23660 13218   !   4       java.net.URLClassLoader::findClass (47 bytes)

Stack: [0x000000844a100000,0x000000844a200000]
Native frames: (J=compiled Java code, j=interpreted, Vv=VM code, C=native code)
V  [jvm.dll+0x6e36d9]
V  [jvm.dll+0x8c0bd3]
V  [jvm.dll+0x8c312e]
V  [jvm.dll+0x8c3813]
V  [jvm.dll+0x288256]
V  [jvm.dll+0xc613d]
V  [jvm.dll+0xc6673]
V  [jvm.dll+0x2fda81]
V  [jvm.dll+0x60acc9]
V  [jvm.dll+0x258b52]
V  [jvm.dll+0x25152a]
V  [jvm.dll+0x24f03e]
V  [jvm.dll+0x1cd074]
V  [jvm.dll+0x25e88c]
V  [jvm.dll+0x25cdd6]
V  [jvm.dll+0x3fdff6]
V  [jvm.dll+0x868868]
V  [jvm.dll+0x6e1edd]
C  [ucrtbase.dll+0x29333]
C  [KERNEL32.DLL+0x1257d]
C  [ntdll.dll+0x5af08]


---------------  P R O C E S S  ---------------

Threads class SMR info:
_java_thread_list=0x00000266455c3010, length=69, elements={
0x000002662025ef00, 0x000002663b34e9c0, 0x000002663b34f030, 0x000002663b35d8a0,
0x000002663b35df10, 0x000002663b3556c0, 0x000002663b355d30, 0x000002663b37a500,
0x000002663b37cbc0, 0x000002663b4ef8d0, 0x000002663b6c9440, 0x00000266417f80e0,
0x00000266417237a0, 0x000002664172be30, 0x0000026641bffdb0, 0x000002664198e170,
0x000002664195c6a0, 0x0000026641964700, 0x0000026641963350, 0x00000266419639e0,
0x0000026641964070, 0x00000266418d1fc0, 0x00000266418d1930, 0x00000266418d4090,
0x00000266418d6e80, 0x00000266418d67f0, 0x00000266418d7510, 0x00000266418d4db0,
0x00000266418d3370, 0x00000266418d3a00, 0x00000266418d2650, 0x00000266424ebaa0,
0x00000266424ead80, 0x00000266424e5ec0, 0x00000266424eb410, 0x00000266424e8620,
0x00000266424e9340, 0x00000266424e6550, 0x00000266424ed4e0, 0x00000266424e99d0,
0x00000266424e6be0, 0x00000266424e7270, 0x00000266424e7900, 0x00000266424e7f90,
0x00000266424ec7c0, 0x00000266424ea060, 0x00000266424ece50, 0x00000266424ec130,
0x00000266424ea6f0, 0x0000026643101fe0, 0x0000026643102d00, 0x00000266431040b0,
0x0000026643103390, 0x00000266431012c0, 0x0000026643101950, 0x0000026643104dd0,
0x0000026643107530, 0x0000026643106180, 0x0000026643104740, 0x0000026643103a20,
0x0000026643102670, 0x00000266431005a0, 0x0000026643106ea0, 0x0000026643100c30,
0x000002663b547f50, 0x0000026646417920, 0x0000026643763c90, 0x000002664604c8e0,
0x000002664537dc30
}

Java Threads: ( => current thread )
  0x000002662025ef00 JavaThread "main"                              [_thread_blocked, id=23640, stack(0x0000008449300000,0x0000008449400000) (1024K)]
  0x000002663b34e9c0 JavaThread "Reference Handler"          daemon [_thread_blocked, id=3320, stack(0x0000008449b00000,0x0000008449c00000) (1024K)]
  0x000002663b34f030 JavaThread "Finalizer"                  daemon [_thread_blocked, id=19960, stack(0x0000008449c00000,0x0000008449d00000) (1024K)]
  0x000002663b35d8a0 JavaThread "Signal Dispatcher"          daemon [_thread_blocked, id=18168, stack(0x0000008449d00000,0x0000008449e00000) (1024K)]
  0x000002663b35df10 JavaThread "Attach Listener"            daemon [_thread_blocked, id=17548, stack(0x0000008449e00000,0x0000008449f00000) (1024K)]
  0x000002663b3556c0 JavaThread "Service Thread"             daemon [_thread_blocked, id=35152, stack(0x0000008449f00000,0x000000844a000000) (1024K)]
  0x000002663b355d30 JavaThread "Monitor Deflation Thread"   daemon [_thread_blocked, id=23548, stack(0x000000844a000000,0x000000844a100000) (1024K)]
=>0x000002663b37a500 JavaThread "C2 CompilerThread0"         daemon [_thread_in_native, id=22936, stack(0x000000844a100000,0x000000844a200000) (1024K)]
  0x000002663b37cbc0 JavaThread "C1 CompilerThread0"         daemon [_thread_blocked, id=29464, stack(0x000000844a200000,0x000000844a300000) (1024K)]
  0x000002663b4ef8d0 JavaThread "Common-Cleaner"             daemon [_thread_blocked, id=28156, stack(0x000000844a300000,0x000000844a400000) (1024K)]
  0x000002663b6c9440 JavaThread "Notification Thread"        daemon [_thread_blocked, id=36572, stack(0x000000844a600000,0x000000844a700000) (1024K)]
  0x00000266417f80e0 JavaThread "Daemon health stats"               [_thread_blocked, id=5076, stack(0x000000844ab00000,0x000000844ac00000) (1024K)]
  0x00000266417237a0 JavaThread "Incoming local TCP Connector on port 56386"        [_thread_in_native, id=20980, stack(0x000000844ad00000,0x000000844ae00000) (1024K)]
  0x000002664172be30 JavaThread "Daemon periodic checks"            [_thread_blocked, id=15812, stack(0x000000844af00000,0x000000844b000000) (1024K)]
  0x0000026641bffdb0 JavaThread "Daemon"                            [_thread_blocked, id=19468, stack(0x000000844b000000,0x000000844b100000) (1024K)]
  0x000002664198e170 JavaThread "Handler for socket connection from /127.0.0.1:56386 to /127.0.0.1:56388"        [_thread_in_native, id=32232, stack(0x000000844b100000,0x000000844b200000) (1024K)]
  0x000002664195c6a0 JavaThread "Cancel handler"                    [_thread_blocked, id=36164, stack(0x000000844b200000,0x000000844b300000) (1024K)]
  0x0000026641964700 JavaThread "Daemon worker"                     [_thread_in_vm, id=11800, stack(0x000000844b300000,0x000000844b400000) (1024K)]
  0x0000026641963350 JavaThread "Asynchronous log dispatcher for DefaultDaemonConnection: socket connection from /127.0.0.1:56386 to /127.0.0.1:56388"        [_thread_blocked, id=37276, stack(0x000000844b400000,0x000000844b500000) (1024K)]
  0x00000266419639e0 JavaThread "Stdin handler"                     [_thread_blocked, id=38228, stack(0x000000844bf00000,0x000000844c000000) (1024K)]
  0x0000026641964070 JavaThread "Daemon client event forwarder"        [_thread_blocked, id=12340, stack(0x000000844c000000,0x000000844c100000) (1024K)]
  0x00000266418d1fc0 JavaThread "Cache worker for journal cache (C:\Users\Giovani\.gradle\caches\journal-1)"        [_thread_blocked, id=33812, stack(0x000000844c100000,0x000000844c200000) (1024K)]
  0x00000266418d1930 JavaThread "File lock request listener"        [_thread_in_native, id=7464, stack(0x000000844c200000,0x000000844c300000) (1024K)]
  0x00000266418d4090 JavaThread "Cache worker for file hash cache (C:\Users\Giovani\.gradle\caches\8.7\fileHashes)"        [_thread_blocked, id=21868, stack(0x000000844c300000,0x000000844c400000) (1024K)]
  0x00000266418d6e80 JavaThread "Cache worker for file hash cache (C:\Users\Giovani\Abstifree\.gradle\8.7\fileHashes)"        [_thread_blocked, id=33768, stack(0x000000844c500000,0x000000844c600000) (1024K)]
  0x00000266418d67f0 JavaThread "File watcher server"        daemon [_thread_in_native, id=5360, stack(0x000000844c600000,0x000000844c700000) (1024K)]
  0x00000266418d7510 JavaThread "File watcher consumer"      daemon [_thread_blocked, id=39592, stack(0x000000844c700000,0x000000844c800000) (1024K)]
  0x00000266418d4db0 JavaThread "Cache worker for checksums cache (C:\Users\Giovani\Abstifree\.gradle\8.7\checksums)"        [_thread_blocked, id=3520, stack(0x000000844ae00000,0x000000844af00000) (1024K)]
  0x00000266418d3370 JavaThread "Cache worker for cache directory md-supplier (C:\Users\Giovani\.gradle\caches\8.7\md-supplier)"        [_thread_blocked, id=14028, stack(0x000000844c800000,0x000000844c900000) (1024K)]
  0x00000266418d3a00 JavaThread "Cache worker for cache directory md-rule (C:\Users\Giovani\.gradle\caches\8.7\md-rule)"        [_thread_blocked, id=30956, stack(0x000000844c900000,0x000000844ca00000) (1024K)]
  0x00000266418d2650 JavaThread "Cache worker for file content cache (C:\Users\Giovani\.gradle\caches\8.7\fileContent)"        [_thread_blocked, id=9512, stack(0x000000844ca00000,0x000000844cb00000) (1024K)]
  0x00000266424ebaa0 JavaThread "Cache worker for Build Output Cleanup Cache (C:\Users\Giovani\Abstifree\.gradle\buildOutputCleanup)"        [_thread_blocked, id=34672, stack(0x000000844cb00000,0x000000844cc00000) (1024K)]
  0x00000266424ead80 JavaThread "Unconstrained build operations"        [_thread_blocked, id=23184, stack(0x000000844cc00000,0x000000844cd00000) (1024K)]
  0x00000266424e5ec0 JavaThread "Unconstrained build operations Thread 2"        [_thread_blocked, id=26108, stack(0x000000844cd00000,0x000000844ce00000) (1024K)]
  0x00000266424eb410 JavaThread "Unconstrained build operations Thread 3"        [_thread_blocked, id=13880, stack(0x000000844ce00000,0x000000844cf00000) (1024K)]
  0x00000266424e8620 JavaThread "Unconstrained build operations Thread 4"        [_thread_blocked, id=30484, stack(0x000000844cf00000,0x000000844d000000) (1024K)]
  0x00000266424e9340 JavaThread "Unconstrained build operations Thread 5"        [_thread_blocked, id=14304, stack(0x000000844d000000,0x000000844d100000) (1024K)]
  0x00000266424e6550 JavaThread "Unconstrained build operations Thread 6"        [_thread_blocked, id=9336, stack(0x000000844d100000,0x000000844d200000) (1024K)]
  0x00000266424ed4e0 JavaThread "Unconstrained build operations Thread 7"        [_thread_blocked, id=34820, stack(0x000000844d200000,0x000000844d300000) (1024K)]
  0x00000266424e99d0 JavaThread "Unconstrained build operations Thread 8"        [_thread_blocked, id=18728, stack(0x000000844d300000,0x000000844d400000) (1024K)]
  0x00000266424e6be0 JavaThread "Unconstrained build operations Thread 9"        [_thread_blocked, id=6672, stack(0x000000844d400000,0x000000844d500000) (1024K)]
  0x00000266424e7270 JavaThread "Unconstrained build operations Thread 10"        [_thread_blocked, id=9408, stack(0x000000844d500000,0x000000844d600000) (1024K)]
  0x00000266424e7900 JavaThread "Unconstrained build operations Thread 11"        [_thread_blocked, id=13164, stack(0x000000844d600000,0x000000844d700000) (1024K)]
  0x00000266424e7f90 JavaThread "Unconstrained build operations Thread 12"        [_thread_blocked, id=20640, stack(0x000000844d700000,0x000000844d800000) (1024K)]
  0x00000266424ec7c0 JavaThread "Unconstrained build operations Thread 13"        [_thread_blocked, id=37164, stack(0x000000844d800000,0x000000844d900000) (1024K)]
  0x00000266424ea060 JavaThread "Unconstrained build operations Thread 14"        [_thread_blocked, id=9572, stack(0x000000844d900000,0x000000844da00000) (1024K)]
  0x00000266424ece50 JavaThread "Unconstrained build operations Thread 15"        [_thread_blocked, id=26604, stack(0x000000844da00000,0x000000844db00000) (1024K)]
  0x00000266424ec130 JavaThread "Unconstrained build operations Thread 16"        [_thread_blocked, id=36640, stack(0x000000844db00000,0x000000844dc00000) (1024K)]
  0x00000266424ea6f0 JavaThread "Unconstrained build operations Thread 17"        [_thread_blocked, id=34352, stack(0x000000844dc00000,0x000000844dd00000) (1024K)]
  0x0000026643101fe0 JavaThread "Unconstrained build operations Thread 18"        [_thread_blocked, id=35272, stack(0x000000844dd00000,0x000000844de00000) (1024K)]
  0x0000026643102d00 JavaThread "Unconstrained build operations Thread 19"        [_thread_blocked, id=32176, stack(0x000000844de00000,0x000000844df00000) (1024K)]
  0x00000266431040b0 JavaThread "Unconstrained build operations Thread 20"        [_thread_blocked, id=13048, stack(0x000000844df00000,0x000000844e000000) (1024K)]
  0x0000026643103390 JavaThread "Unconstrained build operations Thread 21"        [_thread_blocked, id=30732, stack(0x000000844e000000,0x000000844e100000) (1024K)]
  0x00000266431012c0 JavaThread "Unconstrained build operations Thread 22"        [_thread_blocked, id=11804, stack(0x000000844e100000,0x000000844e200000) (1024K)]
  0x0000026643101950 JavaThread "Unconstrained build operations Thread 23"        [_thread_blocked, id=22480, stack(0x000000844e200000,0x000000844e300000) (1024K)]
  0x0000026643104dd0 JavaThread "Unconstrained build operations Thread 24"        [_thread_blocked, id=8408, stack(0x000000844e300000,0x000000844e400000) (1024K)]
  0x0000026643107530 JavaThread "Unconstrained build operations Thread 25"        [_thread_blocked, id=24976, stack(0x000000844e400000,0x000000844e500000) (1024K)]
  0x0000026643106180 JavaThread "Unconstrained build operations Thread 26"        [_thread_blocked, id=2716, stack(0x000000844e500000,0x000000844e600000) (1024K)]
  0x0000026643104740 JavaThread "Unconstrained build operations Thread 27"        [_thread_blocked, id=18128, stack(0x000000844e600000,0x000000844e700000) (1024K)]
  0x0000026643103a20 JavaThread "Unconstrained build operations Thread 28"        [_thread_blocked, id=28740, stack(0x000000844e700000,0x000000844e800000) (1024K)]
  0x0000026643102670 JavaThread "Unconstrained build operations Thread 29"        [_thread_blocked, id=11864, stack(0x000000844e800000,0x000000844e900000) (1024K)]
  0x00000266431005a0 JavaThread "Unconstrained build operations Thread 30"        [_thread_blocked, id=39188, stack(0x000000844e900000,0x000000844ea00000) (1024K)]
  0x0000026643106ea0 JavaThread "build event listener"              [_thread_blocked, id=23108, stack(0x000000844ea00000,0x000000844eb00000) (1024K)]
  0x0000026643100c30 JavaThread "Memory manager"                    [_thread_blocked, id=15440, stack(0x000000844eb00000,0x000000844ec00000) (1024K)]
  0x000002663b547f50 JavaThread "C1 CompilerThread1"         daemon [_thread_in_vm, id=34080, stack(0x000000844a400000,0x000000844a500000) (1024K)]
  0x0000026646417920 JavaThread "C1 CompilerThread2"         daemon [_thread_in_vm, id=19452, stack(0x000000844a500000,0x000000844a600000) (1024K)]
  0x0000026643763c90 JavaThread "C1 CompilerThread3"         daemon [_thread_in_native, id=13564, stack(0x000000844ac00000,0x000000844ad00000) (1024K)]
  0x000002664604c8e0 JavaThread "C2 CompilerThread1"         daemon [_thread_in_native, id=34608, stack(0x000000844c400000,0x000000844c500000) (1024K)]
  0x000002664537dc30 JavaThread "C2 CompilerThread2"         daemon [_thread_in_native, id=3740, stack(0x000000844ec00000,0x000000844ed00000) (1024K)]
Total: 69

Other Threads:
  0x000002662009c580 VMThread "VM Thread"                           [id=12920, stack(0x0000008449a00000,0x0000008449b00000) (1024K)]
  0x000002663b137f60 WatcherThread "VM Periodic Task Thread"        [id=35920, stack(0x0000008449900000,0x0000008449a00000) (1024K)]
  0x000002662009d400 WorkerThread "GC Thread#0"                     [id=19268, stack(0x0000008449400000,0x0000008449500000) (1024K)]
  0x000002662009c920 WorkerThread "GC Thread#1"                     [id=5528, stack(0x000000844a700000,0x000000844a800000) (1024K)]
  0x000002662009d060 WorkerThread "GC Thread#2"                     [id=22464, stack(0x000000844a800000,0x000000844a900000) (1024K)]
  0x000002662009ccc0 WorkerThread "GC Thread#3"                     [id=35332, stack(0x000000844a900000,0x000000844aa00000) (1024K)]
  0x0000026640844470 WorkerThread "GC Thread#4"                     [id=31568, stack(0x000000844aa00000,0x000000844ab00000) (1024K)]
  0x0000026640842030 WorkerThread "GC Thread#5"                     [id=30132, stack(0x000000844b500000,0x000000844b600000) (1024K)]
  0x00000266408440d0 WorkerThread "GC Thread#6"                     [id=16552, stack(0x000000844b600000,0x000000844b700000) (1024K)]
  0x0000026640842b10 WorkerThread "GC Thread#7"                     [id=12272, stack(0x000000844b700000,0x000000844b800000) (1024K)]
  0x0000026640841c90 WorkerThread "GC Thread#8"                     [id=38628, stack(0x000000844b800000,0x000000844b900000) (1024K)]
  0x0000026640840e10 WorkerThread "GC Thread#9"                     [id=21020, stack(0x000000844b900000,0x000000844ba00000) (1024K)]
  0x00000266408418f0 WorkerThread "GC Thread#10"                    [id=36012, stack(0x000000844ba00000,0x000000844bb00000) (1024K)]
  0x0000026640843250 WorkerThread "GC Thread#11"                    [id=17820, stack(0x000000844bb00000,0x000000844bc00000) (1024K)]
  0x0000026640843990 WorkerThread "GC Thread#12"                    [id=19380, stack(0x000000844bc00000,0x000000844bd00000) (1024K)]
  0x00000266202c6e70 ConcurrentGCThread "G1 Main Marker"            [id=9828, stack(0x0000008449500000,0x0000008449600000) (1024K)]
  0x000002662009db40 WorkerThread "G1 Conc#0"                       [id=33640, stack(0x0000008449600000,0x0000008449700000) (1024K)]
  0x0000026640844810 WorkerThread "G1 Conc#1"                       [id=17072, stack(0x000000844bd00000,0x000000844be00000) (1024K)]
  0x0000026640842eb0 WorkerThread "G1 Conc#2"                       [id=15772, stack(0x000000844be00000,0x000000844bf00000) (1024K)]
  0x000002663b005c60 ConcurrentGCThread "G1 Refine#0"               [id=5696, stack(0x0000008449700000,0x0000008449800000) (1024K)]
  0x000002663b0080a0 ConcurrentGCThread "G1 Service"                [id=34328, stack(0x0000008449800000,0x0000008449900000) (1024K)]
Total: 21

Threads with active compile tasks:
C2 CompilerThread0    23699 13218   !   4       java.net.URLClassLoader::findClass (47 bytes)
C1 CompilerThread1    23699 13267       3       org.jetbrains.kotlin.load.java.typeEnhancement.JavaTypeEnhancement::enhanceInflexible (1026 bytes)
C1 CompilerThread2    23699 13266       3       org.jetbrains.kotlin.descriptors.impl.ModuleAwareClassDescriptor$Companion::getRefinedMemberScopeIfPossible$descriptors (61 bytes)
C1 CompilerThread3    23699 13264       3       org.jetbrains.org.objectweb.asm.ClassReader::readField (667 bytes)
C2 CompilerThread1    23699 13219       4       java.net.URLClassLoader$1::run (5 bytes)
C2 CompilerThread2    23699 13220   !   4       java.net.URLClassLoader$1::run (81 bytes)
Total: 6

VM state: not at safepoint (normal execution)

VM Mutex/Monitor currently owned by a thread: None

Heap address: 0x0000000080000000, size: 2048 MB, Compressed Oops mode: 32-bit

CDS archive(s) not mapped
Compressed class space mapped at: 0x0000000100000000-0x0000000140000000, reserved size: 1073741824
Narrow klass base: 0x0000000000000000, Narrow klass shift: 3, Narrow klass range: 0x140000000

GC Precious Log:
 CardTable entry size: 512
 Card Set container configuration: InlinePtr #cards 5 size 8 Array Of Cards #cards 12 size 40 Howl #buckets 4 coarsen threshold 1843 Howl Bitmap #cards 512 size 80 coarsen threshold 460 Card regions per heap region 1 cards per card region 2048
 CPUs: 16 total, 16 available
 Memory: 6005M
 Large Page Support: Disabled
 NUMA Support: Disabled
 Compressed Oops: Enabled (32-bit)
 Heap Region Size: 1M
 Heap Min Capacity: 8M
 Heap Initial Capacity: 94M
 Heap Max Capacity: 2G
 Pre-touch: Disabled
 Parallel Workers: 13
 Concurrent Workers: 3
 Concurrent Refinement Workers: 13
 Periodic GC: Disabled

Heap:
 garbage-first heap   total 183296K, used 160385K [0x0000000080000000, 0x0000000100000000)
  region size 1024K, 53 young (54272K), 8 survivors (8192K)
 Metaspace       used 125539K, committed 127872K, reserved 1179648K
  class space    used 16154K, committed 17344K, reserved 1048576K

Heap Regions: E=young(eden), S=young(survivor), O=old, HS=humongous(starts), HC=humongous(continues), CS=collection set, F=free, TAMS=top-at-mark-start, PB=parsable bottom
|   0|0x0000000080000000, 0x0000000080100000, 0x0000000080100000|100%|HS|  |TAMS 0x0000000080000000| PB 0x0000000080000000| Complete 
|   1|0x0000000080100000, 0x0000000080200000, 0x0000000080200000|100%|HC|  |TAMS 0x0000000080100000| PB 0x0000000080100000| Complete 
|   2|0x0000000080200000, 0x0000000080300000, 0x0000000080300000|100%|HC|  |TAMS 0x0000000080200000| PB 0x0000000080200000| Complete 
|   3|0x0000000080300000, 0x0000000080400000, 0x0000000080400000|100%|HC|  |TAMS 0x0000000080300000| PB 0x0000000080300000| Complete 
|   4|0x0000000080400000, 0x0000000080500000, 0x0000000080500000|100%| O|  |TAMS 0x0000000080400000| PB 0x0000000080400000| Untracked 
|   5|0x0000000080500000, 0x0000000080600000, 0x0000000080600000|100%| O|  |TAMS 0x0000000080500000| PB 0x0000000080500000| Untracked 
|   6|0x0000000080600000, 0x0000000080700000, 0x0000000080700000|100%| O|  |TAMS 0x0000000080600000| PB 0x0000000080600000| Untracked 
|   7|0x0000000080700000, 0x0000000080800000, 0x0000000080800000|100%| O|  |TAMS 0x0000000080700000| PB 0x0000000080700000| Untracked 
|   8|0x0000000080800000, 0x0000000080900000, 0x0000000080900000|100%| O|  |TAMS 0x0000000080800000| PB 0x0000000080800000| Untracked 
|   9|0x0000000080900000, 0x0000000080a00000, 0x0000000080a00000|100%| O|  |TAMS 0x0000000080900000| PB 0x0000000080900000| Untracked 
|  10|0x0000000080a00000, 0x0000000080b00000, 0x0000000080b00000|100%| O|  |TAMS 0x0000000080a00000| PB 0x0000000080a00000| Untracked 
|  11|0x0000000080b00000, 0x0000000080c00000, 0x0000000080c00000|100%| O|  |TAMS 0x0000000080b00000| PB 0x0000000080b00000| Untracked 
|  12|0x0000000080c00000, 0x0000000080d00000, 0x0000000080d00000|100%| O|  |TAMS 0x0000000080c00000| PB 0x0000000080c00000| Untracked 
|  13|0x0000000080d00000, 0x0000000080e00000, 0x0000000080e00000|100%| O|  |TAMS 0x0000000080d00000| PB 0x0000000080d00000| Untracked 
|  14|0x0000000080e00000, 0x0000000080f00000, 0x0000000080f00000|100%| O|  |TAMS 0x0000000080e00000| PB 0x0000000080e00000| Untracked 
|  15|0x0000000080f00000, 0x0000000081000000, 0x0000000081000000|100%| O|  |TAMS 0x0000000080f00000| PB 0x0000000080f00000| Untracked 
|  16|0x0000000081000000, 0x0000000081100000, 0x0000000081100000|100%| O|  |TAMS 0x0000000081000000| PB 0x0000000081000000| Untracked 
|  17|0x0000000081100000, 0x0000000081200000, 0x0000000081200000|100%| O|  |TAMS 0x0000000081100000| PB 0x0000000081100000| Untracked 
|  18|0x0000000081200000, 0x0000000081300000, 0x0000000081300000|100%| O|  |TAMS 0x0000000081200000| PB 0x0000000081200000| Untracked 
|  19|0x0000000081300000, 0x0000000081400000, 0x0000000081400000|100%| O|  |TAMS 0x0000000081300000| PB 0x0000000081300000| Untracked 
|  20|0x0000000081400000, 0x0000000081500000, 0x0000000081500000|100%| O|  |TAMS 0x0000000081400000| PB 0x0000000081400000| Untracked 
|  21|0x0000000081500000, 0x0000000081600000, 0x0000000081600000|100%| O|  |TAMS 0x0000000081500000| PB 0x0000000081500000| Untracked 
|  22|0x0000000081600000, 0x0000000081700000, 0x0000000081700000|100%| O|  |TAMS 0x0000000081600000| PB 0x0000000081600000| Untracked 
|  23|0x0000000081700000, 0x0000000081700000, 0x0000000081800000|  0%| F|  |TAMS 0x0000000081700000| PB 0x0000000081700000| Untracked 
|  24|0x0000000081800000, 0x0000000081900000, 0x0000000081900000|100%| O|  |TAMS 0x0000000081800000| PB 0x0000000081800000| Untracked 
|  25|0x0000000081900000, 0x0000000081a00000, 0x0000000081a00000|100%| O|  |TAMS 0x0000000081900000| PB 0x0000000081900000| Untracked 
|  26|0x0000000081a00000, 0x0000000081b00000, 0x0000000081b00000|100%| O|  |TAMS 0x0000000081a00000| PB 0x0000000081a00000| Untracked 
|  27|0x0000000081b00000, 0x0000000081c00000, 0x0000000081c00000|100%| O|  |TAMS 0x0000000081b00000| PB 0x0000000081b00000| Untracked 
|  28|0x0000000081c00000, 0x0000000081d00000, 0x0000000081d00000|100%| O|  |TAMS 0x0000000081c00000| PB 0x0000000081c00000| Untracked 
|  29|0x0000000081d00000, 0x0000000081e00000, 0x0000000081e00000|100%|HS|  |TAMS 0x0000000081d00000| PB 0x0000000081d00000| Complete 
|  30|0x0000000081e00000, 0x0000000081e00000, 0x0000000081f00000|  0%| F|  |TAMS 0x0000000081e00000| PB 0x0000000081e00000| Untracked 
|  31|0x0000000081f00000, 0x0000000082000000, 0x0000000082000000|100%| O|  |TAMS 0x0000000081f00000| PB 0x0000000081f00000| Untracked 
|  32|0x0000000082000000, 0x0000000082100000, 0x0000000082100000|100%| O|  |TAMS 0x0000000082000000| PB 0x0000000082000000| Untracked 
|  33|0x0000000082100000, 0x0000000082200000, 0x0000000082200000|100%| O|  |TAMS 0x0000000082100000| PB 0x0000000082100000| Untracked 
|  34|0x0000000082200000, 0x0000000082300000, 0x0000000082300000|100%| O|  |TAMS 0x0000000082200000| PB 0x0000000082200000| Untracked 
|  35|0x0000000082300000, 0x0000000082400000, 0x0000000082400000|100%| O|  |TAMS 0x0000000082300000| PB 0x0000000082300000| Untracked 
|  36|0x0000000082400000, 0x0000000082500000, 0x0000000082500000|100%|HS|  |TAMS 0x0000000082400000| PB 0x0000000082400000| Complete 
|  37|0x0000000082500000, 0x0000000082600000, 0x0000000082600000|100%|HS|  |TAMS 0x0000000082500000| PB 0x0000000082500000| Complete 
|  38|0x0000000082600000, 0x0000000082700000, 0x0000000082700000|100%|HS|  |TAMS 0x0000000082600000| PB 0x0000000082600000| Complete 
|  39|0x0000000082700000, 0x0000000082800000, 0x0000000082800000|100%|HS|  |TAMS 0x0000000082700000| PB 0x0000000082700000| Complete 
|  40|0x0000000082800000, 0x0000000082900000, 0x0000000082900000|100%|HS|  |TAMS 0x0000000082800000| PB 0x0000000082800000| Complete 
|  41|0x0000000082900000, 0x0000000082a00000, 0x0000000082a00000|100%| O|  |TAMS 0x0000000082900000| PB 0x0000000082900000| Untracked 
|  42|0x0000000082a00000, 0x0000000082b00000, 0x0000000082b00000|100%| O|  |TAMS 0x0000000082a00000| PB 0x0000000082a00000| Untracked 
|  43|0x0000000082b00000, 0x0000000082c00000, 0x0000000082c00000|100%| O|  |TAMS 0x0000000082b00000| PB 0x0000000082b00000| Untracked 
|  44|0x0000000082c00000, 0x0000000082d00000, 0x0000000082d00000|100%| O|  |TAMS 0x0000000082c00000| PB 0x0000000082c00000| Untracked 
|  45|0x0000000082d00000, 0x0000000082d00000, 0x0000000082e00000|  0%| F|  |TAMS 0x0000000082d00000| PB 0x0000000082d00000| Untracked 
|  46|0x0000000082e00000, 0x0000000082f00000, 0x0000000082f00000|100%|HS|  |TAMS 0x0000000082e00000| PB 0x0000000082e00000| Complete 
|  47|0x0000000082f00000, 0x0000000083000000, 0x0000000083000000|100%| O|  |TAMS 0x0000000082f00000| PB 0x0000000082f00000| Untracked 
|  48|0x0000000083000000, 0x0000000083100000, 0x0000000083100000|100%| O|  |TAMS 0x0000000083000000| PB 0x0000000083000000| Untracked 
|  49|0x0000000083100000, 0x0000000083200000, 0x0000000083200000|100%| O|  |TAMS 0x0000000083100000| PB 0x0000000083100000| Untracked 
|  50|0x0000000083200000, 0x0000000083300000, 0x0000000083300000|100%| O|  |TAMS 0x0000000083200000| PB 0x0000000083200000| Untracked 
|  51|0x0000000083300000, 0x0000000083400000, 0x0000000083400000|100%| O|  |TAMS 0x0000000083300000| PB 0x0000000083300000| Untracked 
|  52|0x0000000083400000, 0x0000000083500000, 0x0000000083500000|100%| O|  |TAMS 0x0000000083400000| PB 0x0000000083400000| Untracked 
|  53|0x0000000083500000, 0x0000000083600000, 0x0000000083600000|100%| O|  |TAMS 0x0000000083500000| PB 0x0000000083500000| Untracked 
|  54|0x0000000083600000, 0x0000000083700000, 0x0000000083700000|100%| O|  |TAMS 0x0000000083600000| PB 0x0000000083600000| Untracked 
|  55|0x0000000083700000, 0x0000000083800000, 0x0000000083800000|100%| O|  |TAMS 0x0000000083700000| PB 0x0000000083700000| Untracked 
|  56|0x0000000083800000, 0x0000000083900000, 0x0000000083900000|100%| O|  |TAMS 0x0000000083800000| PB 0x0000000083800000| Untracked 
|  57|0x0000000083900000, 0x0000000083a00000, 0x0000000083a00000|100%| O|  |TAMS 0x0000000083900000| PB 0x0000000083900000| Untracked 
|  58|0x0000000083a00000, 0x0000000083b00000, 0x0000000083b00000|100%| O|  |TAMS 0x0000000083a00000| PB 0x0000000083a00000| Untracked 
|  59|0x0000000083b00000, 0x0000000083c00000, 0x0000000083c00000|100%| O|  |TAMS 0x0000000083b00000| PB 0x0000000083b00000| Untracked 
|  60|0x0000000083c00000, 0x0000000083d00000, 0x0000000083d00000|100%| O|  |TAMS 0x0000000083c00000| PB 0x0000000083c00000| Untracked 
|  61|0x0000000083d00000, 0x0000000083e00000, 0x0000000083e00000|100%| O|  |TAMS 0x0000000083d00000| PB 0x0000000083d00000| Untracked 
|  62|0x0000000083e00000, 0x0000000083f00000, 0x0000000083f00000|100%| O|  |TAMS 0x0000000083e00000| PB 0x0000000083e00000| Untracked 
|  63|0x0000000083f00000, 0x0000000084000000, 0x0000000084000000|100%| O|  |TAMS 0x0000000083f00000| PB 0x0000000083f00000| Untracked 
|  64|0x0000000084000000, 0x0000000084100000, 0x0000000084100000|100%|HS|  |TAMS 0x0000000084000000| PB 0x0000000084000000| Complete 
|  65|0x0000000084100000, 0x0000000084200000, 0x0000000084200000|100%|HC|  |TAMS 0x0000000084100000| PB 0x0000000084100000| Complete 
|  66|0x0000000084200000, 0x0000000084300000, 0x0000000084300000|100%|HC|  |TAMS 0x0000000084200000| PB 0x0000000084200000| Complete 
|  67|0x0000000084300000, 0x0000000084400000, 0x0000000084400000|100%|HC|  |TAMS 0x0000000084300000| PB 0x0000000084300000| Complete 
|  68|0x0000000084400000, 0x0000000084500000, 0x0000000084500000|100%|HC|  |TAMS 0x0000000084400000| PB 0x0000000084400000| Complete 
|  69|0x0000000084500000, 0x0000000084600000, 0x0000000084600000|100%|HC|  |TAMS 0x0000000084500000| PB 0x0000000084500000| Complete 
|  70|0x0000000084600000, 0x0000000084700000, 0x0000000084700000|100%| O|  |TAMS 0x0000000084600000| PB 0x0000000084600000| Untracked 
|  71|0x0000000084700000, 0x0000000084800000, 0x0000000084800000|100%| O|  |TAMS 0x0000000084700000| PB 0x0000000084700000| Untracked 
|  72|0x0000000084800000, 0x0000000084900000, 0x0000000084900000|100%| O|  |TAMS 0x0000000084800000| PB 0x0000000084800000| Untracked 
|  73|0x0000000084900000, 0x0000000084a00000, 0x0000000084a00000|100%| O|  |TAMS 0x0000000084900000| PB 0x0000000084900000| Untracked 
|  74|0x0000000084a00000, 0x0000000084b00000, 0x0000000084b00000|100%| O|  |TAMS 0x0000000084a00000| PB 0x0000000084a00000| Untracked 
|  75|0x0000000084b00000, 0x0000000084c00000, 0x0000000084c00000|100%| O|  |TAMS 0x0000000084b00000| PB 0x0000000084b00000| Untracked 
|  76|0x0000000084c00000, 0x0000000084d00000, 0x0000000084d00000|100%| O|  |TAMS 0x0000000084c00000| PB 0x0000000084c00000| Untracked 
|  77|0x0000000084d00000, 0x0000000084e00000, 0x0000000084e00000|100%| O|  |TAMS 0x0000000084d00000| PB 0x0000000084d00000| Untracked 
|  78|0x0000000084e00000, 0x0000000084f00000, 0x0000000084f00000|100%|HS|  |TAMS 0x0000000084e00000| PB 0x0000000084e00000| Complete 
|  79|0x0000000084f00000, 0x0000000085000000, 0x0000000085000000|100%| O|  |TAMS 0x0000000084f00000| PB 0x0000000084f00000| Untracked 
|  80|0x0000000085000000, 0x0000000085100000, 0x0000000085100000|100%| O|  |TAMS 0x0000000085000000| PB 0x0000000085000000| Untracked 
|  81|0x0000000085100000, 0x0000000085200000, 0x0000000085200000|100%| O|  |TAMS 0x0000000085100000| PB 0x0000000085100000| Untracked 
|  82|0x0000000085200000, 0x0000000085300000, 0x0000000085300000|100%| O|  |TAMS 0x0000000085200000| PB 0x0000000085200000| Untracked 
|  83|0x0000000085300000, 0x0000000085400000, 0x0000000085400000|100%| O|  |TAMS 0x0000000085300000| PB 0x0000000085300000| Untracked 
|  84|0x0000000085400000, 0x0000000085500000, 0x0000000085500000|100%| O|  |TAMS 0x0000000085400000| PB 0x0000000085400000| Untracked 
|  85|0x0000000085500000, 0x0000000085600000, 0x0000000085600000|100%| O|  |TAMS 0x0000000085500000| PB 0x0000000085500000| Untracked 
|  86|0x0000000085600000, 0x0000000085700000, 0x0000000085700000|100%| O|  |TAMS 0x0000000085600000| PB 0x0000000085600000| Untracked 
|  87|0x0000000085700000, 0x0000000085800000, 0x0000000085800000|100%| O|  |TAMS 0x0000000085700000| PB 0x0000000085700000| Untracked 
|  88|0x0000000085800000, 0x0000000085900000, 0x0000000085900000|100%| O|  |TAMS 0x0000000085800000| PB 0x0000000085800000| Untracked 
|  89|0x0000000085900000, 0x0000000085a00000, 0x0000000085a00000|100%| O|  |TAMS 0x0000000085900000| PB 0x0000000085900000| Untracked 
|  90|0x0000000085a00000, 0x0000000085b00000, 0x0000000085b00000|100%| O|  |TAMS 0x0000000085a00000| PB 0x0000000085a00000| Untracked 
|  91|0x0000000085b00000, 0x0000000085c00000, 0x0000000085c00000|100%| O|  |TAMS 0x0000000085b00000| PB 0x0000000085b00000| Untracked 
|  92|0x0000000085c00000, 0x0000000085d00000, 0x0000000085d00000|100%| O|  |TAMS 0x0000000085c00000| PB 0x0000000085c00000| Untracked 
|  93|0x0000000085d00000, 0x0000000085e00000, 0x0000000085e00000|100%| O|  |TAMS 0x0000000085d00000| PB 0x0000000085d00000| Untracked 
|  94|0x0000000085e00000, 0x0000000085f00000, 0x0000000085f00000|100%| O|  |TAMS 0x0000000085e00000| PB 0x0000000085e00000| Untracked 
|  95|0x0000000085f00000, 0x0000000086000000, 0x0000000086000000|100%| O|  |TAMS 0x0000000085f00000| PB 0x0000000085f00000| Untracked 
|  96|0x0000000086000000, 0x00000000860a0560, 0x0000000086100000| 62%| O|  |TAMS 0x0000000086000000| PB 0x0000000086000000| Untracked 
|  97|0x0000000086100000, 0x0000000086100000, 0x0000000086200000|  0%| F|  |TAMS 0x0000000086100000| PB 0x0000000086100000| Untracked 
|  98|0x0000000086200000, 0x0000000086200000, 0x0000000086300000|  0%| F|  |TAMS 0x0000000086200000| PB 0x0000000086200000| Untracked 
|  99|0x0000000086300000, 0x0000000086300000, 0x0000000086400000|  0%| F|  |TAMS 0x0000000086300000| PB 0x0000000086300000| Untracked 
| 100|0x0000000086400000, 0x0000000086400000, 0x0000000086500000|  0%| F|  |TAMS 0x0000000086400000| PB 0x0000000086400000| Untracked 
| 101|0x0000000086500000, 0x0000000086500000, 0x0000000086600000|  0%| F|  |TAMS 0x0000000086500000| PB 0x0000000086500000| Untracked 
| 102|0x0000000086600000, 0x0000000086600000, 0x0000000086700000|  0%| F|  |TAMS 0x0000000086600000| PB 0x0000000086600000| Untracked 
| 103|0x0000000086700000, 0x0000000086800000, 0x0000000086800000|100%| S|CS|TAMS 0x0000000086700000| PB 0x0000000086700000| Complete 
| 104|0x0000000086800000, 0x0000000086900000, 0x0000000086900000|100%| S|CS|TAMS 0x0000000086800000| PB 0x0000000086800000| Complete 
| 105|0x0000000086900000, 0x0000000086a00000, 0x0000000086a00000|100%| S|CS|TAMS 0x0000000086900000| PB 0x0000000086900000| Complete 
| 106|0x0000000086a00000, 0x0000000086b00000, 0x0000000086b00000|100%| S|CS|TAMS 0x0000000086a00000| PB 0x0000000086a00000| Complete 
| 107|0x0000000086b00000, 0x0000000086c00000, 0x0000000086c00000|100%| S|CS|TAMS 0x0000000086b00000| PB 0x0000000086b00000| Complete 
| 108|0x0000000086c00000, 0x0000000086d00000, 0x0000000086d00000|100%| S|CS|TAMS 0x0000000086c00000| PB 0x0000000086c00000| Complete 
| 109|0x0000000086d00000, 0x0000000086d00000, 0x0000000086e00000|  0%| F|  |TAMS 0x0000000086d00000| PB 0x0000000086d00000| Untracked 
| 110|0x0000000086e00000, 0x0000000086e00000, 0x0000000086f00000|  0%| F|  |TAMS 0x0000000086e00000| PB 0x0000000086e00000| Untracked 
| 111|0x0000000086f00000, 0x0000000086f00000, 0x0000000087000000|  0%| F|  |TAMS 0x0000000086f00000| PB 0x0000000086f00000| Untracked 
| 112|0x0000000087000000, 0x0000000087000000, 0x0000000087100000|  0%| F|  |TAMS 0x0000000087000000| PB 0x0000000087000000| Untracked 
| 113|0x0000000087100000, 0x0000000087100000, 0x0000000087200000|  0%| F|  |TAMS 0x0000000087100000| PB 0x0000000087100000| Untracked 
| 114|0x0000000087200000, 0x0000000087300000, 0x0000000087300000|100%| S|CS|TAMS 0x0000000087200000| PB 0x0000000087200000| Complete 
| 115|0x0000000087300000, 0x0000000087400000, 0x0000000087400000|100%| S|CS|TAMS 0x0000000087300000| PB 0x0000000087300000| Complete 
| 116|0x0000000087400000, 0x0000000087400000, 0x0000000087500000|  0%| F|  |TAMS 0x0000000087400000| PB 0x0000000087400000| Untracked 
| 117|0x0000000087500000, 0x0000000087500000, 0x0000000087600000|  0%| F|  |TAMS 0x0000000087500000| PB 0x0000000087500000| Untracked 
| 118|0x0000000087600000, 0x0000000087600000, 0x0000000087700000|  0%| F|  |TAMS 0x0000000087600000| PB 0x0000000087600000| Untracked 
| 119|0x0000000087700000, 0x0000000087700000, 0x0000000087800000|  0%| F|  |TAMS 0x0000000087700000| PB 0x0000000087700000| Untracked 
| 120|0x0000000087800000, 0x0000000087800000, 0x0000000087900000|  0%| F|  |TAMS 0x0000000087800000| PB 0x0000000087800000| Untracked 
| 121|0x0000000087900000, 0x0000000087900000, 0x0000000087a00000|  0%| F|  |TAMS 0x0000000087900000| PB 0x0000000087900000| Untracked 
| 122|0x0000000087a00000, 0x0000000087a00000, 0x0000000087b00000|  0%| F|  |TAMS 0x0000000087a00000| PB 0x0000000087a00000| Untracked 
| 123|0x0000000087b00000, 0x0000000087c00000, 0x0000000087c00000|100%| E|  |TAMS 0x0000000087b00000| PB 0x0000000087b00000| Complete 
| 124|0x0000000087c00000, 0x0000000087d00000, 0x0000000087d00000|100%| E|CS|TAMS 0x0000000087c00000| PB 0x0000000087c00000| Complete 
| 125|0x0000000087d00000, 0x0000000087e00000, 0x0000000087e00000|100%| E|CS|TAMS 0x0000000087d00000| PB 0x0000000087d00000| Complete 
| 126|0x0000000087e00000, 0x0000000087f00000, 0x0000000087f00000|100%| E|CS|TAMS 0x0000000087e00000| PB 0x0000000087e00000| Complete 
| 127|0x0000000087f00000, 0x0000000088000000, 0x0000000088000000|100%| E|CS|TAMS 0x0000000087f00000| PB 0x0000000087f00000| Complete 
| 128|0x0000000088000000, 0x0000000088100000, 0x0000000088100000|100%| E|CS|TAMS 0x0000000088000000| PB 0x0000000088000000| Complete 
| 129|0x0000000088100000, 0x0000000088200000, 0x0000000088200000|100%| E|CS|TAMS 0x0000000088100000| PB 0x0000000088100000| Complete 
| 130|0x0000000088200000, 0x0000000088300000, 0x0000000088300000|100%| E|CS|TAMS 0x0000000088200000| PB 0x0000000088200000| Complete 
| 131|0x0000000088300000, 0x0000000088400000, 0x0000000088400000|100%| E|CS|TAMS 0x0000000088300000| PB 0x0000000088300000| Complete 
| 132|0x0000000088400000, 0x0000000088500000, 0x0000000088500000|100%| E|CS|TAMS 0x0000000088400000| PB 0x0000000088400000| Complete 
| 133|0x0000000088500000, 0x0000000088600000, 0x0000000088600000|100%| E|CS|TAMS 0x0000000088500000| PB 0x0000000088500000| Complete 
| 134|0x0000000088600000, 0x0000000088700000, 0x0000000088700000|100%| E|CS|TAMS 0x0000000088600000| PB 0x0000000088600000| Complete 
| 135|0x0000000088700000, 0x0000000088800000, 0x0000000088800000|100%| E|CS|TAMS 0x0000000088700000| PB 0x0000000088700000| Complete 
| 136|0x0000000088800000, 0x0000000088900000, 0x0000000088900000|100%| E|CS|TAMS 0x0000000088800000| PB 0x0000000088800000| Complete 
| 137|0x0000000088900000, 0x0000000088a00000, 0x0000000088a00000|100%| E|CS|TAMS 0x0000000088900000| PB 0x0000000088900000| Complete 
| 138|0x0000000088a00000, 0x0000000088b00000, 0x0000000088b00000|100%| E|CS|TAMS 0x0000000088a00000| PB 0x0000000088a00000| Complete 
| 139|0x0000000088b00000, 0x0000000088c00000, 0x0000000088c00000|100%| E|CS|TAMS 0x0000000088b00000| PB 0x0000000088b00000| Complete 
| 140|0x0000000088c00000, 0x0000000088d00000, 0x0000000088d00000|100%| E|CS|TAMS 0x0000000088c00000| PB 0x0000000088c00000| Complete 
| 141|0x0000000088d00000, 0x0000000088e00000, 0x0000000088e00000|100%| E|CS|TAMS 0x0000000088d00000| PB 0x0000000088d00000| Complete 
| 142|0x0000000088e00000, 0x0000000088f00000, 0x0000000088f00000|100%| E|CS|TAMS 0x0000000088e00000| PB 0x0000000088e00000| Complete 
| 143|0x0000000088f00000, 0x0000000089000000, 0x0000000089000000|100%| E|CS|TAMS 0x0000000088f00000| PB 0x0000000088f00000| Complete 
| 144|0x0000000089000000, 0x0000000089100000, 0x0000000089100000|100%| E|CS|TAMS 0x0000000089000000| PB 0x0000000089000000| Complete 
| 145|0x0000000089100000, 0x0000000089200000, 0x0000000089200000|100%| E|CS|TAMS 0x0000000089100000| PB 0x0000000089100000| Complete 
| 146|0x0000000089200000, 0x0000000089300000, 0x0000000089300000|100%| E|CS|TAMS 0x0000000089200000| PB 0x0000000089200000| Complete 
| 147|0x0000000089300000, 0x0000000089400000, 0x0000000089400000|100%| E|CS|TAMS 0x0000000089300000| PB 0x0000000089300000| Complete 
| 148|0x0000000089400000, 0x0000000089500000, 0x0000000089500000|100%| E|CS|TAMS 0x0000000089400000| PB 0x0000000089400000| Complete 
| 149|0x0000000089500000, 0x0000000089600000, 0x0000000089600000|100%| E|CS|TAMS 0x0000000089500000| PB 0x0000000089500000| Complete 
| 150|0x0000000089600000, 0x0000000089700000, 0x0000000089700000|100%| E|CS|TAMS 0x0000000089600000| PB 0x0000000089600000| Complete 
| 151|0x0000000089700000, 0x0000000089800000, 0x0000000089800000|100%| E|CS|TAMS 0x0000000089700000| PB 0x0000000089700000| Complete 
| 152|0x0000000089800000, 0x0000000089900000, 0x0000000089900000|100%| E|CS|TAMS 0x0000000089800000| PB 0x0000000089800000| Complete 
| 153|0x0000000089900000, 0x0000000089a00000, 0x0000000089a00000|100%| E|CS|TAMS 0x0000000089900000| PB 0x0000000089900000| Complete 
| 154|0x0000000089a00000, 0x0000000089b00000, 0x0000000089b00000|100%| E|CS|TAMS 0x0000000089a00000| PB 0x0000000089a00000| Complete 
| 155|0x0000000089b00000, 0x0000000089c00000, 0x0000000089c00000|100%| E|CS|TAMS 0x0000000089b00000| PB 0x0000000089b00000| Complete 
| 156|0x0000000089c00000, 0x0000000089d00000, 0x0000000089d00000|100%| E|CS|TAMS 0x0000000089c00000| PB 0x0000000089c00000| Complete 
| 157|0x0000000089d00000, 0x0000000089e00000, 0x0000000089e00000|100%| E|CS|TAMS 0x0000000089d00000| PB 0x0000000089d00000| Complete 
| 158|0x0000000089e00000, 0x0000000089f00000, 0x0000000089f00000|100%| E|CS|TAMS 0x0000000089e00000| PB 0x0000000089e00000| Complete 
| 159|0x0000000089f00000, 0x000000008a000000, 0x000000008a000000|100%| E|CS|TAMS 0x0000000089f00000| PB 0x0000000089f00000| Complete 
| 160|0x000000008a000000, 0x000000008a100000, 0x000000008a100000|100%| E|CS|TAMS 0x000000008a000000| PB 0x000000008a000000| Complete 
| 161|0x000000008a100000, 0x000000008a200000, 0x000000008a200000|100%| E|CS|TAMS 0x000000008a100000| PB 0x000000008a100000| Complete 
| 162|0x000000008a200000, 0x000000008a300000, 0x000000008a300000|100%| E|CS|TAMS 0x000000008a200000| PB 0x000000008a200000| Complete 
| 163|0x000000008a300000, 0x000000008a400000, 0x000000008a400000|100%| E|CS|TAMS 0x000000008a300000| PB 0x000000008a300000| Complete 
| 164|0x000000008a400000, 0x000000008a500000, 0x000000008a500000|100%| E|CS|TAMS 0x000000008a400000| PB 0x000000008a400000| Complete 
|2034|0x00000000ff200000, 0x00000000ff300000, 0x00000000ff300000|100%| E|CS|TAMS 0x00000000ff200000| PB 0x00000000ff200000| Complete 
|2035|0x00000000ff300000, 0x00000000ff400000, 0x00000000ff400000|100%| O|  |TAMS 0x00000000ff300000| PB 0x00000000ff300000| Untracked 
|2036|0x00000000ff400000, 0x00000000ff500000, 0x00000000ff500000|100%| O|  |TAMS 0x00000000ff400000| PB 0x00000000ff400000| Untracked 
|2037|0x00000000ff500000, 0x00000000ff600000, 0x00000000ff600000|100%| E|CS|TAMS 0x00000000ff500000| PB 0x00000000ff500000| Complete 
|2038|0x00000000ff600000, 0x00000000ff700000, 0x00000000ff700000|100%| E|CS|TAMS 0x00000000ff600000| PB 0x00000000ff600000| Complete 
|2039|0x00000000ff700000, 0x00000000ff800000, 0x00000000ff800000|100%| O|  |TAMS 0x00000000ff700000| PB 0x00000000ff700000| Untracked 
|2040|0x00000000ff800000, 0x00000000ff900000, 0x00000000ff900000|100%| O|  |TAMS 0x00000000ff800000| PB 0x00000000ff800000| Untracked 
|2041|0x00000000ff900000, 0x00000000ffa00000, 0x00000000ffa00000|100%| O|  |TAMS 0x00000000ff900000| PB 0x00000000ff900000| Untracked 
|2042|0x00000000ffa00000, 0x00000000ffb00000, 0x00000000ffb00000|100%| O|  |TAMS 0x00000000ffa00000| PB 0x00000000ffa00000| Untracked 
|2043|0x00000000ffb00000, 0x00000000ffc00000, 0x00000000ffc00000|100%| O|  |TAMS 0x00000000ffb00000| PB 0x00000000ffb00000| Untracked 
|2044|0x00000000ffc00000, 0x00000000ffd00000, 0x00000000ffd00000|100%| O|  |TAMS 0x00000000ffc00000| PB 0x00000000ffc00000| Untracked 
|2045|0x00000000ffd00000, 0x00000000ffe00000, 0x00000000ffe00000|100%| O|  |TAMS 0x00000000ffd00000| PB 0x00000000ffd00000| Untracked 
|2046|0x00000000ffe00000, 0x00000000fff00000, 0x00000000fff00000|100%| O|  |TAMS 0x00000000ffe00000| PB 0x00000000ffe00000| Untracked 
|2047|0x00000000fff00000, 0x0000000100000000, 0x0000000100000000|100%| O|  |TAMS 0x00000000fff00000| PB 0x00000000fff00000| Untracked 

Card table byte_map: [0x0000026635d10000,0x0000026636110000] _byte_map_base: 0x0000026635910000

Marking Bits: (CMBitMap*) 0x00000266202b6590
 Bits: [0x0000026636110000, 0x0000026638110000)

Polling page: 0x0000026620320000

Metaspace:

Usage:
  Non-class:    106.83 MB used.
      Class:     15.78 MB used.
       Both:    122.61 MB used.

Virtual space:
  Non-class space:      128.00 MB reserved,     107.94 MB ( 84%) committed,  2 nodes.
      Class space:        1.00 GB reserved,      16.94 MB (  2%) committed,  1 nodes.
             Both:        1.12 GB reserved,     124.88 MB ( 11%) committed. 

Chunk freelists:
   Non-Class:  3.78 MB
       Class:  15.11 MB
        Both:  18.89 MB

MaxMetaspaceSize: unlimited
CompressedClassSpaceSize: 1.00 GB
Initial GC threshold: 21.00 MB
Current GC threshold: 192.19 MB
CDS: off
 - commit_granule_bytes: 65536.
 - commit_granule_words: 8192.
 - virtual_space_node_default_size: 8388608.
 - enlarge_chunks_in_place: 1.
 - use_allocation_guard: 0.


Internal statistics:

num_allocs_failed_limit: 9.
num_arena_births: 4282.
num_arena_deaths: 0.
num_vsnodes_births: 3.
num_vsnodes_deaths: 0.
num_space_committed: 1996.
num_space_uncommitted: 0.
num_chunks_returned_to_freelist: 9.
num_chunks_taken_from_freelist: 9179.
num_chunk_merges: 6.
num_chunk_splits: 6359.
num_chunks_enlarged: 4337.
num_inconsistent_stats: 0.

CodeHeap 'non-profiled nmethods': size=119168Kb used=5885Kb max_used=5885Kb free=113282Kb
 bounds [0x000002662d4e0000, 0x000002662daa0000, 0x0000026634940000]
CodeHeap 'profiled nmethods': size=119104Kb used=25158Kb max_used=25158Kb free=93945Kb
 bounds [0x0000026625940000, 0x00000266271e0000, 0x000002662cd90000]
CodeHeap 'non-nmethods': size=7488Kb used=3918Kb max_used=3918Kb free=3569Kb
 bounds [0x000002662cd90000, 0x000002662d1e0000, 0x000002662d4e0000]
 total_blobs=12635 nmethods=11706 adapters=828
 compilation: enabled
              stopped_count=0, restarted_count=0
 full_count=0

Compilation events (20 events):
Event: 23.619 Thread 0x000002663b547f50 nmethod 13227 0x00000266271a1f10 code [0x00000266271a22a0, 0x00000266271a3718]
Event: 23.646 Thread 0x0000026643763c90 13233       3       org.jetbrains.kotlin.ir.symbols.impl.IrBindableSymbolBase::isOriginalDescriptor (45 bytes)
Event: 23.646 Thread 0x0000026646417920 13230       1       org.jetbrains.kotlin.ir.descriptors.IrBasedDeclarationDescriptor::getOwner (5 bytes)
Event: 23.646 Thread 0x000002663b547f50 13231       1       kotlin.collections.IndexedValue::component1 (5 bytes)
Event: 23.646 Thread 0x000002663b37cbc0 13232       1       kotlin.collections.IndexedValue::component2 (5 bytes)
Event: 23.646 Thread 0x000002663b37cbc0 nmethod 13232 0x000002662da99a90 code [0x000002662da99c20, 0x000002662da99ce8]
Event: 23.646 Thread 0x0000026646417920 nmethod 13230 0x000002662da99d90 code [0x000002662da99f20, 0x000002662da99fe8]
Event: 23.646 Thread 0x000002663b547f50 nmethod 13231 0x000002662da9a090 code [0x000002662da9a220, 0x000002662da9a2e8]
Event: 23.647 Thread 0x000002664604c8e0 13219       4       java.net.URLClassLoader$1::run (5 bytes)
Event: 23.647 Thread 0x0000026643763c90 nmethod 13233 0x00000266271a3e10 code [0x00000266271a4020, 0x00000266271a4870]
Event: 23.649 Thread 0x000002663b547f50 13236       3       jdk.internal.jrtfs.JrtPath::getResolved (49 bytes)
Event: 23.649 Thread 0x0000026646417920 13235       3       jdk.internal.jrtfs.JrtPath::toAbsolutePath (44 bytes)
Event: 23.650 Thread 0x000002663b37cbc0 13237       1       org.jetbrains.kotlin.load.java.lazy.descriptors.LazyJavaClassDescriptor::access$getAdditionalSupertypeClassDescriptor$p (5 bytes)
Event: 23.650 Thread 0x000002663b37cbc0 nmethod 13237 0x000002662da9a390 code [0x000002662da9a520, 0x000002662da9a5d0]
Event: 23.650 Thread 0x000002663b547f50 nmethod 13236 0x00000266271a4a10 code [0x00000266271a4c60, 0x00000266271a5588]
Event: 23.650 Thread 0x0000026646417920 nmethod 13235 0x00000266271a5990 code [0x00000266271a5c40, 0x00000266271a6a28]
Event: 23.651 Thread 0x000002663b37cbc0 13238       2       org.jetbrains.kotlin.types.ClassifierBasedTypeConstructor::hashCode (61 bytes)
Event: 23.652 Thread 0x000002663b37cbc0 nmethod 13238 0x00000266271a6f90 code [0x00000266271a71c0, 0x00000266271a75c0]
Event: 23.652 Thread 0x000002663b547f50 13239       1       org.jetbrains.kotlin.load.java.lazy.descriptors.LazyJavaScope::getDeclaredMemberIndex (5 bytes)
Event: 23.652 Thread 0x000002663b547f50 nmethod 13239 0x000002662da9a690 code [0x000002662da9a820, 0x000002662da9a8e8]

GC Heap History (20 events):
Event: 12.493 GC heap before
{Heap before GC invocations=27 (full 0):
 garbage-first heap   total 129024K, used 120634K [0x0000000080000000, 0x0000000100000000)
  region size 1024K, 44 young (45056K), 2 survivors (2048K)
 Metaspace       used 95619K, committed 97536K, reserved 1179648K
  class space    used 12943K, committed 13888K, reserved 1048576K
}
Event: 12.497 GC heap after
{Heap after GC invocations=28 (full 0):
 garbage-first heap   total 129024K, used 81210K [0x0000000080000000, 0x0000000100000000)
  region size 1024K, 6 young (6144K), 6 survivors (6144K)
 Metaspace       used 95619K, committed 97536K, reserved 1179648K
  class space    used 12943K, committed 13888K, reserved 1048576K
}
Event: 12.626 GC heap before
{Heap before GC invocations=28 (full 0):
 garbage-first heap   total 129024K, used 115002K [0x0000000080000000, 0x0000000100000000)
  region size 1024K, 39 young (39936K), 6 survivors (6144K)
 Metaspace       used 95746K, committed 97664K, reserved 1179648K
  class space    used 12947K, committed 13888K, reserved 1048576K
}
Event: 12.634 GC heap after
{Heap after GC invocations=29 (full 0):
 garbage-first heap   total 131072K, used 83968K [0x0000000080000000, 0x0000000100000000)
  region size 1024K, 5 young (5120K), 5 survivors (5120K)
 Metaspace       used 95746K, committed 97664K, reserved 1179648K
  class space    used 12947K, committed 13888K, reserved 1048576K
}
Event: 13.151 GC heap before
{Heap before GC invocations=30 (full 0):
 garbage-first heap   total 140288K, used 114688K [0x0000000080000000, 0x0000000100000000)
  region size 1024K, 35 young (35840K), 5 survivors (5120K)
 Metaspace       used 96475K, committed 98368K, reserved 1179648K
  class space    used 13052K, committed 13952K, reserved 1048576K
}
Event: 13.157 GC heap after
{Heap after GC invocations=31 (full 0):
 garbage-first heap   total 140288K, used 91036K [0x0000000080000000, 0x0000000100000000)
  region size 1024K, 5 young (5120K), 5 survivors (5120K)
 Metaspace       used 96475K, committed 98368K, reserved 1179648K
  class space    used 13052K, committed 13952K, reserved 1048576K
}
Event: 16.972 GC heap before
{Heap before GC invocations=31 (full 0):
 garbage-first heap   total 140288K, used 129948K [0x0000000080000000, 0x0000000100000000)
  region size 1024K, 36 young (36864K), 5 survivors (5120K)
 Metaspace       used 100561K, committed 102400K, reserved 1179648K
  class space    used 13493K, committed 14400K, reserved 1048576K
}
Event: 16.976 GC heap after
{Heap after GC invocations=32 (full 0):
 garbage-first heap   total 140288K, used 100709K [0x0000000080000000, 0x0000000100000000)
  region size 1024K, 3 young (3072K), 3 survivors (3072K)
 Metaspace       used 100561K, committed 102400K, reserved 1179648K
  class space    used 13493K, committed 14400K, reserved 1048576K
}
Event: 17.415 GC heap before
{Heap before GC invocations=32 (full 0):
 garbage-first heap   total 140288K, used 126309K [0x0000000080000000, 0x0000000100000000)
  region size 1024K, 28 young (28672K), 3 survivors (3072K)
 Metaspace       used 103398K, committed 105280K, reserved 1179648K
  class space    used 13780K, committed 14720K, reserved 1048576K
}
Event: 17.418 GC heap after
{Heap after GC invocations=33 (full 0):
 garbage-first heap   total 140288K, used 103315K [0x0000000080000000, 0x0000000100000000)
  region size 1024K, 3 young (3072K), 3 survivors (3072K)
 Metaspace       used 103398K, committed 105280K, reserved 1179648K
  class space    used 13780K, committed 14720K, reserved 1048576K
}
Event: 17.762 GC heap before
{Heap before GC invocations=34 (full 0):
 garbage-first heap   total 174080K, used 125843K [0x0000000080000000, 0x0000000100000000)
  region size 1024K, 26 young (26624K), 3 survivors (3072K)
 Metaspace       used 106441K, committed 108352K, reserved 1179648K
  class space    used 14033K, committed 14976K, reserved 1048576K
}
Event: 17.765 GC heap after
{Heap after GC invocations=35 (full 0):
 garbage-first heap   total 174080K, used 105482K [0x0000000080000000, 0x0000000100000000)
  region size 1024K, 3 young (3072K), 3 survivors (3072K)
 Metaspace       used 106441K, committed 108352K, reserved 1179648K
  class space    used 14033K, committed 14976K, reserved 1048576K
}
Event: 18.430 GC heap before
{Heap before GC invocations=35 (full 0):
 garbage-first heap   total 174080K, used 152586K [0x0000000080000000, 0x0000000100000000)
  region size 1024K, 50 young (51200K), 3 survivors (3072K)
 Metaspace       used 112081K, committed 114304K, reserved 1179648K
  class space    used 14764K, committed 15872K, reserved 1048576K
}
Event: 18.434 GC heap after
{Heap after GC invocations=36 (full 0):
 garbage-first heap   total 174080K, used 106770K [0x0000000080000000, 0x0000000100000000)
  region size 1024K, 5 young (5120K), 5 survivors (5120K)
 Metaspace       used 112081K, committed 114304K, reserved 1179648K
  class space    used 14764K, committed 15872K, reserved 1048576K
}
Event: 18.843 GC heap before
{Heap before GC invocations=36 (full 0):
 garbage-first heap   total 174080K, used 128274K [0x0000000080000000, 0x0000000100000000)
  region size 1024K, 27 young (27648K), 5 survivors (5120K)
 Metaspace       used 115767K, committed 118016K, reserved 1179648K
  class space    used 15221K, committed 16384K, reserved 1048576K
}
Event: 18.847 GC heap after
{Heap after GC invocations=37 (full 0):
 garbage-first heap   total 174080K, used 108149K [0x0000000080000000, 0x0000000100000000)
  region size 1024K, 5 young (5120K), 5 survivors (5120K)
 Metaspace       used 115767K, committed 118016K, reserved 1179648K
  class space    used 15221K, committed 16384K, reserved 1048576K
}
Event: 21.726 GC heap before
{Heap before GC invocations=38 (full 0):
 garbage-first heap   total 183296K, used 159349K [0x0000000080000000, 0x0000000100000000)
  region size 1024K, 54 young (55296K), 5 survivors (5120K)
 Metaspace       used 118208K, committed 120448K, reserved 1179648K
  class space    used 15488K, committed 16640K, reserved 1048576K
}
Event: 21.731 GC heap after
{Heap after GC invocations=39 (full 0):
 garbage-first heap   total 183296K, used 111657K [0x0000000080000000, 0x0000000100000000)
  region size 1024K, 5 young (5120K), 5 survivors (5120K)
 Metaspace       used 118208K, committed 120448K, reserved 1179648K
  class space    used 15488K, committed 16640K, reserved 1048576K
}
Event: 22.868 GC heap before
{Heap before GC invocations=39 (full 0):
 garbage-first heap   total 183296K, used 164905K [0x0000000080000000, 0x0000000100000000)
  region size 1024K, 57 young (58368K), 5 survivors (5120K)
 Metaspace       used 120871K, committed 123072K, reserved 1179648K
  class space    used 15746K, committed 16896K, reserved 1048576K
}
Event: 22.873 GC heap after
{Heap after GC invocations=40 (full 0):
 garbage-first heap   total 183296K, used 115329K [0x0000000080000000, 0x0000000100000000)
  region size 1024K, 8 young (8192K), 8 survivors (8192K)
 Metaspace       used 120871K, committed 123072K, reserved 1179648K
  class space    used 15746K, committed 16896K, reserved 1048576K
}

Dll operation events (3 events):
Event: 0.024 Loaded shared library C:\Program Files\JetBrains\IntelliJ IDEA 2024.2.2\jbr\bin\java.dll
Event: 0.030 Loaded shared library C:\Program Files\JetBrains\IntelliJ IDEA 2024.2.2\jbr\bin\zip.dll
Event: 0.734 Loaded shared library C:\Program Files\JetBrains\IntelliJ IDEA 2024.2.2\jbr\bin\verify.dll

Deoptimization events (20 events):
Event: 23.458 Thread 0x0000026641964700 Uncommon trap: trap_request=0xffffff45 fr.pc=0x000002662d60c0b8 relative=0x0000000000000278
Event: 23.458 Thread 0x0000026641964700 Uncommon trap: reason=unstable_if action=reinterpret pc=0x000002662d60c0b8 method=java.util.concurrent.ConcurrentHashMap.get(Ljava/lang/Object;)Ljava/lang/Object; @ 76 c2
Event: 23.458 Thread 0x0000026641964700 DEOPT PACKING pc=0x000002662d60c0b8 sp=0x000000844b3eea60
Event: 23.458 Thread 0x0000026641964700 DEOPT UNPACKING pc=0x000002662cde46a2 sp=0x000000844b3ee9d8 mode 2
Event: 23.458 Thread 0x0000026641964700 Uncommon trap: trap_request=0xffffffc6 fr.pc=0x000002662d905e34 relative=0x00000000000011f4
Event: 23.458 Thread 0x0000026641964700 Uncommon trap: reason=bimorphic_or_optimized_type_check action=maybe_recompile pc=0x000002662d905e34 method=java.util.concurrent.ConcurrentHashMap.putVal(Ljava/lang/Object;Ljava/lang/Object;Z)Ljava/lang/Object; @ 242 c2
Event: 23.458 Thread 0x0000026641964700 DEOPT PACKING pc=0x000002662d905e34 sp=0x000000844b3ee9c0
Event: 23.458 Thread 0x0000026641964700 DEOPT UNPACKING pc=0x000002662cde46a2 sp=0x000000844b3ee940 mode 2
Event: 23.458 Thread 0x0000026641964700 Uncommon trap: trap_request=0xffffffc6 fr.pc=0x000002662d905e34 relative=0x00000000000011f4
Event: 23.458 Thread 0x0000026641964700 Uncommon trap: reason=bimorphic_or_optimized_type_check action=maybe_recompile pc=0x000002662d905e34 method=java.util.concurrent.ConcurrentHashMap.putVal(Ljava/lang/Object;Ljava/lang/Object;Z)Ljava/lang/Object; @ 242 c2
Event: 23.458 Thread 0x0000026641964700 DEOPT PACKING pc=0x000002662d905e34 sp=0x000000844b3ee9c0
Event: 23.458 Thread 0x0000026641964700 DEOPT UNPACKING pc=0x000002662cde46a2 sp=0x000000844b3ee940 mode 2
Event: 23.458 Thread 0x0000026641964700 Uncommon trap: trap_request=0xffffff45 fr.pc=0x000002662da8cbfc relative=0x000000000000077c
Event: 23.458 Thread 0x0000026641964700 Uncommon trap: reason=unstable_if action=reinterpret pc=0x000002662da8cbfc method=java.math.BigInteger.compareMagnitude(Ljava/math/BigInteger;)I @ 61 c2
Event: 23.458 Thread 0x0000026641964700 DEOPT PACKING pc=0x000002662da8cbfc sp=0x000000844b3eeb80
Event: 23.458 Thread 0x0000026641964700 DEOPT UNPACKING pc=0x000002662cde46a2 sp=0x000000844b3ee860 mode 2
Event: 23.458 Thread 0x0000026641964700 Uncommon trap: trap_request=0xffffff45 fr.pc=0x000002662da71bd0 relative=0x0000000000000190
Event: 23.458 Thread 0x0000026641964700 Uncommon trap: reason=unstable_if action=reinterpret pc=0x000002662da71bd0 method=java.math.BigInteger.compareMagnitude(Ljava/math/BigInteger;)I @ 61 c2
Event: 23.458 Thread 0x0000026641964700 DEOPT PACKING pc=0x000002662da71bd0 sp=0x000000844b3ee990
Event: 23.458 Thread 0x0000026641964700 DEOPT UNPACKING pc=0x000002662cde46a2 sp=0x000000844b3ee820 mode 2

Classes loaded (20 events):
Event: 12.951 Loading class java/util/concurrent/LinkedBlockingDeque$Itr
Event: 13.035 Loading class java/util/concurrent/LinkedBlockingDeque$AbstractItr
Event: 13.036 Loading class java/util/concurrent/LinkedBlockingDeque$AbstractItr done
Event: 13.036 Loading class java/util/concurrent/LinkedBlockingDeque$Itr done
Event: 18.227 Loading class java/text/StringCharacterIterator
Event: 18.228 Loading class java/text/CharacterIterator
Event: 18.228 Loading class java/text/CharacterIterator done
Event: 18.228 Loading class java/text/StringCharacterIterator done
Event: 18.257 Loading class java/io/NotSerializableException
Event: 18.258 Loading class java/io/NotSerializableException done
Event: 18.327 Loading class java/util/AbstractList$ListItr
Event: 18.327 Loading class java/util/AbstractList$ListItr done
Event: 18.543 Loading class java/util/function/IntUnaryOperator
Event: 18.544 Loading class java/util/function/IntUnaryOperator done
Event: 18.602 Loading class java/util/AbstractList$SubList
Event: 18.602 Loading class java/util/AbstractList$SubList done
Event: 18.602 Loading class java/util/AbstractList$SubList$1
Event: 18.602 Loading class java/util/AbstractList$SubList$1 done
Event: 22.570 Loading class java/util/AbstractList$RandomAccessSubList
Event: 22.570 Loading class java/util/AbstractList$RandomAccessSubList done

Classes unloaded (0 events):
No events

Classes redefined (0 events):
No events

Internal exceptions (20 events):
Event: 11.578 Thread 0x0000026641964700 Exception <a 'java/lang/NoSuchMethodError'{0x0000000085ed4320}: 'int java.lang.invoke.DelegatingMethodHandle$Holder.reinvoke_L(java.lang.Object, java.lang.Object, java.lang.Object, long, java.lang.Object, java.lang.Object)'> (0x0000000085ed4320) 
thrown [s\src\hotspot\share\interpreter\linkResolver.cpp, line 784]
Event: 11.578 Thread 0x0000026641964700 Exception <a 'java/lang/NoSuchMethodError'{0x0000000085ee3788}: 'int java.lang.invoke.DelegatingMethodHandle$Holder.reinvoke_L(java.lang.Object, java.lang.Object, java.lang.Object, long, int, int)'> (0x0000000085ee3788) 
thrown [s\src\hotspot\share\interpreter\linkResolver.cpp, line 784]
Event: 11.579 Thread 0x0000026641964700 Exception <a 'java/lang/NoSuchMethodError'{0x0000000085ef29a0}: 'int java.lang.invoke.DelegatingMethodHandle$Holder.reinvoke_L(java.lang.Object, java.lang.Object, java.lang.Object, long, long, long)'> (0x0000000085ef29a0) 
thrown [s\src\hotspot\share\interpreter\linkResolver.cpp, line 784]
Event: 11.579 Thread 0x0000026641964700 Exception <a 'java/lang/NoSuchMethodError'{0x0000000085d01d38}: 'int java.lang.invoke.DelegatingMethodHandle$Holder.reinvoke_L(java.lang.Object, java.lang.Object, java.lang.Object, long, int)'> (0x0000000085d01d38) 
thrown [s\src\hotspot\share\interpreter\linkResolver.cpp, line 784]
Event: 12.350 Thread 0x0000026641964700 Exception <a 'java/lang/NoSuchMethodError'{0x0000000085863f50}: 'java.lang.Object java.lang.invoke.Invokers$Holder.invokeExact_MT(java.lang.Object, java.lang.Object, long, java.lang.Object)'> (0x0000000085863f50) 
thrown [s\src\hotspot\share\interpreter\linkResolver.cpp, line 784]
Event: 12.401 Thread 0x0000026641964700 Exception <a 'java/lang/NoSuchMethodError'{0x00000000856abcc8}: 'long java.lang.invoke.DirectMethodHandle$Holder.invokeStatic(java.lang.Object, java.lang.Object, int)'> (0x00000000856abcc8) 
thrown [s\src\hotspot\share\interpreter\linkResolver.cpp, line 784]
Event: 12.401 Thread 0x0000026641964700 Exception <a 'java/lang/NoSuchMethodError'{0x00000000856b8038}: 'java.lang.Object java.lang.invoke.DelegatingMethodHandle$Holder.reinvoke_L(java.lang.Object, int, long, java.lang.Object, java.lang.Object, int, java.lang.Object)'> (0x00000000856b8038) 
thrown [s\src\hotspot\share\interpreter\linkResolver.cpp, line 784]
Event: 12.450 Thread 0x0000026641964700 Implicit null exception at 0x000002662d5132e3 to 0x000002662d513e60
Event: 12.579 Thread 0x0000026641964700 Implicit null exception at 0x000002662d7c2430 to 0x000002662d7c4468
Event: 17.826 Thread 0x0000026641964700 Exception <a 'java/lang/NoSuchMethodError'{0x0000000089826970}: 'java.lang.Object java.lang.invoke.DirectMethodHandle$Holder.newInvokeSpecial(java.lang.Object, java.lang.Object, java.lang.Object, java.lang.Object, java.lang.Object, java.lang.Object, java.lang.Object, java.lang.Object, java.lang.Object, java.lang.Object, java.lang.Object, java.lang.Object, java.lang.Object, java.lang.Object, java.lang.Object, java.lang.Object, java.lang.Object, java.lang.Object, java.lang.Object, java.lang.Object, java.lang
Event: 17.839 Thread 0x0000026641964700 Exception <a 'java/lang/NoSuchMethodError'{0x00000000896096e8}: 'java.lang.Object java.lang.invoke.DirectMethodHandle$Holder.newInvokeSpecial(java.lang.Object, java.lang.Object, java.lang.Object, java.lang.Object, java.lang.Object, java.lang.Object, java.lang.Object, java.lang.Object, java.lang.Object, java.lang.Object, java.lang.Object, java.lang.Object, java.lang.Object, java.lang.Object, java.lang.Object, java.lang.Object, java.lang.Object, java.lang.Object, java.lang.Object, java.lang.Object)'> (0x0000
Event: 17.839 Thread 0x0000026641964700 Exception <a 'java/lang/NoSuchMethodError'{0x0000000089610dc0}: 'java.lang.Object java.lang.invoke.DirectMethodHandle$Holder.invokeSpecial(java.lang.Object, java.lang.Object, java.lang.Object, java.lang.Object, java.lang.Object, java.lang.Object, java.lang.Object, java.lang.Object, java.lang.Object, java.lang.Object, java.lang.Object, java.lang.Object, java.lang.Object, java.lang.Object, java.lang.Object, java.lang.Object, java.lang.Object, java.lang.Object, java.lang.Object, java.lang.Object, java.lang.Ob
Event: 17.839 Thread 0x0000026641964700 Exception <a 'java/lang/NoSuchMethodError'{0x0000000089616fe8}: 'java.lang.Object java.lang.invoke.DelegatingMethodHandle$Holder.reinvoke_L(java.lang.Object, java.lang.Object, java.lang.Object, java.lang.Object, java.lang.Object, java.lang.Object, java.lang.Object, java.lang.Object, java.lang.Object, java.lang.Object, java.lang.Object, java.lang.Object, java.lang.Object, java.lang.Object, java.lang.Object, java.lang.Object, java.lang.Object, java.lang.Object, java.lang.Object, java.lang.Object)'> (0x000000
Event: 17.868 Thread 0x0000026641964700 Exception <a 'java/lang/NoSuchMethodError'{0x00000000894a53b8}: 'java.lang.Object java.lang.invoke.DirectMethodHandle$Holder.newInvokeSpecial(java.lang.Object, java.lang.Object, java.lang.Object, java.lang.Object, java.lang.Object, java.lang.Object, java.lang.Object, java.lang.Object, java.lang.Object, java.lang.Object, java.lang.Object, java.lang.Object, java.lang.Object, java.lang.Object, java.lang.Object, java.lang.Object, java.lang.Object, java.lang.Object)'> (0x00000000894a53b8) 
thrown [s\src\hotspot
Event: 17.868 Thread 0x0000026641964700 Exception <a 'java/lang/NoSuchMethodError'{0x00000000894ac3e8}: 'java.lang.Object java.lang.invoke.DirectMethodHandle$Holder.invokeSpecial(java.lang.Object, java.lang.Object, java.lang.Object, java.lang.Object, java.lang.Object, java.lang.Object, java.lang.Object, java.lang.Object, java.lang.Object, java.lang.Object, java.lang.Object, java.lang.Object, java.lang.Object, java.lang.Object, java.lang.Object, java.lang.Object, java.lang.Object, java.lang.Object, java.lang.Object)'> (0x00000000894ac3e8) 
thrown
Event: 17.868 Thread 0x0000026641964700 Exception <a 'java/lang/NoSuchMethodError'{0x00000000894b2278}: 'java.lang.Object java.lang.invoke.DelegatingMethodHandle$Holder.reinvoke_L(java.lang.Object, java.lang.Object, java.lang.Object, java.lang.Object, java.lang.Object, java.lang.Object, java.lang.Object, java.lang.Object, java.lang.Object, java.lang.Object, java.lang.Object, java.lang.Object, java.lang.Object, java.lang.Object, java.lang.Object, java.lang.Object, java.lang.Object, java.lang.Object)'> (0x00000000894b2278) 
thrown [s\src\hotspot\s
Event: 17.876 Thread 0x0000026641964700 Exception <a 'java/lang/NoSuchMethodError'{0x0000000089349d00}: 'java.lang.Object java.lang.invoke.DirectMethodHandle$Holder.newInvokeSpecial(java.lang.Object, java.lang.Object, java.lang.Object, java.lang.Object, java.lang.Object, java.lang.Object, java.lang.Object, java.lang.Object, java.lang.Object, java.lang.Object, java.lang.Object, java.lang.Object, java.lang.Object, java.lang.Object, java.lang.Object, java.lang.Object, java.lang.Object, java.lang.Object, java.lang.Object, java.lang.Object, java.lang
Event: 22.800 Thread 0x0000026641964700 Exception <a 'java/lang/IncompatibleClassChangeError'{0x0000000087720b08}: Found class java.lang.Object, but interface was expected> (0x0000000087720b08) 
thrown [s\src\hotspot\share\interpreter\linkResolver.cpp, line 851]
Event: 22.813 Thread 0x0000026641964700 Exception <a 'java/lang/NoSuchMethodError'{0x00000000877a5120}: 'int java.lang.invoke.DirectMethodHandle$Holder.invokeStaticInit(java.lang.Object, int)'> (0x00000000877a5120) 
thrown [s\src\hotspot\share\interpreter\linkResolver.cpp, line 784]
Event: 22.987 Thread 0x0000026641964700 Exception <a 'java/lang/NoSuchMethodError'{0x000000008a1c8c68}: 'int java.lang.invoke.DirectMethodHandle$Holder.invokeSpecial(java.lang.Object, java.lang.Object, int, int)'> (0x000000008a1c8c68) 
thrown [s\src\hotspot\share\interpreter\linkResolver.cpp, line 784]

ZGC Phase Switch (0 events):
No events

VM Operations (20 events):
Event: 23.138 Executing VM operation: HandshakeAllThreads (Deoptimize)
Event: 23.139 Executing VM operation: HandshakeAllThreads (Deoptimize) done
Event: 23.140 Executing VM operation: HandshakeAllThreads (Deoptimize)
Event: 23.141 Executing VM operation: HandshakeAllThreads (Deoptimize) done
Event: 23.163 Executing VM operation: HandshakeAllThreads (Deoptimize)
Event: 23.163 Executing VM operation: HandshakeAllThreads (Deoptimize) done
Event: 23.186 Executing VM operation: ICBufferFull
Event: 23.186 Executing VM operation: ICBufferFull done
Event: 23.282 Executing VM operation: ICBufferFull
Event: 23.282 Executing VM operation: ICBufferFull done
Event: 23.353 Executing VM operation: ICBufferFull
Event: 23.354 Executing VM operation: ICBufferFull done
Event: 23.464 Executing VM operation: HandshakeAllThreads (Deoptimize)
Event: 23.464 Executing VM operation: HandshakeAllThreads (Deoptimize) done
Event: 23.596 Executing VM operation: HandshakeAllThreads (Deoptimize)
Event: 23.596 Executing VM operation: HandshakeAllThreads (Deoptimize) done
Event: 23.602 Executing VM operation: HandshakeAllThreads (Deoptimize)
Event: 23.602 Executing VM operation: HandshakeAllThreads (Deoptimize) done
Event: 23.628 Executing VM operation: HandshakeAllThreads (Deoptimize)
Event: 23.628 Executing VM operation: HandshakeAllThreads (Deoptimize) done

Memory protections (0 events):
No events

Nmethod flushes (20 events):
Event: 18.889 Thread 0x000002662009c580 flushing  nmethod 0x00000266267c2810
Event: 18.889 Thread 0x000002662009c580 flushing  nmethod 0x00000266267c3690
Event: 18.889 Thread 0x000002662009c580 flushing  nmethod 0x00000266267c6b10
Event: 18.889 Thread 0x000002662009c580 flushing  nmethod 0x00000266267cab90
Event: 18.889 Thread 0x000002662009c580 flushing  nmethod 0x000002662d62a990
Event: 18.889 Thread 0x000002662009c580 flushing  nmethod 0x0000026625b62990
Event: 18.889 Thread 0x000002662009c580 flushing  nmethod 0x0000026625be3190
Event: 18.889 Thread 0x000002662009c580 flushing  nmethod 0x0000026625c6c390
Event: 18.889 Thread 0x000002662009c580 flushing  nmethod 0x0000026625ccfc10
Event: 18.889 Thread 0x000002662009c580 flushing  nmethod 0x0000026625ccff10
Event: 18.889 Thread 0x000002662009c580 flushing  nmethod 0x0000026625ff9b90
Event: 18.889 Thread 0x000002662009c580 flushing  nmethod 0x00000266267a8c10
Event: 18.889 Thread 0x000002662009c580 flushing  nmethod 0x000002662d75bc10
Event: 18.889 Thread 0x000002662009c580 flushing  nmethod 0x000002662d80a910
Event: 18.889 Thread 0x000002662009c580 flushing  nmethod 0x0000026625cf2590
Event: 18.889 Thread 0x000002662009c580 flushing  nmethod 0x0000026625daa990
Event: 18.889 Thread 0x000002662009c580 flushing  nmethod 0x0000026625feea90
Event: 18.889 Thread 0x000002662009c580 flushing  nmethod 0x0000026626152490
Event: 18.889 Thread 0x000002662009c580 flushing  nmethod 0x0000026626152d90
Event: 18.889 Thread 0x000002662009c580 flushing  nmethod 0x0000026626271b90

Events (20 events):
Event: 20.239 Thread 0x000002663b547f50 Thread added: 0x0000026646417920
Event: 21.430 Thread 0x00000266435b27e0 Thread exited: 0x00000266435b27e0
Event: 21.430 Thread 0x0000026646417920 Thread exited: 0x0000026646417920
Event: 21.430 Thread 0x000002663b547f50 Thread exited: 0x000002663b547f50
Event: 21.513 Thread 0x000002663b37cbc0 Thread added: 0x000002663b547f50
Event: 21.705 Thread 0x000002663b547f50 Thread added: 0x0000026646417920
Event: 21.705 Thread 0x000002663b547f50 Thread added: 0x0000026643763c90
Event: 21.712 Thread 0x000002663b547f50 Thread added: 0x0000026645311ef0
Event: 21.754 Thread 0x000002663b37a500 Thread added: 0x000002664604c8e0
Event: 21.880 Thread 0x000002664604c8e0 Thread exited: 0x000002664604c8e0
Event: 21.947 Thread 0x000002663b37cbc0 Thread added: 0x000002664604c8e0
Event: 22.099 Thread 0x000002664604c8e0 Thread exited: 0x000002664604c8e0
Event: 22.099 Thread 0x0000026645311ef0 Thread exited: 0x0000026645311ef0
Event: 22.484 Thread 0x000002663b547f50 Thread added: 0x000002664604c8e0
Event: 22.485 Thread 0x000002663b547f50 Thread added: 0x0000026646415200
Event: 22.822 Thread 0x0000026646415200 Thread exited: 0x0000026646415200
Event: 23.049 Thread 0x000002663b37cbc0 Thread added: 0x000002664537dc30
Event: 23.573 Thread 0x000002664537dc30 Thread exited: 0x000002664537dc30
Event: 23.606 Thread 0x000002664604c8e0 Thread exited: 0x000002664604c8e0
Event: 23.646 Thread 0x000002663b37cbc0 Thread added: 0x000002664604c8e0


Dynamic libraries:
0x00007ff723bd0000 - 0x00007ff723bda000 	C:\Program Files\JetBrains\IntelliJ IDEA 2024.2.2\jbr\bin\java.exe
0x00007fffa8690000 - 0x00007fffa88a7000 	C:\WINDOWS\SYSTEM32\ntdll.dll
0x00007fffa7ce0000 - 0x00007fffa7da4000 	C:\WINDOWS\System32\KERNEL32.DLL
0x00007fffa59a0000 - 0x00007fffa5d57000 	C:\WINDOWS\System32\KERNELBASE.dll
0x00007fffa62a0000 - 0x00007fffa63b1000 	C:\WINDOWS\System32\ucrtbase.dll
0x00007fff97a00000 - 0x00007fff97a1b000 	C:\Program Files\JetBrains\IntelliJ IDEA 2024.2.2\jbr\bin\VCRUNTIME140.dll
0x00007fff8a4b0000 - 0x00007fff8a4c8000 	C:\Program Files\JetBrains\IntelliJ IDEA 2024.2.2\jbr\bin\jli.dll
0x00007fffa6600000 - 0x00007fffa67af000 	C:\WINDOWS\System32\USER32.dll
0x00007fff895a0000 - 0x00007fff89833000 	C:\WINDOWS\WinSxS\amd64_microsoft.windows.common-controls_6595b64144ccf1df_6.0.22621.3672_none_2713b9d173822955\COMCTL32.dll
0x00007fffa5fe0000 - 0x00007fffa6006000 	C:\WINDOWS\System32\win32u.dll
0x00007fffa76f0000 - 0x00007fffa7797000 	C:\WINDOWS\System32\msvcrt.dll
0x00007fffa6dc0000 - 0x00007fffa6de9000 	C:\WINDOWS\System32\GDI32.dll
0x00007fffa5e50000 - 0x00007fffa5f68000 	C:\WINDOWS\System32\gdi32full.dll
0x00007fffa6010000 - 0x00007fffa60aa000 	C:\WINDOWS\System32\msvcp_win.dll
0x00007fffa8160000 - 0x00007fffa8191000 	C:\WINDOWS\System32\IMM32.DLL
0x00007fffa1620000 - 0x00007fffa162c000 	C:\Program Files\JetBrains\IntelliJ IDEA 2024.2.2\jbr\bin\vcruntime140_1.dll
0x00007fff86060000 - 0x00007fff860ed000 	C:\Program Files\JetBrains\IntelliJ IDEA 2024.2.2\jbr\bin\msvcp140.dll
0x00007fff690e0000 - 0x00007fff69e97000 	C:\Program Files\JetBrains\IntelliJ IDEA 2024.2.2\jbr\bin\server\jvm.dll
0x00007fffa6540000 - 0x00007fffa65f2000 	C:\WINDOWS\System32\ADVAPI32.dll
0x00007fffa8520000 - 0x00007fffa85c8000 	C:\WINDOWS\System32\sechost.dll
0x00007fffa5e20000 - 0x00007fffa5e48000 	C:\WINDOWS\System32\bcrypt.dll
0x00007fffa7e20000 - 0x00007fffa7f34000 	C:\WINDOWS\System32\RPCRT4.dll
0x00007fffa64c0000 - 0x00007fffa6531000 	C:\WINDOWS\System32\WS2_32.dll
0x00007fffa5870000 - 0x00007fffa58bd000 	C:\WINDOWS\SYSTEM32\POWRPROF.dll
0x00007fffa1550000 - 0x00007fffa1584000 	C:\WINDOWS\SYSTEM32\WINMM.dll
0x00007fff9df00000 - 0x00007fff9df0a000 	C:\WINDOWS\SYSTEM32\VERSION.dll
0x00007fffa5850000 - 0x00007fffa5863000 	C:\WINDOWS\SYSTEM32\UMPDC.dll
0x00007fffa49f0000 - 0x00007fffa4a08000 	C:\WINDOWS\SYSTEM32\kernel.appcore.dll
0x00007fff979d0000 - 0x00007fff979da000 	C:\Program Files\JetBrains\IntelliJ IDEA 2024.2.2\jbr\bin\jimage.dll
0x00007fffa3400000 - 0x00007fffa3632000 	C:\WINDOWS\SYSTEM32\DBGHELP.DLL
0x00007fffa6a10000 - 0x00007fffa6d9e000 	C:\WINDOWS\System32\combase.dll
0x00007fffa63e0000 - 0x00007fffa64b7000 	C:\WINDOWS\System32\OLEAUT32.dll
0x00007fff95480000 - 0x00007fff954b2000 	C:\WINDOWS\SYSTEM32\dbgcore.DLL
0x00007fffa6220000 - 0x00007fffa629b000 	C:\WINDOWS\System32\bcryptPrimitives.dll
0x00007fff97960000 - 0x00007fff9796e000 	C:\Program Files\JetBrains\IntelliJ IDEA 2024.2.2\jbr\bin\instrument.dll
0x00007fff97890000 - 0x00007fff978af000 	C:\Program Files\JetBrains\IntelliJ IDEA 2024.2.2\jbr\bin\java.dll
0x00007fff8dd60000 - 0x00007fff8dd78000 	C:\Program Files\JetBrains\IntelliJ IDEA 2024.2.2\jbr\bin\zip.dll
0x00007fffa6df0000 - 0x00007fffa7659000 	C:\WINDOWS\System32\SHELL32.dll
0x00007fffa3910000 - 0x00007fffa420f000 	C:\WINDOWS\SYSTEM32\windows.storage.dll
0x00007fffa37d0000 - 0x00007fffa390f000 	C:\WINDOWS\SYSTEM32\wintypes.dll
0x00007fffa7f60000 - 0x00007fffa8059000 	C:\WINDOWS\System32\SHCORE.dll
0x00007fffa81a0000 - 0x00007fffa81fe000 	C:\WINDOWS\System32\shlwapi.dll
0x00007fffa58d0000 - 0x00007fffa58f7000 	C:\WINDOWS\SYSTEM32\profapi.dll
0x00007fff979c0000 - 0x00007fff979d0000 	C:\Program Files\JetBrains\IntelliJ IDEA 2024.2.2\jbr\bin\net.dll
0x00007fffa1340000 - 0x00007fffa1476000 	C:\WINDOWS\SYSTEM32\WINHTTP.dll
0x00007fffa4e60000 - 0x00007fffa4ec9000 	C:\WINDOWS\system32\mswsock.dll
0x00007fff8dd40000 - 0x00007fff8dd56000 	C:\Program Files\JetBrains\IntelliJ IDEA 2024.2.2\jbr\bin\nio.dll
0x00007fff97980000 - 0x00007fff97990000 	C:\Program Files\JetBrains\IntelliJ IDEA 2024.2.2\jbr\bin\verify.dll
0x00007fff8b620000 - 0x00007fff8b647000 	C:\Users\Giovani\.gradle\native\c067742578af261105cb4f569cf0c3c89f3d7b1fecec35dd04571415982c5e48\windows-amd64\native-platform.dll
0x00007fff89d50000 - 0x00007fff89e94000 	C:\Users\Giovani\.gradle\native\38dada09dfb8b06ba9b0570ebf7e218e3eb74d4ef43ca46872605cf95ebc2f47\windows-amd64\native-platform-file-events.dll
0x00007fff8d9d0000 - 0x00007fff8d9d9000 	C:\Program Files\JetBrains\IntelliJ IDEA 2024.2.2\jbr\bin\management.dll
0x00007fff8d9c0000 - 0x00007fff8d9cb000 	C:\Program Files\JetBrains\IntelliJ IDEA 2024.2.2\jbr\bin\management_ext.dll
0x00007fffa7e10000 - 0x00007fffa7e18000 	C:\WINDOWS\System32\PSAPI.DLL
0x00007fffa50c0000 - 0x00007fffa50db000 	C:\WINDOWS\SYSTEM32\CRYPTSP.dll
0x00007fffa4950000 - 0x00007fffa4985000 	C:\WINDOWS\system32\rsaenh.dll
0x00007fffa4f50000 - 0x00007fffa4f78000 	C:\WINDOWS\SYSTEM32\USERENV.dll
0x00007fffa50b0000 - 0x00007fffa50bc000 	C:\WINDOWS\SYSTEM32\CRYPTBASE.dll
0x00007fffa44b0000 - 0x00007fffa44dd000 	C:\WINDOWS\SYSTEM32\IPHLPAPI.DLL
0x00007fffa77a0000 - 0x00007fffa77a9000 	C:\WINDOWS\System32\NSI.dll
0x00007fff978c0000 - 0x00007fff978c9000 	C:\Program Files\JetBrains\IntelliJ IDEA 2024.2.2\jbr\bin\extnet.dll
0x00007fff978f0000 - 0x00007fff978fe000 	C:\Program Files\JetBrains\IntelliJ IDEA 2024.2.2\jbr\bin\sunmscapi.dll
0x00007fffa60b0000 - 0x00007fffa6216000 	C:\WINDOWS\System32\CRYPT32.dll
0x00007fffa5270000 - 0x00007fffa529d000 	C:\WINDOWS\SYSTEM32\ncrypt.dll
0x00007fffa5230000 - 0x00007fffa5267000 	C:\WINDOWS\SYSTEM32\NTASN1.dll
0x00007fff8a3a0000 - 0x00007fff8a3a8000 	C:\WINDOWS\system32\wshunix.dll

dbghelp: loaded successfully - version: 4.0.5 - missing functions: none
symbol engine: initialized successfully - sym options: 0x614 - pdb path: .;C:\Program Files\JetBrains\IntelliJ IDEA 2024.2.2\jbr\bin;C:\WINDOWS\SYSTEM32;C:\WINDOWS\WinSxS\amd64_microsoft.windows.common-controls_6595b64144ccf1df_6.0.22621.3672_none_2713b9d173822955;C:\Program Files\JetBrains\IntelliJ IDEA 2024.2.2\jbr\bin\server;C:\Users\Giovani\.gradle\native\c067742578af261105cb4f569cf0c3c89f3d7b1fecec35dd04571415982c5e48\windows-amd64;C:\Users\Giovani\.gradle\native\38dada09dfb8b06ba9b0570ebf7e218e3eb74d4ef43ca46872605cf95ebc2f47\windows-amd64

VM Arguments:
jvm_args: --add-opens=java.base/java.util=ALL-UNNAMED --add-opens=java.base/java.lang=ALL-UNNAMED --add-opens=java.base/java.lang.invoke=ALL-UNNAMED --add-opens=java.prefs/java.util.prefs=ALL-UNNAMED --add-opens=java.base/java.nio.charset=ALL-UNNAMED --add-opens=java.base/java.net=ALL-UNNAMED --add-opens=java.base/java.util.concurrent.atomic=ALL-UNNAMED -Xmx2048m -Dfile.encoding=UTF-8 -Duser.country=BR -Duser.language=pt -Duser.variant -javaagent:C:\Users\Giovani\.gradle\wrapper\dists\gradle-8.7-bin\bhs2wmbdwecv87pi65oeuq5iu\gradle-8.7\lib\agents\gradle-instrumentation-agent-8.7.jar 
java_command: org.gradle.launcher.daemon.bootstrap.GradleDaemon 8.7
java_class_path (initial): C:\Users\Giovani\.gradle\wrapper\dists\gradle-8.7-bin\bhs2wmbdwecv87pi65oeuq5iu\gradle-8.7\lib\gradle-launcher-8.7.jar
Launcher Type: SUN_STANDARD

[Global flags]
     intx CICompilerCount                          = 12                                        {product} {ergonomic}
     uint ConcGCThreads                            = 3                                         {product} {ergonomic}
     uint G1ConcRefinementThreads                  = 13                                        {product} {ergonomic}
   size_t G1HeapRegionSize                         = 1048576                                   {product} {ergonomic}
    uintx GCDrainStackTargetSize                   = 64                                        {product} {ergonomic}
   size_t InitialHeapSize                          = 98566144                                  {product} {ergonomic}
   size_t MarkStackSize                            = 4194304                                   {product} {ergonomic}
   size_t MaxHeapSize                              = 2147483648                                {product} {command line}
   size_t MaxNewSize                               = 1287651328                                {product} {ergonomic}
   size_t MinHeapDeltaBytes                        = 1048576                                   {product} {ergonomic}
   size_t MinHeapSize                              = 8388608                                   {product} {ergonomic}
    uintx NonNMethodCodeHeapSize                   = 7602480                                {pd product} {ergonomic}
    uintx NonProfiledCodeHeapSize                  = 122027880                              {pd product} {ergonomic}
    uintx ProfiledCodeHeapSize                     = 122027880                              {pd product} {ergonomic}
    uintx ReservedCodeCacheSize                    = 251658240                              {pd product} {ergonomic}
     bool SegmentedCodeCache                       = true                                      {product} {ergonomic}
   size_t SoftMaxHeapSize                          = 2147483648                             {manageable} {ergonomic}
     bool UseCompressedOops                        = true                           {product lp64_product} {ergonomic}
     bool UseG1GC                                  = true                                      {product} {ergonomic}
     bool UseLargePagesIndividualAllocation        = false                                  {pd product} {ergonomic}

Logging:
Log output configuration:
 #0: stdout all=warning uptime,level,tags foldmultilines=false
 #1: stderr all=off uptime,level,tags foldmultilines=false

Environment Variables:
JAVA_HOME=C:\Program Files\Java\jdk-22
PATH=C:\Program Files\Common Files\Oracle\Java\javapath;C:\WINDOWS\system32;C:\WINDOWS;C:\WINDOWS\System32\Wbem;C:\WINDOWS\System32\WindowsPowerShell\v1.0\;C:\WINDOWS\System32\OpenSSH\;C:\Program Files\apache-maven-3.9.9\bin;C:\Program Files\nodejs\;C:\ProgramData\chocolatey\bin;C:\Program Files\MySQL\MySQL Shell 8.0\bin\;C:\Users\Giovani\AppData\Local\Programs\Python\Python312\Scripts\;C:\Users\Giovani\AppData\Local\Programs\Python\Python312\;C:\Users\Giovani\AppData\Local\Microsoft\WindowsApps;C:\Users\Giovani\AppData\Local\Programs\Microsoft VS Code\bin;C:\Program Files\JetBrains\IntelliJ IDEA 2024.2.2\bin;;C:\Users\Giovani\AppData\Roaming\npm;C:\Program Files\Git\cmd;C:\Program Files\Git\bin;
USERNAME=Giovani
OS=Windows_NT
PROCESSOR_IDENTIFIER=AMD64 Family 23 Model 104 Stepping 1, AuthenticAMD
TMP=C:\Users\Giovani\AppData\Local\Temp
TEMP=C:\Users\Giovani\AppData\Local\Temp




Periodic native trim disabled

JNI global refs:
JNI global refs: 38, weak refs: 13

JNI global refs memory usage: 835, weak refs: 833

Process memory usage:
Resident Set Size: 403192K (6% of 6149880K total physical memory with 706896K free physical memory)

OOME stack traces (most recent first):
Classloader memory used:
Loader org.gradle.internal.classloader.VisitableURLClassLoader                         : 76467K
Loader bootstrap                                                                       : 27881K
Loader org.gradle.initialization.MixInLegacyTypesClassLoader                           : 10128K
Loader org.gradle.internal.classloader.VisitableURLClassLoader$InstrumentingVisitableURLClassLoader: 9625K
Loader jdk.internal.loader.ClassLoaders$PlatformClassLoader                            : 602K
Loader jdk.internal.jrtfs.JrtFileSystemProvider$JrtFsLoader                            : 333K
Loader jdk.internal.loader.ClassLoaders$AppClassLoader                                 : 230K
Loader jdk.internal.reflect.DelegatingClassLoader                                      : 154K
Loader org.gradle.internal.classloader.VisitableURLClassLoader                         : 139K


[error occurred during error reporting (Classloader stats), id 0xe0000001, Out of Memory Error (s\src\hotspot\share\memory\arena.cpp:168)]
---------------  S Y S T E M  ---------------

OS:
 Windows 11 , 64 bit Build 22621 (10.0.22621.3958)
OS uptime: 1 days 0:20 hours

CPU: total 16 (initial active 16) (16 cores per cpu, 2 threads per core) family 23 model 104 stepping 1 microcode 0x0, cx8, cmov, fxsr, ht, mmx, 3dnowpref, sse, sse2, sse3, ssse3, sse4a, sse4.1, sse4.2, popcnt, lzcnt, tsc, tscinvbit, avx, avx2, aes, clmul, bmi1, bmi2, adx, sha, fma, vzeroupper, clflush, clflushopt, rdtscp, rdpid, f16c
Processor Information for all 16 processors :
  Max Mhz: 1801, Current Mhz: 1801, Mhz Limit: 1801

Memory: 4k page, system-wide physical 6005M (685M free)
TotalPageFile size 24437M (AvailPageFile size 1M)
current process WorkingSet (physical memory assigned to process): 395M, peak: 395M
current process commit charge ("private bytes"): 535M, peak: 536M

vm_info: OpenJDK 64-Bit Server VM (21.0.4+13-b509.17) for windows-amd64 JRE (21.0.4+13-b509.17), built on 2024-09-04 by "builduser" with MS VC++ 16.10 / 16.11 (VS2019)

END.
