#
# There is insufficient memory for the Java Runtime Environment to continue.
# Native memory allocation (malloc) failed to allocate 2384112 bytes. Error detail: Chunk::new
# Possible reasons:
#   The system is out of physical RAM or swap space
#   This process is running with CompressedOops enabled, and the Java Heap may be blocking the growth of the native heap
# Possible solutions:
#   Reduce memory load on the system
#   Increase physical memory or swap space
#   Check if swap backing store is full
#   Decrease Java heap size (-Xmx/-Xms)
#   Decrease number of Java threads
#   Decrease Java thread stack sizes (-Xss)
#   Set larger code cache with -XX:ReservedCodeCacheSize=
#   JVM is running with Unscaled Compressed Oops mode in which the Java heap is
#     placed in the first 4GB address space. The Java Heap base address is the
#     maximum limit for the native heap growth. Please use -XX:HeapBaseMinAddress
#     to set the Java Heap base and to place the Java Heap above 4GB virtual address.
# This output file may be truncated or incomplete.
#
#  Out of Memory Error (arena.cpp:168), pid=36652, tid=32112
#
# JRE version: OpenJDK Runtime Environment JBR-21.0.4+13-509.17-jcef (21.0.4+13) (build 21.0.4+13-b509.17)
# Java VM: OpenJDK 64-Bit Server VM JBR-21.0.4+13-509.17-jcef (21.0.4+13-b509.17, mixed mode, tiered, compressed oops, compressed class ptrs, g1 gc, windows-amd64)
# No core dump will be written. Minidumps are not enabled by default on client versions of Windows
#

---------------  S U M M A R Y ------------

Command Line: --add-opens=java.base/java.util=ALL-UNNAMED --add-opens=java.base/java.lang=ALL-UNNAMED --add-opens=java.base/java.lang.invoke=ALL-UNNAMED --add-opens=java.prefs/java.util.prefs=ALL-UNNAMED --add-opens=java.base/java.nio.charset=ALL-UNNAMED --add-opens=java.base/java.net=ALL-UNNAMED --add-opens=java.base/java.util.concurrent.atomic=ALL-UNNAMED -Xmx2048m -Dfile.encoding=UTF-8 -Duser.country=BR -Duser.language=pt -Duser.variant -javaagent:C:\Users\Giovani\.gradle\wrapper\dists\gradle-8.7-bin\bhs2wmbdwecv87pi65oeuq5iu\gradle-8.7\lib\agents\gradle-instrumentation-agent-8.7.jar org.gradle.launcher.daemon.bootstrap.GradleDaemon 8.7

Host: AMD Ryzen 7 5700U with Radeon Graphics         , 16 cores, 5G,  Windows 11 , 64 bit Build 22621 (10.0.22621.3958)
Time: Sat Nov  2 15:55:01 2024 Hora oficial do Brasil elapsed time: 19.954012 seconds (0d 0h 0m 19s)

---------------  T H R E A D  ---------------

Current thread (0x000001b5ee784de0):  JavaThread "C2 CompilerThread0" daemon [_thread_in_native, id=32112, stack(0x0000005ae6900000,0x0000005ae6a00000) (1024K)]


Current CompileTask:
C2:  19954 6396   !   4       java.net.URLClassLoader::findClass (47 bytes)

Stack: [0x0000005ae6900000,0x0000005ae6a00000]
Native frames: (J=compiled Java code, j=interpreted, Vv=VM code, C=native code)
V  [jvm.dll+0x6e36d9]
V  [jvm.dll+0x8c0bd3]
V  [jvm.dll+0x8c312e]
V  [jvm.dll+0x8c3813]
V  [jvm.dll+0x288256]
V  [jvm.dll+0xc613d]
V  [jvm.dll+0xc6673]
V  [jvm.dll+0x3c2f9b]
V  [jvm.dll+0x38ed77]
V  [jvm.dll+0x38e1ea]
V  [jvm.dll+0x24fb72]
V  [jvm.dll+0x24f141]
V  [jvm.dll+0x1cd074]
V  [jvm.dll+0x25e88c]
V  [jvm.dll+0x25cdd6]
V  [jvm.dll+0x3fdff6]
V  [jvm.dll+0x868868]
V  [jvm.dll+0x6e1edd]
C  [ucrtbase.dll+0x29333]
C  [KERNEL32.DLL+0x1257d]
C  [ntdll.dll+0x5af08]


---------------  P R O C E S S  ---------------

Threads class SMR info:
_java_thread_list=0x000001b5f76f9d40, length=66, elements={
0x000001b5d3391260, 0x000001b5ee7413d0, 0x000001b5ee741f30, 0x000001b5ee777e80,
0x000001b5ee79bc70, 0x000001b5ee79c6d0, 0x000001b5ee79d130, 0x000001b5ee784de0,
0x000001b5ee776a10, 0x000001b5ee92c1b0, 0x000001b5eeaa78d0, 0x000001b5f476ea10,
0x000001b5f476bf70, 0x000001b5f45bf400, 0x000001b5f46e75d0, 0x000001b5f475e2d0,
0x000001b5f48ecb40, 0x000001b5f48f4980, 0x000001b5f48f6a50, 0x000001b5f48f70e0,
0x000001b5f48f56a0, 0x000001b5f48f42f0, 0x000001b5f48f7770, 0x000001b5f48f5d30,
0x000001b5f48f5010, 0x000001b5f49b1d80, 0x000001b5f49b5890, 0x000001b5f49af620,
0x000001b5f49b5f20, 0x000001b5f49b3130, 0x000001b5f49b37c0, 0x000001b5f49b3e50,
0x000001b5f49b2410, 0x000001b5f49b44e0, 0x000001b5f49aef90, 0x000001b5f49afcb0,
0x000001b5f49b0340, 0x000001b5f49b65b0, 0x000001b5f49b4b70, 0x000001b5f49b09d0,
0x000001b5f49b2aa0, 0x000001b5f49b1060, 0x000001b5f49b16f0, 0x000001b5f49b5200,
0x000001b5f577d9b0, 0x000001b5f577d320, 0x000001b5f577b250, 0x000001b5f577e040,
0x000001b5f577ed60, 0x000001b5f577fa80, 0x000001b5f5780110, 0x000001b5f57807a0,
0x000001b5f577bf70, 0x000001b5f5780e30, 0x000001b5f577b8e0, 0x000001b5f57814c0,
0x000001b5f577a530, 0x000001b5f577c600, 0x000001b5f719e8c0, 0x000001b5f577cc90,
0x000001b5f7185960, 0x000001b5f7183200, 0x000001b5f32afd00, 0x000001b5f326fcf0,
0x000001b5f4df8230, 0x000001b5f7185ff0
}

Java Threads: ( => current thread )
  0x000001b5d3391260 JavaThread "main"                              [_thread_blocked, id=38416, stack(0x0000005ae5b00000,0x0000005ae5c00000) (1024K)]
  0x000001b5ee7413d0 JavaThread "Reference Handler"          daemon [_thread_blocked, id=3728, stack(0x0000005ae6300000,0x0000005ae6400000) (1024K)]
  0x000001b5ee741f30 JavaThread "Finalizer"                  daemon [_thread_blocked, id=29536, stack(0x0000005ae6400000,0x0000005ae6500000) (1024K)]
  0x000001b5ee777e80 JavaThread "Signal Dispatcher"          daemon [_thread_blocked, id=33936, stack(0x0000005ae6500000,0x0000005ae6600000) (1024K)]
  0x000001b5ee79bc70 JavaThread "Attach Listener"            daemon [_thread_blocked, id=28064, stack(0x0000005ae6600000,0x0000005ae6700000) (1024K)]
  0x000001b5ee79c6d0 JavaThread "Service Thread"             daemon [_thread_blocked, id=31852, stack(0x0000005ae6700000,0x0000005ae6800000) (1024K)]
  0x000001b5ee79d130 JavaThread "Monitor Deflation Thread"   daemon [_thread_blocked, id=18336, stack(0x0000005ae6800000,0x0000005ae6900000) (1024K)]
=>0x000001b5ee784de0 JavaThread "C2 CompilerThread0"         daemon [_thread_in_native, id=32112, stack(0x0000005ae6900000,0x0000005ae6a00000) (1024K)]
  0x000001b5ee776a10 JavaThread "C1 CompilerThread0"         daemon [_thread_blocked, id=19816, stack(0x0000005ae6a00000,0x0000005ae6b00000) (1024K)]
  0x000001b5ee92c1b0 JavaThread "Common-Cleaner"             daemon [_thread_blocked, id=33448, stack(0x0000005ae6b00000,0x0000005ae6c00000) (1024K)]
  0x000001b5eeaa78d0 JavaThread "Notification Thread"        daemon [_thread_blocked, id=37412, stack(0x0000005ae6c00000,0x0000005ae6d00000) (1024K)]
  0x000001b5f476ea10 JavaThread "Daemon health stats"               [_thread_blocked, id=6968, stack(0x0000005ae7100000,0x0000005ae7200000) (1024K)]
  0x000001b5f476bf70 JavaThread "Incoming local TCP Connector on port 56567"        [_thread_in_native, id=29344, stack(0x0000005ae7200000,0x0000005ae7300000) (1024K)]
  0x000001b5f45bf400 JavaThread "Daemon periodic checks"            [_thread_blocked, id=35028, stack(0x0000005ae7300000,0x0000005ae7400000) (1024K)]
  0x000001b5f46e75d0 JavaThread "Daemon"                            [_thread_blocked, id=35752, stack(0x0000005ae7400000,0x0000005ae7500000) (1024K)]
  0x000001b5f475e2d0 JavaThread "Handler for socket connection from /127.0.0.1:56567 to /127.0.0.1:56569"        [_thread_in_native, id=14156, stack(0x0000005ae7500000,0x0000005ae7600000) (1024K)]
  0x000001b5f48ecb40 JavaThread "Cancel handler"                    [_thread_blocked, id=24816, stack(0x0000005ae8000000,0x0000005ae8100000) (1024K)]
  0x000001b5f48f4980 JavaThread "Daemon worker"                     [_thread_in_Java, id=8672, stack(0x0000005ae8100000,0x0000005ae8200000) (1024K)]
  0x000001b5f48f6a50 JavaThread "Asynchronous log dispatcher for DefaultDaemonConnection: socket connection from /127.0.0.1:56567 to /127.0.0.1:56569"        [_thread_blocked, id=23792, stack(0x0000005ae8200000,0x0000005ae8300000) (1024K)]
  0x000001b5f48f70e0 JavaThread "Stdin handler"                     [_thread_blocked, id=15896, stack(0x0000005ae8300000,0x0000005ae8400000) (1024K)]
  0x000001b5f48f56a0 JavaThread "Daemon client event forwarder"        [_thread_blocked, id=35092, stack(0x0000005ae8400000,0x0000005ae8500000) (1024K)]
  0x000001b5f48f42f0 JavaThread "Cache worker for journal cache (C:\Users\Giovani\.gradle\caches\journal-1)"        [_thread_blocked, id=26296, stack(0x0000005ae8500000,0x0000005ae8600000) (1024K)]
  0x000001b5f48f7770 JavaThread "File lock request listener"        [_thread_in_native, id=9076, stack(0x0000005ae8600000,0x0000005ae8700000) (1024K)]
  0x000001b5f48f5d30 JavaThread "Cache worker for file hash cache (C:\Users\Giovani\.gradle\caches\8.7\fileHashes)"        [_thread_blocked, id=2188, stack(0x0000005ae8700000,0x0000005ae8800000) (1024K)]
  0x000001b5f48f5010 JavaThread "File lock release action executor"        [_thread_blocked, id=21008, stack(0x0000005ae8800000,0x0000005ae8900000) (1024K)]
  0x000001b5f49b1d80 JavaThread "Cache worker for file hash cache (C:\Users\Giovani\Abstifree\.gradle\8.7\fileHashes)"        [_thread_blocked, id=35032, stack(0x0000005ae8900000,0x0000005ae8a00000) (1024K)]
  0x000001b5f49b5890 JavaThread "File watcher server"        daemon [_thread_in_native, id=21976, stack(0x0000005ae8a00000,0x0000005ae8b00000) (1024K)]
  0x000001b5f49af620 JavaThread "File watcher consumer"      daemon [_thread_blocked, id=7740, stack(0x0000005ae8b00000,0x0000005ae8c00000) (1024K)]
  0x000001b5f49b5f20 JavaThread "jar transforms"                    [_thread_blocked, id=24440, stack(0x0000005ae8c00000,0x0000005ae8d00000) (1024K)]
  0x000001b5f49b3130 JavaThread "jar transforms Thread 2"           [_thread_blocked, id=30952, stack(0x0000005ae8d00000,0x0000005ae8e00000) (1024K)]
  0x000001b5f49b37c0 JavaThread "jar transforms Thread 3"           [_thread_blocked, id=31580, stack(0x0000005ae8e00000,0x0000005ae8f00000) (1024K)]
  0x000001b5f49b3e50 JavaThread "jar transforms Thread 4"           [_thread_blocked, id=18776, stack(0x0000005ae8f00000,0x0000005ae9000000) (1024K)]
  0x000001b5f49b2410 JavaThread "jar transforms Thread 5"           [_thread_blocked, id=9028, stack(0x0000005ae9000000,0x0000005ae9100000) (1024K)]
  0x000001b5f49b44e0 JavaThread "jar transforms Thread 6"           [_thread_blocked, id=10268, stack(0x0000005ae9100000,0x0000005ae9200000) (1024K)]
  0x000001b5f49aef90 JavaThread "jar transforms Thread 7"           [_thread_blocked, id=26600, stack(0x0000005ae9200000,0x0000005ae9300000) (1024K)]
  0x000001b5f49afcb0 JavaThread "jar transforms Thread 8"           [_thread_blocked, id=37856, stack(0x0000005ae9300000,0x0000005ae9400000) (1024K)]
  0x000001b5f49b0340 JavaThread "jar transforms Thread 9"           [_thread_blocked, id=18456, stack(0x0000005ae9400000,0x0000005ae9500000) (1024K)]
  0x000001b5f49b65b0 JavaThread "jar transforms Thread 10"          [_thread_blocked, id=8336, stack(0x0000005ae9500000,0x0000005ae9600000) (1024K)]
  0x000001b5f49b4b70 JavaThread "jar transforms Thread 11"          [_thread_blocked, id=37672, stack(0x0000005ae9600000,0x0000005ae9700000) (1024K)]
  0x000001b5f49b09d0 JavaThread "jar transforms Thread 12"          [_thread_blocked, id=8540, stack(0x0000005ae9700000,0x0000005ae9800000) (1024K)]
  0x000001b5f49b2aa0 JavaThread "jar transforms Thread 13"          [_thread_blocked, id=17992, stack(0x0000005ae9800000,0x0000005ae9900000) (1024K)]
  0x000001b5f49b1060 JavaThread "jar transforms Thread 14"          [_thread_blocked, id=21144, stack(0x0000005ae9900000,0x0000005ae9a00000) (1024K)]
  0x000001b5f49b16f0 JavaThread "jar transforms Thread 15"          [_thread_blocked, id=7060, stack(0x0000005ae9a00000,0x0000005ae9b00000) (1024K)]
  0x000001b5f49b5200 JavaThread "jar transforms Thread 16"          [_thread_blocked, id=13628, stack(0x0000005ae9b00000,0x0000005ae9c00000) (1024K)]
  0x000001b5f577d9b0 JavaThread "Cache worker for checksums cache (C:\Users\Giovani\Abstifree\.gradle\8.7\checksums)"        [_thread_blocked, id=32016, stack(0x0000005ae9c00000,0x0000005ae9d00000) (1024K)]
  0x000001b5f577d320 JavaThread "Cache worker for cache directory md-supplier (C:\Users\Giovani\.gradle\caches\8.7\md-supplier)"        [_thread_blocked, id=24296, stack(0x0000005ae9d00000,0x0000005ae9e00000) (1024K)]
  0x000001b5f577b250 JavaThread "Cache worker for cache directory md-rule (C:\Users\Giovani\.gradle\caches\8.7\md-rule)"        [_thread_blocked, id=28644, stack(0x0000005ae9e00000,0x0000005ae9f00000) (1024K)]
  0x000001b5f577e040 JavaThread "Cache worker for file content cache (C:\Users\Giovani\.gradle\caches\8.7\fileContent)"        [_thread_blocked, id=38680, stack(0x0000005ae9f00000,0x0000005aea000000) (1024K)]
  0x000001b5f577ed60 JavaThread "Unconstrained build operations"        [_thread_blocked, id=16328, stack(0x0000005aea000000,0x0000005aea100000) (1024K)]
  0x000001b5f577fa80 JavaThread "Unconstrained build operations Thread 2"        [_thread_blocked, id=10960, stack(0x0000005aea100000,0x0000005aea200000) (1024K)]
  0x000001b5f5780110 JavaThread "Unconstrained build operations Thread 3"        [_thread_blocked, id=22308, stack(0x0000005aea200000,0x0000005aea300000) (1024K)]
  0x000001b5f57807a0 JavaThread "Unconstrained build operations Thread 4"        [_thread_blocked, id=25636, stack(0x0000005aea300000,0x0000005aea400000) (1024K)]
  0x000001b5f577bf70 JavaThread "Unconstrained build operations Thread 5"        [_thread_blocked, id=29416, stack(0x0000005aea400000,0x0000005aea500000) (1024K)]
  0x000001b5f5780e30 JavaThread "Unconstrained build operations Thread 6"        [_thread_blocked, id=24052, stack(0x0000005aea500000,0x0000005aea600000) (1024K)]
  0x000001b5f577b8e0 JavaThread "Unconstrained build operations Thread 7"        [_thread_blocked, id=37884, stack(0x0000005aea600000,0x0000005aea700000) (1024K)]
  0x000001b5f57814c0 JavaThread "Unconstrained build operations Thread 8"        [_thread_blocked, id=920, stack(0x0000005aea700000,0x0000005aea800000) (1024K)]
  0x000001b5f577a530 JavaThread "Unconstrained build operations Thread 9"        [_thread_blocked, id=2780, stack(0x0000005aea800000,0x0000005aea900000) (1024K)]
  0x000001b5f577c600 JavaThread "Unconstrained build operations Thread 10"        [_thread_blocked, id=2372, stack(0x0000005aeaa00000,0x0000005aeab00000) (1024K)]
  0x000001b5f719e8c0 JavaThread "C1 CompilerThread1"         daemon [_thread_blocked, id=18868, stack(0x0000005aea900000,0x0000005aeaa00000) (1024K)]
  0x000001b5f577cc90 JavaThread "Unconstrained build operations Thread 11"        [_thread_blocked, id=2652, stack(0x0000005aeab00000,0x0000005aeac00000) (1024K)]
  0x000001b5f7185960 JavaThread "Unconstrained build operations Thread 12"        [_thread_blocked, id=17196, stack(0x0000005aeac00000,0x0000005aead00000) (1024K)]
  0x000001b5f7183200 JavaThread "Unconstrained build operations Thread 13"        [_thread_blocked, id=23896, stack(0x0000005aead00000,0x0000005aeae00000) (1024K)]
  0x000001b5f32afd00 JavaThread "C2 CompilerThread1"         daemon [_thread_in_native, id=23900, stack(0x0000005aeae00000,0x0000005aeaf00000) (1024K)]
  0x000001b5f326fcf0 JavaThread "C1 CompilerThread2"         daemon [_thread_blocked, id=30996, stack(0x0000005aeaf00000,0x0000005aeb000000) (1024K)]
  0x000001b5f4df8230 JavaThread "C1 CompilerThread3"         daemon [_thread_blocked, id=16032, stack(0x0000005aeb000000,0x0000005aeb100000) (1024K)]
  0x000001b5f7185ff0 JavaThread "Cache worker for Build Output Cleanup Cache (C:\Users\Giovani\Abstifree\.gradle\buildOutputCleanup)"        [_thread_blocked, id=19188, stack(0x0000005aeb100000,0x0000005aeb200000) (1024K)]
Total: 66

Other Threads:
  0x000001b5ee6dee90 VMThread "VM Thread"                           [id=34860, stack(0x0000005ae6200000,0x0000005ae6300000) (1024K)]
  0x000001b5ee5132f0 WatcherThread "VM Periodic Task Thread"        [id=1684, stack(0x0000005ae6100000,0x0000005ae6200000) (1024K)]
  0x000001b5d5673e30 WorkerThread "GC Thread#0"                     [id=29620, stack(0x0000005ae5c00000,0x0000005ae5d00000) (1024K)]
  0x000001b5f38d8b40 WorkerThread "GC Thread#1"                     [id=19084, stack(0x0000005ae6d00000,0x0000005ae6e00000) (1024K)]
  0x000001b5f38c20e0 WorkerThread "GC Thread#2"                     [id=3120, stack(0x0000005ae6e00000,0x0000005ae6f00000) (1024K)]
  0x000001b5f38c2c90 WorkerThread "GC Thread#3"                     [id=13508, stack(0x0000005ae6f00000,0x0000005ae7000000) (1024K)]
  0x000001b5f38f9e10 WorkerThread "GC Thread#4"                     [id=31048, stack(0x0000005ae7000000,0x0000005ae7100000) (1024K)]
  0x000001b5f46d2bc0 WorkerThread "GC Thread#5"                     [id=33416, stack(0x0000005ae7600000,0x0000005ae7700000) (1024K)]
  0x000001b5f466fb00 WorkerThread "GC Thread#6"                     [id=17468, stack(0x0000005ae7700000,0x0000005ae7800000) (1024K)]
  0x000001b5f46e40a0 WorkerThread "GC Thread#7"                     [id=35900, stack(0x0000005ae7800000,0x0000005ae7900000) (1024K)]
  0x000001b5f4598830 WorkerThread "GC Thread#8"                     [id=14916, stack(0x0000005ae7900000,0x0000005ae7a00000) (1024K)]
  0x000001b5f4598fe0 WorkerThread "GC Thread#9"                     [id=25644, stack(0x0000005ae7a00000,0x0000005ae7b00000) (1024K)]
  0x000001b5f45993d0 WorkerThread "GC Thread#10"                    [id=24548, stack(0x0000005ae7b00000,0x0000005ae7c00000) (1024K)]
  0x000001b5f459a5f0 WorkerThread "GC Thread#11"                    [id=20944, stack(0x0000005ae7c00000,0x0000005ae7d00000) (1024K)]
  0x000001b5f4599eb0 WorkerThread "GC Thread#12"                    [id=38220, stack(0x0000005ae7d00000,0x0000005ae7e00000) (1024K)]
  0x000001b5d5685e20 ConcurrentGCThread "G1 Main Marker"            [id=35016, stack(0x0000005ae5d00000,0x0000005ae5e00000) (1024K)]
  0x000001b5d5686ad0 WorkerThread "G1 Conc#0"                       [id=35628, stack(0x0000005ae5e00000,0x0000005ae5f00000) (1024K)]
  0x000001b5f459a250 WorkerThread "G1 Conc#1"                       [id=27752, stack(0x0000005ae7e00000,0x0000005ae7f00000) (1024K)]
  0x000001b5f459a990 WorkerThread "G1 Conc#2"                       [id=9328, stack(0x0000005ae7f00000,0x0000005ae8000000) (1024K)]
  0x000001b5ee3e61a0 ConcurrentGCThread "G1 Refine#0"               [id=21064, stack(0x0000005ae5f00000,0x0000005ae6000000) (1024K)]
  0x000001b5ee3e6c20 ConcurrentGCThread "G1 Service"                [id=27276, stack(0x0000005ae6000000,0x0000005ae6100000) (1024K)]
Total: 21

Threads with active compile tasks:
C2 CompilerThread0    20005 6396   !   4       java.net.URLClassLoader::findClass (47 bytes)
C2 CompilerThread1    20005 6397       4       java.net.URLClassLoader$1::run (5 bytes)
Total: 2

VM state: not at safepoint (normal execution)

VM Mutex/Monitor currently owned by a thread: None

Heap address: 0x0000000080000000, size: 2048 MB, Compressed Oops mode: 32-bit

CDS archive(s) not mapped
Compressed class space mapped at: 0x0000000100000000-0x0000000140000000, reserved size: 1073741824
Narrow klass base: 0x0000000000000000, Narrow klass shift: 3, Narrow klass range: 0x140000000

GC Precious Log:
 CardTable entry size: 512
 Card Set container configuration: InlinePtr #cards 5 size 8 Array Of Cards #cards 12 size 40 Howl #buckets 4 coarsen threshold 1843 Howl Bitmap #cards 512 size 80 coarsen threshold 460 Card regions per heap region 1 cards per card region 2048
 CPUs: 16 total, 16 available
 Memory: 6005M
 Large Page Support: Disabled
 NUMA Support: Disabled
 Compressed Oops: Enabled (32-bit)
 Heap Region Size: 1M
 Heap Min Capacity: 8M
 Heap Initial Capacity: 94M
 Heap Max Capacity: 2G
 Pre-touch: Disabled
 Parallel Workers: 13
 Concurrent Workers: 3
 Concurrent Refinement Workers: 13
 Periodic GC: Disabled

Heap:
 garbage-first heap   total 116736K, used 89537K [0x0000000080000000, 0x0000000100000000)
  region size 1024K, 25 young (25600K), 4 survivors (4096K)
 Metaspace       used 65132K, committed 66880K, reserved 1114112K
  class space    used 8684K, committed 9536K, reserved 1048576K

Heap Regions: E=young(eden), S=young(survivor), O=old, HS=humongous(starts), HC=humongous(continues), CS=collection set, F=free, TAMS=top-at-mark-start, PB=parsable bottom
|   0|0x0000000080000000, 0x0000000080100000, 0x0000000080100000|100%|HS|  |TAMS 0x0000000080000000| PB 0x0000000080000000| Complete 
|   1|0x0000000080100000, 0x0000000080200000, 0x0000000080200000|100%|HC|  |TAMS 0x0000000080100000| PB 0x0000000080100000| Complete 
|   2|0x0000000080200000, 0x0000000080300000, 0x0000000080300000|100%|HC|  |TAMS 0x0000000080200000| PB 0x0000000080200000| Complete 
|   3|0x0000000080300000, 0x0000000080400000, 0x0000000080400000|100%|HC|  |TAMS 0x0000000080300000| PB 0x0000000080300000| Complete 
|   4|0x0000000080400000, 0x0000000080500000, 0x0000000080500000|100%| O|  |TAMS 0x0000000080400000| PB 0x0000000080400000| Untracked 
|   5|0x0000000080500000, 0x0000000080600000, 0x0000000080600000|100%| O|  |TAMS 0x0000000080500000| PB 0x0000000080500000| Untracked 
|   6|0x0000000080600000, 0x0000000080700000, 0x0000000080700000|100%| O|  |TAMS 0x0000000080600000| PB 0x0000000080600000| Untracked 
|   7|0x0000000080700000, 0x0000000080800000, 0x0000000080800000|100%| O|  |TAMS 0x0000000080700000| PB 0x0000000080700000| Untracked 
|   8|0x0000000080800000, 0x0000000080900000, 0x0000000080900000|100%| O|  |TAMS 0x0000000080800000| PB 0x0000000080800000| Untracked 
|   9|0x0000000080900000, 0x0000000080a00000, 0x0000000080a00000|100%| O|  |TAMS 0x0000000080900000| PB 0x0000000080900000| Untracked 
|  10|0x0000000080a00000, 0x0000000080b00000, 0x0000000080b00000|100%| O|  |TAMS 0x0000000080a00000| PB 0x0000000080a00000| Untracked 
|  11|0x0000000080b00000, 0x0000000080c00000, 0x0000000080c00000|100%| O|  |TAMS 0x0000000080b00000| PB 0x0000000080b00000| Untracked 
|  12|0x0000000080c00000, 0x0000000080cbf0f0, 0x0000000080d00000| 74%| O|Cm|TAMS 0x0000000080c00000| PB 0x0000000080c00000| Complete 
|  13|0x0000000080d00000, 0x0000000080e00000, 0x0000000080e00000|100%|HS|  |TAMS 0x0000000080d00000| PB 0x0000000080d00000| Complete 
|  14|0x0000000080e00000, 0x0000000080f00000, 0x0000000080f00000|100%|HC|  |TAMS 0x0000000080e00000| PB 0x0000000080e00000| Complete 
|  15|0x0000000080f00000, 0x0000000081000000, 0x0000000081000000|100%|HC|  |TAMS 0x0000000080f00000| PB 0x0000000080f00000| Complete 
|  16|0x0000000081000000, 0x0000000081100000, 0x0000000081100000|100%|HC|  |TAMS 0x0000000081000000| PB 0x0000000081000000| Complete 
|  17|0x0000000081100000, 0x0000000081200000, 0x0000000081200000|100%|HC|  |TAMS 0x0000000081100000| PB 0x0000000081100000| Complete 
|  18|0x0000000081200000, 0x0000000081300000, 0x0000000081300000|100%|HS|  |TAMS 0x0000000081200000| PB 0x0000000081200000| Complete 
|  19|0x0000000081300000, 0x0000000081400000, 0x0000000081400000|100%|HC|  |TAMS 0x0000000081300000| PB 0x0000000081300000| Complete 
|  20|0x0000000081400000, 0x0000000081500000, 0x0000000081500000|100%|HC|  |TAMS 0x0000000081400000| PB 0x0000000081400000| Complete 
|  21|0x0000000081500000, 0x0000000081600000, 0x0000000081600000|100%|HS|  |TAMS 0x0000000081500000| PB 0x0000000081500000| Complete 
|  22|0x0000000081600000, 0x0000000081700000, 0x0000000081700000|100%|HC|  |TAMS 0x0000000081600000| PB 0x0000000081600000| Complete 
|  23|0x0000000081700000, 0x0000000081800000, 0x0000000081800000|100%| O|  |TAMS 0x0000000081700000| PB 0x0000000081700000| Untracked 
|  24|0x0000000081800000, 0x0000000081900000, 0x0000000081900000|100%|HS|  |TAMS 0x0000000081800000| PB 0x0000000081800000| Complete 
|  25|0x0000000081900000, 0x0000000081a00000, 0x0000000081a00000|100%| O|  |TAMS 0x0000000081900000| PB 0x0000000081900000| Untracked 
|  26|0x0000000081a00000, 0x0000000081b00000, 0x0000000081b00000|100%| O|  |TAMS 0x0000000081a00000| PB 0x0000000081a00000| Untracked 
|  27|0x0000000081b00000, 0x0000000081c00000, 0x0000000081c00000|100%| O|  |TAMS 0x0000000081b00000| PB 0x0000000081b00000| Untracked 
|  28|0x0000000081c00000, 0x0000000081d00000, 0x0000000081d00000|100%| O|  |TAMS 0x0000000081c00000| PB 0x0000000081c00000| Untracked 
|  29|0x0000000081d00000, 0x0000000081d00000, 0x0000000081e00000|  0%| F|  |TAMS 0x0000000081d00000| PB 0x0000000081d00000| Untracked 
|  30|0x0000000081e00000, 0x0000000081f00000, 0x0000000081f00000|100%| O|  |TAMS 0x0000000081e00000| PB 0x0000000081e00000| Untracked 
|  31|0x0000000081f00000, 0x0000000082000000, 0x0000000082000000|100%| O|  |TAMS 0x0000000081f00000| PB 0x0000000081f00000| Untracked 
|  32|0x0000000082000000, 0x0000000082100000, 0x0000000082100000|100%| O|  |TAMS 0x0000000082000000| PB 0x0000000082000000| Untracked 
|  33|0x0000000082100000, 0x0000000082200000, 0x0000000082200000|100%| O|  |TAMS 0x0000000082100000| PB 0x0000000082100000| Untracked 
|  34|0x0000000082200000, 0x0000000082300000, 0x0000000082300000|100%| O|  |TAMS 0x0000000082200000| PB 0x0000000082200000| Untracked 
|  35|0x0000000082300000, 0x0000000082400000, 0x0000000082400000|100%| O|  |TAMS 0x0000000082300000| PB 0x0000000082300000| Untracked 
|  36|0x0000000082400000, 0x0000000082500000, 0x0000000082500000|100%| O|  |TAMS 0x0000000082400000| PB 0x0000000082400000| Untracked 
|  37|0x0000000082500000, 0x0000000082600000, 0x0000000082600000|100%|HS|  |TAMS 0x0000000082500000| PB 0x0000000082500000| Complete 
|  38|0x0000000082600000, 0x0000000082700000, 0x0000000082700000|100%|HC|  |TAMS 0x0000000082600000| PB 0x0000000082600000| Complete 
|  39|0x0000000082700000, 0x0000000082800000, 0x0000000082800000|100%|HC|  |TAMS 0x0000000082700000| PB 0x0000000082700000| Complete 
|  40|0x0000000082800000, 0x0000000082900000, 0x0000000082900000|100%|HC|  |TAMS 0x0000000082800000| PB 0x0000000082800000| Complete 
|  41|0x0000000082900000, 0x0000000082a00000, 0x0000000082a00000|100%|HC|  |TAMS 0x0000000082900000| PB 0x0000000082900000| Complete 
|  42|0x0000000082a00000, 0x0000000082b00000, 0x0000000082b00000|100%| O|  |TAMS 0x0000000082a00000| PB 0x0000000082a00000| Untracked 
|  43|0x0000000082b00000, 0x0000000082c00000, 0x0000000082c00000|100%|HS|  |TAMS 0x0000000082b00000| PB 0x0000000082b00000| Complete 
|  44|0x0000000082c00000, 0x0000000082d00000, 0x0000000082d00000|100%|HC|  |TAMS 0x0000000082c00000| PB 0x0000000082c00000| Complete 
|  45|0x0000000082d00000, 0x0000000082e00000, 0x0000000082e00000|100%| O|  |TAMS 0x0000000082d00000| PB 0x0000000082d00000| Untracked 
|  46|0x0000000082e00000, 0x0000000082f00000, 0x0000000082f00000|100%| O|  |TAMS 0x0000000082e00000| PB 0x0000000082e00000| Untracked 
|  47|0x0000000082f00000, 0x0000000083000000, 0x0000000083000000|100%| O|  |TAMS 0x0000000082f00000| PB 0x0000000082f00000| Untracked 
|  48|0x0000000083000000, 0x0000000083100000, 0x0000000083100000|100%| O|  |TAMS 0x0000000083000000| PB 0x0000000083000000| Untracked 
|  49|0x0000000083100000, 0x0000000083100000, 0x0000000083200000|  0%| F|  |TAMS 0x0000000083100000| PB 0x0000000083100000| Untracked 
|  50|0x0000000083200000, 0x0000000083300000, 0x0000000083300000|100%|HS|  |TAMS 0x0000000083200000| PB 0x0000000083200000| Complete 
|  51|0x0000000083300000, 0x0000000083400000, 0x0000000083400000|100%|HC|  |TAMS 0x0000000083300000| PB 0x0000000083300000| Complete 
|  52|0x0000000083400000, 0x0000000083500000, 0x0000000083500000|100%|HC|  |TAMS 0x0000000083400000| PB 0x0000000083400000| Complete 
|  53|0x0000000083500000, 0x0000000083600000, 0x0000000083600000|100%|HC|  |TAMS 0x0000000083500000| PB 0x0000000083500000| Complete 
|  54|0x0000000083600000, 0x0000000083700000, 0x0000000083700000|100%|HC|  |TAMS 0x0000000083600000| PB 0x0000000083600000| Complete 
|  55|0x0000000083700000, 0x0000000083700000, 0x0000000083800000|  0%| F|  |TAMS 0x0000000083700000| PB 0x0000000083700000| Untracked 
|  56|0x0000000083800000, 0x0000000083800000, 0x0000000083900000|  0%| F|  |TAMS 0x0000000083800000| PB 0x0000000083800000| Untracked 
|  57|0x0000000083900000, 0x0000000083900000, 0x0000000083a00000|  0%| F|  |TAMS 0x0000000083900000| PB 0x0000000083900000| Untracked 
|  58|0x0000000083a00000, 0x0000000083ab1358, 0x0000000083b00000| 69%| S|CS|TAMS 0x0000000083a00000| PB 0x0000000083a00000| Complete 
|  59|0x0000000083b00000, 0x0000000083b00000, 0x0000000083c00000|  0%| F|  |TAMS 0x0000000083b00000| PB 0x0000000083b00000| Untracked 
|  60|0x0000000083c00000, 0x0000000083c00000, 0x0000000083d00000|  0%| F|  |TAMS 0x0000000083c00000| PB 0x0000000083c00000| Untracked 
|  61|0x0000000083d00000, 0x0000000083e00000, 0x0000000083e00000|100%| S|CS|TAMS 0x0000000083d00000| PB 0x0000000083d00000| Complete 
|  62|0x0000000083e00000, 0x0000000083f00000, 0x0000000083f00000|100%| S|CS|TAMS 0x0000000083e00000| PB 0x0000000083e00000| Complete 
|  63|0x0000000083f00000, 0x0000000084000000, 0x0000000084000000|100%| S|CS|TAMS 0x0000000083f00000| PB 0x0000000083f00000| Complete 
|  64|0x0000000084000000, 0x0000000084000000, 0x0000000084100000|  0%| F|  |TAMS 0x0000000084000000| PB 0x0000000084000000| Untracked 
|  65|0x0000000084100000, 0x0000000084100000, 0x0000000084200000|  0%| F|  |TAMS 0x0000000084100000| PB 0x0000000084100000| Untracked 
|  66|0x0000000084200000, 0x0000000084200000, 0x0000000084300000|  0%| F|  |TAMS 0x0000000084200000| PB 0x0000000084200000| Untracked 
|  67|0x0000000084300000, 0x0000000084300000, 0x0000000084400000|  0%| F|  |TAMS 0x0000000084300000| PB 0x0000000084300000| Untracked 
|  68|0x0000000084400000, 0x0000000084400000, 0x0000000084500000|  0%| F|  |TAMS 0x0000000084400000| PB 0x0000000084400000| Untracked 
|  69|0x0000000084500000, 0x0000000084500000, 0x0000000084600000|  0%| F|  |TAMS 0x0000000084500000| PB 0x0000000084500000| Untracked 
|  70|0x0000000084600000, 0x0000000084600000, 0x0000000084700000|  0%| F|  |TAMS 0x0000000084600000| PB 0x0000000084600000| Untracked 
|  71|0x0000000084700000, 0x0000000084700000, 0x0000000084800000|  0%| F|  |TAMS 0x0000000084700000| PB 0x0000000084700000| Untracked 
|  72|0x0000000084800000, 0x0000000084800000, 0x0000000084900000|  0%| F|  |TAMS 0x0000000084800000| PB 0x0000000084800000| Untracked 
|  73|0x0000000084900000, 0x0000000084900000, 0x0000000084a00000|  0%| F|  |TAMS 0x0000000084900000| PB 0x0000000084900000| Untracked 
|  74|0x0000000084a00000, 0x0000000084a00000, 0x0000000084b00000|  0%| F|  |TAMS 0x0000000084a00000| PB 0x0000000084a00000| Untracked 
|  75|0x0000000084b00000, 0x0000000084b00000, 0x0000000084c00000|  0%| F|  |TAMS 0x0000000084b00000| PB 0x0000000084b00000| Untracked 
|  76|0x0000000084c00000, 0x0000000084c00000, 0x0000000084d00000|  0%| F|  |TAMS 0x0000000084c00000| PB 0x0000000084c00000| Untracked 
|  77|0x0000000084d00000, 0x0000000084d00000, 0x0000000084e00000|  0%| F|  |TAMS 0x0000000084d00000| PB 0x0000000084d00000| Untracked 
|  78|0x0000000084e00000, 0x0000000084e00000, 0x0000000084f00000|  0%| F|  |TAMS 0x0000000084e00000| PB 0x0000000084e00000| Untracked 
|  79|0x0000000084f00000, 0x0000000084f00000, 0x0000000085000000|  0%| F|  |TAMS 0x0000000084f00000| PB 0x0000000084f00000| Untracked 
|  80|0x0000000085000000, 0x0000000085000000, 0x0000000085100000|  0%| F|  |TAMS 0x0000000085000000| PB 0x0000000085000000| Untracked 
|  81|0x0000000085100000, 0x0000000085100000, 0x0000000085200000|  0%| F|  |TAMS 0x0000000085100000| PB 0x0000000085100000| Untracked 
|  82|0x0000000085200000, 0x0000000085275568, 0x0000000085300000| 45%| E|  |TAMS 0x0000000085200000| PB 0x0000000085200000| Complete 
|  83|0x0000000085300000, 0x0000000085400000, 0x0000000085400000|100%| E|CS|TAMS 0x0000000085300000| PB 0x0000000085300000| Complete 
|  84|0x0000000085400000, 0x0000000085500000, 0x0000000085500000|100%| E|CS|TAMS 0x0000000085400000| PB 0x0000000085400000| Complete 
|  85|0x0000000085500000, 0x0000000085600000, 0x0000000085600000|100%| E|CS|TAMS 0x0000000085500000| PB 0x0000000085500000| Complete 
|  86|0x0000000085600000, 0x0000000085700000, 0x0000000085700000|100%| E|CS|TAMS 0x0000000085600000| PB 0x0000000085600000| Complete 
|  87|0x0000000085700000, 0x0000000085800000, 0x0000000085800000|100%| E|CS|TAMS 0x0000000085700000| PB 0x0000000085700000| Complete 
|  88|0x0000000085800000, 0x0000000085900000, 0x0000000085900000|100%| E|CS|TAMS 0x0000000085800000| PB 0x0000000085800000| Complete 
|  89|0x0000000085900000, 0x0000000085a00000, 0x0000000085a00000|100%| E|CS|TAMS 0x0000000085900000| PB 0x0000000085900000| Complete 
|  90|0x0000000085a00000, 0x0000000085b00000, 0x0000000085b00000|100%| E|CS|TAMS 0x0000000085a00000| PB 0x0000000085a00000| Complete 
|  91|0x0000000085b00000, 0x0000000085c00000, 0x0000000085c00000|100%| E|CS|TAMS 0x0000000085b00000| PB 0x0000000085b00000| Complete 
|  92|0x0000000085c00000, 0x0000000085d00000, 0x0000000085d00000|100%| E|CS|TAMS 0x0000000085c00000| PB 0x0000000085c00000| Complete 
|  93|0x0000000085d00000, 0x0000000085e00000, 0x0000000085e00000|100%| E|CS|TAMS 0x0000000085d00000| PB 0x0000000085d00000| Complete 
|  94|0x0000000085e00000, 0x0000000085f00000, 0x0000000085f00000|100%| E|CS|TAMS 0x0000000085e00000| PB 0x0000000085e00000| Complete 
|  95|0x0000000085f00000, 0x0000000086000000, 0x0000000086000000|100%| E|CS|TAMS 0x0000000085f00000| PB 0x0000000085f00000| Complete 
|  96|0x0000000086000000, 0x0000000086100000, 0x0000000086100000|100%| E|CS|TAMS 0x0000000086000000| PB 0x0000000086000000| Complete 
|  97|0x0000000086100000, 0x0000000086200000, 0x0000000086200000|100%| E|CS|TAMS 0x0000000086100000| PB 0x0000000086100000| Complete 
|  98|0x0000000086200000, 0x0000000086300000, 0x0000000086300000|100%| E|CS|TAMS 0x0000000086200000| PB 0x0000000086200000| Complete 
|  99|0x0000000086300000, 0x0000000086400000, 0x0000000086400000|100%| E|CS|TAMS 0x0000000086300000| PB 0x0000000086300000| Complete 
| 100|0x0000000086400000, 0x0000000086500000, 0x0000000086500000|100%| E|CS|TAMS 0x0000000086400000| PB 0x0000000086400000| Complete 
| 101|0x0000000086500000, 0x0000000086600000, 0x0000000086600000|100%| E|CS|TAMS 0x0000000086500000| PB 0x0000000086500000| Complete 
|2036|0x00000000ff400000, 0x00000000ff500000, 0x00000000ff500000|100%| O|Cm|TAMS 0x00000000ff400000| PB 0x00000000ff400000| Complete 
|2037|0x00000000ff500000, 0x00000000ff600000, 0x00000000ff600000|100%| O|  |TAMS 0x00000000ff500000| PB 0x00000000ff500000| Untracked 
|2038|0x00000000ff600000, 0x00000000ff700000, 0x00000000ff700000|100%| O|  |TAMS 0x00000000ff600000| PB 0x00000000ff600000| Untracked 
|2039|0x00000000ff700000, 0x00000000ff800000, 0x00000000ff800000|100%| O|  |TAMS 0x00000000ff700000| PB 0x00000000ff700000| Untracked 
|2040|0x00000000ff800000, 0x00000000ff900000, 0x00000000ff900000|100%| E|CS|TAMS 0x00000000ff800000| PB 0x00000000ff800000| Complete 
|2041|0x00000000ff900000, 0x00000000ffa00000, 0x00000000ffa00000|100%| O|  |TAMS 0x00000000ff900000| PB 0x00000000ff900000| Untracked 
|2042|0x00000000ffa00000, 0x00000000ffb00000, 0x00000000ffb00000|100%| O|  |TAMS 0x00000000ffa00000| PB 0x00000000ffa00000| Untracked 
|2043|0x00000000ffb00000, 0x00000000ffc00000, 0x00000000ffc00000|100%| O|  |TAMS 0x00000000ffb00000| PB 0x00000000ffb00000| Untracked 
|2044|0x00000000ffc00000, 0x00000000ffd00000, 0x00000000ffd00000|100%| O|  |TAMS 0x00000000ffc00000| PB 0x00000000ffc00000| Untracked 
|2045|0x00000000ffd00000, 0x00000000ffe00000, 0x00000000ffe00000|100%| O|  |TAMS 0x00000000ffd00000| PB 0x00000000ffd00000| Untracked 
|2046|0x00000000ffe00000, 0x00000000fff00000, 0x00000000fff00000|100%| O|  |TAMS 0x00000000ffe00000| PB 0x00000000ffe00000| Untracked 
|2047|0x00000000fff00000, 0x0000000100000000, 0x0000000100000000|100%| O|  |TAMS 0x00000000fff00000| PB 0x00000000fff00000| Untracked 

Card table byte_map: [0x000001b5e91c0000,0x000001b5e95c0000] _byte_map_base: 0x000001b5e8dc0000

Marking Bits: (CMBitMap*) 0x000001b5d5674530
 Bits: [0x000001b5e95c0000, 0x000001b5eb5c0000)

Polling page: 0x000001b5d35d0000

Metaspace:

Usage:
  Non-class:     55.13 MB used.
      Class:      8.48 MB used.
       Both:     63.62 MB used.

Virtual space:
  Non-class space:       64.00 MB reserved,      56.00 MB ( 88%) committed,  1 nodes.
      Class space:        1.00 GB reserved,       9.31 MB ( <1%) committed,  1 nodes.
             Both:        1.06 GB reserved,      65.31 MB (  6%) committed. 

Chunk freelists:
   Non-Class:  7.97 MB
       Class:  6.70 MB
        Both:  14.67 MB

MaxMetaspaceSize: unlimited
CompressedClassSpaceSize: 1.00 GB
Initial GC threshold: 21.00 MB
Current GC threshold: 105.62 MB
CDS: off
 - commit_granule_bytes: 65536.
 - commit_granule_words: 8192.
 - virtual_space_node_default_size: 8388608.
 - enlarge_chunks_in_place: 1.
 - use_allocation_guard: 0.


Internal statistics:

num_allocs_failed_limit: 6.
num_arena_births: 3110.
num_arena_deaths: 0.
num_vsnodes_births: 2.
num_vsnodes_deaths: 0.
num_space_committed: 1045.
num_space_uncommitted: 0.
num_chunks_returned_to_freelist: 6.
num_chunks_taken_from_freelist: 5695.
num_chunk_merges: 3.
num_chunk_splits: 3689.
num_chunks_enlarged: 2277.
num_inconsistent_stats: 0.

CodeHeap 'non-profiled nmethods': size=119168Kb used=2752Kb max_used=2752Kb free=116415Kb
 bounds [0x000001b5e10d0000, 0x000001b5e1390000, 0x000001b5e8530000]
CodeHeap 'profiled nmethods': size=119104Kb used=11233Kb max_used=11252Kb free=107870Kb
 bounds [0x000001b5d9530000, 0x000001b5da050000, 0x000001b5e0980000]
CodeHeap 'non-nmethods': size=7488Kb used=4420Kb max_used=4457Kb free=3067Kb
 bounds [0x000001b5e0980000, 0x000001b5e0df0000, 0x000001b5e10d0000]
 total_blobs=6562 nmethods=5699 adapters=763
 compilation: enabled
              stopped_count=0, restarted_count=0
 full_count=0

Compilation events (20 events):
Event: 19.903 Thread 0x000001b5f4df8230 nmethod 6484 0x000001b5d98a1c90 code [0x000001b5d98a1e80, 0x000001b5d98a22e8]
Event: 19.904 Thread 0x000001b5f719e8c0 6485       3       java.util.concurrent.locks.AbstractQueuedSynchronizer::hasQueuedPredecessors (58 bytes)
Event: 19.904 Thread 0x000001b5f719e8c0 nmethod 6485 0x000001b5d9c5b610 code [0x000001b5d9c5b7c0, 0x000001b5d9c5baa8]
Event: 19.908 Thread 0x000001b5ee776a10 6486   !   3       com.google.common.cache.LocalCache$Segment::lockedGetOrLoad (447 bytes)
Event: 19.912 Thread 0x000001b5ee776a10 nmethod 6486 0x000001b5da034190 code [0x000001b5da0349a0, 0x000001b5da039320]
Event: 19.915 Thread 0x000001b5ee776a10 6487       1       java.util.AbstractMap$SimpleImmutableEntry::getKey (5 bytes)
Event: 19.915 Thread 0x000001b5ee776a10 nmethod 6487 0x000001b5e1224b10 code [0x000001b5e1224ca0, 0x000001b5e1224d68]
Event: 19.921 Thread 0x000001b5f4df8230 6489       3       com.google.common.collect.SingletonImmutableSet::iterator (5 bytes)
Event: 19.921 Thread 0x000001b5f4df8230 nmethod 6489 0x000001b5d9a25290 code [0x000001b5d9a25460, 0x000001b5d9a257f8]
Event: 19.924 Thread 0x000001b5f326fcf0 6490       3       java.util.ArrayList::hashCode (22 bytes)
Event: 19.924 Thread 0x000001b5f4df8230 6491       3       java.util.ArrayList::hashCodeRange (68 bytes)
Event: 19.924 Thread 0x000001b5f326fcf0 nmethod 6490 0x000001b5d9b27e90 code [0x000001b5d9b28060, 0x000001b5d9b28348]
Event: 19.924 Thread 0x000001b5f4df8230 nmethod 6491 0x000001b5d95f7b10 code [0x000001b5d95f7ce0, 0x000001b5d95f8110]
Event: 19.926 Thread 0x000001b5f4df8230 6492       3       java.util.concurrent.ConcurrentHashMap::resizeStamp (9 bytes)
Event: 19.926 Thread 0x000001b5f4df8230 nmethod 6492 0x000001b5d9aa1310 code [0x000001b5d9aa14c0, 0x000001b5d9aa15d8]
Event: 19.931 Thread 0x000001b5f4df8230 6493       3       jdk.internal.reflect.ConstantPool::getIntAt (10 bytes)
Event: 19.932 Thread 0x000001b5f4df8230 nmethod 6493 0x000001b5d9b98e10 code [0x000001b5d9b98fc0, 0x000001b5d9b99108]
Event: 19.941 Thread 0x000001b5ee776a10 6495       3       org.objectweb.asm.SymbolTable::addConstantUtf8 (98 bytes)
Event: 19.942 Thread 0x000001b5ee776a10 nmethod 6495 0x000001b5d9763010 code [0x000001b5d9763240, 0x000001b5d9763830]
Event: 19.943 Thread 0x000001b5f326fcf0 6497       3       java.lang.invoke.DirectMethodHandle::preparedFieldLambdaForm (48 bytes)

GC Heap History (20 events):
Event: 5.955 GC heap before
{Heap before GC invocations=6 (full 0):
 garbage-first heap   total 76800K, used 44766K [0x0000000080000000, 0x0000000100000000)
  region size 1024K, 17 young (17408K), 5 survivors (5120K)
 Metaspace       used 35296K, committed 36096K, reserved 1114112K
  class space    used 4537K, committed 4928K, reserved 1048576K
}
Event: 5.959 GC heap after
{Heap after GC invocations=7 (full 0):
 garbage-first heap   total 76800K, used 37213K [0x0000000080000000, 0x0000000100000000)
  region size 1024K, 5 young (5120K), 5 survivors (5120K)
 Metaspace       used 35296K, committed 36096K, reserved 1114112K
  class space    used 4537K, committed 4928K, reserved 1048576K
}
Event: 6.494 GC heap before
{Heap before GC invocations=8 (full 0):
 garbage-first heap   total 76800K, used 65885K [0x0000000080000000, 0x0000000100000000)
  region size 1024K, 32 young (32768K), 5 survivors (5120K)
 Metaspace       used 38695K, committed 39680K, reserved 1114112K
  class space    used 5096K, committed 5568K, reserved 1048576K
}
Event: 6.497 GC heap after
{Heap after GC invocations=9 (full 0):
 garbage-first heap   total 76800K, used 40188K [0x0000000080000000, 0x0000000100000000)
  region size 1024K, 3 young (3072K), 3 survivors (3072K)
 Metaspace       used 38695K, committed 39680K, reserved 1114112K
  class space    used 5096K, committed 5568K, reserved 1048576K
}
Event: 6.876 GC heap before
{Heap before GC invocations=9 (full 0):
 garbage-first heap   total 76800K, used 65788K [0x0000000080000000, 0x0000000100000000)
  region size 1024K, 28 young (28672K), 3 survivors (3072K)
 Metaspace       used 41968K, committed 43200K, reserved 1114112K
  class space    used 5621K, committed 6208K, reserved 1048576K
}
Event: 6.879 GC heap after
{Heap after GC invocations=10 (full 0):
 garbage-first heap   total 76800K, used 41134K [0x0000000080000000, 0x0000000100000000)
  region size 1024K, 4 young (4096K), 4 survivors (4096K)
 Metaspace       used 41968K, committed 43200K, reserved 1114112K
  class space    used 5621K, committed 6208K, reserved 1048576K
}
Event: 7.820 GC heap before
{Heap before GC invocations=10 (full 0):
 garbage-first heap   total 76800K, used 65710K [0x0000000080000000, 0x0000000100000000)
  region size 1024K, 28 young (28672K), 4 survivors (4096K)
 Metaspace       used 47551K, committed 48768K, reserved 1114112K
  class space    used 6258K, committed 6848K, reserved 1048576K
}
Event: 7.824 GC heap after
{Heap after GC invocations=11 (full 0):
 garbage-first heap   total 76800K, used 43729K [0x0000000080000000, 0x0000000100000000)
  region size 1024K, 4 young (4096K), 4 survivors (4096K)
 Metaspace       used 47551K, committed 48768K, reserved 1114112K
  class space    used 6258K, committed 6848K, reserved 1048576K
}
Event: 8.035 GC heap before
{Heap before GC invocations=12 (full 0):
 garbage-first heap   total 76800K, used 65233K [0x0000000080000000, 0x0000000100000000)
  region size 1024K, 26 young (26624K), 4 survivors (4096K)
 Metaspace       used 49374K, committed 50624K, reserved 1114112K
  class space    used 6458K, committed 7040K, reserved 1048576K
}
Event: 8.039 GC heap after
{Heap after GC invocations=13 (full 0):
 garbage-first heap   total 76800K, used 46310K [0x0000000080000000, 0x0000000100000000)
  region size 1024K, 3 young (3072K), 3 survivors (3072K)
 Metaspace       used 49374K, committed 50624K, reserved 1114112K
  class space    used 6458K, committed 7040K, reserved 1048576K
}
Event: 8.569 GC heap before
{Heap before GC invocations=13 (full 0):
 garbage-first heap   total 76800K, used 72934K [0x0000000080000000, 0x0000000100000000)
  region size 1024K, 24 young (24576K), 3 survivors (3072K)
 Metaspace       used 51346K, committed 52608K, reserved 1114112K
  class space    used 6621K, committed 7232K, reserved 1048576K
}
Event: 8.573 GC heap after
{Heap after GC invocations=14 (full 0):
 garbage-first heap   total 95232K, used 47410K [0x0000000080000000, 0x0000000100000000)
  region size 1024K, 3 young (3072K), 3 survivors (3072K)
 Metaspace       used 51346K, committed 52608K, reserved 1114112K
  class space    used 6621K, committed 7232K, reserved 1048576K
}
Event: 9.444 GC heap before
{Heap before GC invocations=14 (full 0):
 garbage-first heap   total 95232K, used 82226K [0x0000000080000000, 0x0000000100000000)
  region size 1024K, 37 young (37888K), 3 survivors (3072K)
 Metaspace       used 55331K, committed 56768K, reserved 1114112K
  class space    used 7278K, committed 8000K, reserved 1048576K
}
Event: 9.448 GC heap after
{Heap after GC invocations=15 (full 0):
 garbage-first heap   total 95232K, used 49825K [0x0000000080000000, 0x0000000100000000)
  region size 1024K, 3 young (3072K), 3 survivors (3072K)
 Metaspace       used 55331K, committed 56768K, reserved 1114112K
  class space    used 7278K, committed 8000K, reserved 1048576K
}
Event: 17.570 GC heap before
{Heap before GC invocations=16 (full 0):
 garbage-first heap   total 95232K, used 93857K [0x0000000080000000, 0x0000000100000000)
  region size 1024K, 33 young (33792K), 3 survivors (3072K)
 Metaspace       used 57951K, committed 59456K, reserved 1114112K
  class space    used 7518K, committed 8256K, reserved 1048576K
}
Event: 17.575 GC heap after
{Heap after GC invocations=17 (full 0):
 garbage-first heap   total 103424K, used 67100K [0x0000000080000000, 0x0000000100000000)
  region size 1024K, 5 young (5120K), 5 survivors (5120K)
 Metaspace       used 57951K, committed 59456K, reserved 1114112K
  class space    used 7518K, committed 8256K, reserved 1048576K
}
Event: 18.943 GC heap before
{Heap before GC invocations=17 (full 0):
 garbage-first heap   total 103424K, used 91676K [0x0000000080000000, 0x0000000100000000)
  region size 1024K, 29 young (29696K), 5 survivors (5120K)
 Metaspace       used 60068K, committed 61568K, reserved 1114112K
  class space    used 7875K, committed 8640K, reserved 1048576K
}
Event: 18.946 GC heap after
{Heap after GC invocations=18 (full 0):
 garbage-first heap   total 103424K, used 66942K [0x0000000080000000, 0x0000000100000000)
  region size 1024K, 2 young (2048K), 2 survivors (2048K)
 Metaspace       used 60068K, committed 61568K, reserved 1114112K
  class space    used 7875K, committed 8640K, reserved 1048576K
}
Event: 19.552 GC heap before
{Heap before GC invocations=18 (full 0):
 garbage-first heap   total 103424K, used 92542K [0x0000000080000000, 0x0000000100000000)
  region size 1024K, 28 young (28672K), 2 survivors (2048K)
 Metaspace       used 63253K, committed 64896K, reserved 1114112K
  class space    used 8354K, committed 9152K, reserved 1048576K
}
Event: 19.555 GC heap after
{Heap after GC invocations=19 (full 0):
 garbage-first heap   total 103424K, used 69057K [0x0000000080000000, 0x0000000100000000)
  region size 1024K, 4 young (4096K), 4 survivors (4096K)
 Metaspace       used 63253K, committed 64896K, reserved 1114112K
  class space    used 8354K, committed 9152K, reserved 1048576K
}

Dll operation events (3 events):
Event: 0.009 Loaded shared library C:\Program Files\JetBrains\IntelliJ IDEA 2024.2.2\jbr\bin\java.dll
Event: 0.014 Loaded shared library C:\Program Files\JetBrains\IntelliJ IDEA 2024.2.2\jbr\bin\zip.dll
Event: 0.553 Loaded shared library C:\Program Files\JetBrains\IntelliJ IDEA 2024.2.2\jbr\bin\verify.dll

Deoptimization events (20 events):
Event: 19.666 Thread 0x000001b5f48f4980 Uncommon trap: trap_request=0xffffffde fr.pc=0x000001b5e12e0b54 relative=0x0000000000000214
Event: 19.666 Thread 0x000001b5f48f4980 Uncommon trap: reason=class_check action=maybe_recompile pc=0x000001b5e12e0b54 method=jdk.internal.loader.URLClassPath.getResource(Ljava/lang/String;Z)Ljdk/internal/loader/Resource; @ 53 c2
Event: 19.666 Thread 0x000001b5f48f4980 DEOPT PACKING pc=0x000001b5e12e0b54 sp=0x0000005ae81f7450
Event: 19.666 Thread 0x000001b5f48f4980 DEOPT UNPACKING pc=0x000001b5e09d46a2 sp=0x0000005ae81f73e0 mode 2
Event: 19.739 Thread 0x000001b5f48f4980 Uncommon trap: trap_request=0xffffff45 fr.pc=0x000001b5e1210d64 relative=0x0000000000000364
Event: 19.739 Thread 0x000001b5f48f4980 Uncommon trap: reason=unstable_if action=reinterpret pc=0x000001b5e1210d64 method=org.gradle.internal.reflect.PropertyAccessorType.isGetGetterName(Ljava/lang/String;)Z @ 14 c2
Event: 19.739 Thread 0x000001b5f48f4980 DEOPT PACKING pc=0x000001b5e1210d64 sp=0x0000005ae81f7e90
Event: 19.739 Thread 0x000001b5f48f4980 DEOPT UNPACKING pc=0x000001b5e09d46a2 sp=0x0000005ae81f7de8 mode 2
Event: 19.783 Thread 0x000001b5f48f4980 Uncommon trap: trap_request=0xffffff45 fr.pc=0x000001b5e12a49a0 relative=0x00000000000013e0
Event: 19.783 Thread 0x000001b5f48f4980 Uncommon trap: reason=unstable_if action=reinterpret pc=0x000001b5e12a49a0 method=java.util.concurrent.ConcurrentHashMap.computeIfAbsent(Ljava/lang/Object;Ljava/util/function/Function;)Ljava/lang/Object; @ 123 c2
Event: 19.783 Thread 0x000001b5f48f4980 DEOPT PACKING pc=0x000001b5e12a49a0 sp=0x0000005ae81f8ce0
Event: 19.783 Thread 0x000001b5f48f4980 DEOPT UNPACKING pc=0x000001b5e09d46a2 sp=0x0000005ae81f8c60 mode 2
Event: 19.929 Thread 0x000001b5f48f4980 Uncommon trap: trap_request=0xffffff45 fr.pc=0x000001b5e11ca5dc relative=0x000000000000029c
Event: 19.929 Thread 0x000001b5f48f4980 Uncommon trap: reason=unstable_if action=reinterpret pc=0x000001b5e11ca5dc method=java.lang.String.regionMatches(ZILjava/lang/String;II)Z @ 36 c2
Event: 19.929 Thread 0x000001b5f48f4980 DEOPT PACKING pc=0x000001b5e11ca5dc sp=0x0000005ae81f7220
Event: 19.930 Thread 0x000001b5f48f4980 DEOPT UNPACKING pc=0x000001b5e09d46a2 sp=0x0000005ae81f7188 mode 2
Event: 19.941 Thread 0x000001b5f48f4980 Uncommon trap: trap_request=0xffffff3d fr.pc=0x000001b5e1184c78 relative=0x0000000000000c78
Event: 19.941 Thread 0x000001b5f48f4980 Uncommon trap: reason=unstable_fused_if action=reinterpret pc=0x000001b5e1184c78 method=org.objectweb.asm.ByteVector.putUTF8(Ljava/lang/String;)Lorg/objectweb/asm/ByteVector; @ 93 c2
Event: 19.941 Thread 0x000001b5f48f4980 DEOPT PACKING pc=0x000001b5e1184c78 sp=0x0000005ae81f79e0
Event: 19.941 Thread 0x000001b5f48f4980 DEOPT UNPACKING pc=0x000001b5e09d46a2 sp=0x0000005ae81f7938 mode 2

Classes loaded (20 events):
Event: 19.407 Loading class org/xml/sax/Attributes
Event: 19.407 Loading class org/xml/sax/Attributes done
Event: 19.559 Loading class java/util/AbstractCollectionBeanInfo
Event: 19.559 Loading class java/util/AbstractCollectionBeanInfo done
Event: 19.559 Loading class java/util/AbstractCollectionBeanInfo
Event: 19.559 Loading class java/util/AbstractCollectionBeanInfo done
Event: 19.559 Loading class java/util/AbstractCollectionCustomizer
Event: 19.559 Loading class java/util/AbstractCollectionCustomizer done
Event: 19.559 Loading class java/util/AbstractCollectionCustomizer
Event: 19.559 Loading class java/util/AbstractCollectionCustomizer done
Event: 19.631 Loading class java/util/DualPivotQuicksort
Event: 19.632 Loading class java/util/DualPivotQuicksort done
Event: 19.657 Loading class jdk/internal/loader/URLClassPath$FileLoader
Event: 19.658 Loading class jdk/internal/loader/URLClassPath$FileLoader done
Event: 19.659 Loading class jdk/internal/loader/URLClassPath$FileLoader$1
Event: 19.659 Loading class jdk/internal/loader/URLClassPath$FileLoader$1 done
Event: 19.734 Loading class java/util/function/LongUnaryOperator
Event: 19.734 Loading class java/util/function/LongUnaryOperator done
Event: 19.831 Loading class java/util/Collections$SingletonMap
Event: 19.831 Loading class java/util/Collections$SingletonMap done

Classes unloaded (0 events):
No events

Classes redefined (0 events):
No events

Internal exceptions (20 events):
Event: 19.399 Thread 0x000001b5f48f4980 Exception <a 'java/lang/ClassNotFoundException'{0x00000000846f51a8}: org/gradle/api/internal/project/DefaultProject_DecoratedCustomizer> (0x00000000846f51a8) 
thrown [s\src\hotspot\share\classfile\systemDictionary.cpp, line 312]
Event: 19.541 Thread 0x000001b5f48f4980 Exception <a 'java/lang/ClassNotFoundException'{0x000000008416f308}: IdeaPluginConfiguratorBeanInfo> (0x000000008416f308) 
thrown [s\src\hotspot\share\classfile\systemDictionary.cpp, line 312]
Event: 19.541 Thread 0x000001b5f48f4980 Exception <a 'java/lang/ClassNotFoundException'{0x000000008417bdd0}: IdeaPluginConfiguratorCustomizer> (0x000000008417bdd0) 
thrown [s\src\hotspot\share\classfile\systemDictionary.cpp, line 312]
Event: 19.558 Thread 0x000001b5f48f4980 Exception <a 'java/lang/ClassNotFoundException'{0x00000000ff832ef8}: org/gradle/api/internal/plugins/DefaultPluginContainerBeanInfo> (0x00000000ff832ef8) 
thrown [s\src\hotspot\share\classfile\systemDictionary.cpp, line 312]
Event: 19.558 Thread 0x000001b5f48f4980 Exception <a 'java/lang/ClassNotFoundException'{0x00000000ff83f968}: org/gradle/api/internal/plugins/DefaultPluginCollectionBeanInfo> (0x00000000ff83f968) 
thrown [s\src\hotspot\share\classfile\systemDictionary.cpp, line 312]
Event: 19.558 Thread 0x000001b5f48f4980 Exception <a 'java/lang/ClassNotFoundException'{0x00000000ff84c538}: org/gradle/api/internal/DefaultDomainObjectSetBeanInfo> (0x00000000ff84c538) 
thrown [s\src\hotspot\share\classfile\systemDictionary.cpp, line 312]
Event: 19.559 Thread 0x000001b5f48f4980 Exception <a 'java/lang/ClassNotFoundException'{0x00000000ff8591c8}: org/gradle/api/internal/DefaultDomainObjectCollectionBeanInfo> (0x00000000ff8591c8) 
thrown [s\src\hotspot\share\classfile\systemDictionary.cpp, line 312]
Event: 19.559 Thread 0x000001b5f48f4980 Exception <a 'java/lang/ClassNotFoundException'{0x00000000ff860520}: java/util/AbstractCollectionBeanInfo> (0x00000000ff860520) 
thrown [s\src\hotspot\share\classfile\systemDictionary.cpp, line 312]
Event: 19.560 Thread 0x000001b5f48f4980 Exception <a 'java/lang/ClassNotFoundException'{0x00000000ff867850}: java/util/AbstractCollectionCustomizer> (0x00000000ff867850) 
thrown [s\src\hotspot\share\classfile\systemDictionary.cpp, line 312]
Event: 19.562 Thread 0x000001b5f48f4980 Exception <a 'java/lang/ClassNotFoundException'{0x00000000ff885d60}: org/gradle/api/internal/DefaultDomainObjectCollectionCustomizer> (0x00000000ff885d60) 
thrown [s\src\hotspot\share\classfile\systemDictionary.cpp, line 312]
Event: 19.565 Thread 0x000001b5f48f4980 Exception <a 'java/lang/ClassNotFoundException'{0x00000000ff8b8b78}: org/gradle/api/internal/DefaultDomainObjectSetCustomizer> (0x00000000ff8b8b78) 
thrown [s\src\hotspot\share\classfile\systemDictionary.cpp, line 312]
Event: 19.566 Thread 0x000001b5f48f4980 Exception <a 'java/lang/ClassNotFoundException'{0x00000000ff8df978}: org/gradle/api/internal/plugins/DefaultPluginCollectionCustomizer> (0x00000000ff8df978) 
thrown [s\src\hotspot\share\classfile\systemDictionary.cpp, line 312]
Event: 19.569 Thread 0x000001b5f48f4980 Exception <a 'java/lang/ClassNotFoundException'{0x0000000085d24378}: org/gradle/api/internal/plugins/DefaultPluginContainerCustomizer> (0x0000000085d24378) 
thrown [s\src\hotspot\share\classfile\systemDictionary.cpp, line 312]
Event: 19.734 Thread 0x000001b5f48f4980 Exception <a 'java/lang/NoSuchMethodError'{0x0000000085fc38e8}: 'long java.lang.invoke.DirectMethodHandle$Holder.invokeStatic(java.lang.Object, long)'> (0x0000000085fc38e8) 
thrown [s\src\hotspot\share\interpreter\linkResolver.cpp, line 784]
Event: 19.810 Thread 0x000001b5f48f4980 Exception <a 'java/lang/NoSuchMethodError'{0x0000000085a857a0}: 'java.lang.Object java.lang.invoke.DirectMethodHandle$Holder.invokeVirtual(java.lang.Object, java.lang.Object, java.lang.Object, java.lang.Object, java.lang.Object, java.lang.Object, java.lang.Object, java.lang.Object, java.lang.Object, java.lang.Object, java.lang.Object, java.lang.Object, java.lang.Object, java.lang.Object, java.lang.Object, java.lang.Object, java.lang.Object)'> (0x0000000085a857a0) 
thrown [s\src\hotspot\share\interpreter\li
Event: 19.811 Thread 0x000001b5f48f4980 Exception <a 'java/lang/NoSuchMethodError'{0x0000000085a8ba58}: 'java.lang.Object java.lang.invoke.DirectMethodHandle$Holder.invokeSpecial(java.lang.Object, java.lang.Object, java.lang.Object, java.lang.Object, java.lang.Object, java.lang.Object, java.lang.Object, java.lang.Object, java.lang.Object, java.lang.Object, java.lang.Object, java.lang.Object, java.lang.Object, java.lang.Object, java.lang.Object, java.lang.Object, java.lang.Object, java.lang.Object)'> (0x0000000085a8ba58) 
thrown [s\src\hotspot\sh
Event: 19.812 Thread 0x000001b5f48f4980 Exception <a 'java/lang/NoSuchMethodError'{0x0000000085a91260}: 'java.lang.Object java.lang.invoke.DelegatingMethodHandle$Holder.reinvoke_L(java.lang.Object, java.lang.Object, java.lang.Object, java.lang.Object, java.lang.Object, java.lang.Object, java.lang.Object, java.lang.Object, java.lang.Object, java.lang.Object, java.lang.Object, java.lang.Object, java.lang.Object, java.lang.Object, java.lang.Object, java.lang.Object, java.lang.Object)'> (0x0000000085a91260) 
thrown [s\src\hotspot\share\interpreter\l
Event: 19.819 Thread 0x000001b5f48f4980 Exception <a 'java/lang/NoSuchMethodError'{0x000000008591d4b8}: 'void java.lang.invoke.DirectMethodHandle$Holder.invokeStatic(java.lang.Object, java.lang.Object, java.lang.Object, java.lang.Object, java.lang.Object, java.lang.Object)'> (0x000000008591d4b8) 
thrown [s\src\hotspot\share\interpreter\linkResolver.cpp, line 784]
Event: 19.848 Thread 0x000001b5f48f4980 Exception <a 'java/lang/NoSuchMethodError'{0x00000000859b7848}: 'java.lang.Object java.lang.invoke.Invokers$Holder.invoker(java.lang.Object, java.lang.Object, java.lang.Object, java.lang.Object, java.lang.Object, java.lang.Object, java.lang.Object, java.lang.Object, java.lang.Object, java.lang.Object, java.lang.Object, java.lang.Object, java.lang.Object, java.lang.Object, java.lang.Object, java.lang.Object, java.lang.Object, java.lang.Object, java.lang.Object, java.lang.Object, java.lang.Object, java.lang.
Event: 19.849 Thread 0x000001b5f48f4980 Exception <a 'java/lang/NoSuchMethodError'{0x00000000859be368}: 'java.lang.Object java.lang.invoke.DelegatingMethodHandle$Holder.delegate(java.lang.Object, java.lang.Object, java.lang.Object, java.lang.Object, java.lang.Object, java.lang.Object, java.lang.Object, java.lang.Object, java.lang.Object, java.lang.Object, java.lang.Object, java.lang.Object, java.lang.Object, java.lang.Object, java.lang.Object, java.lang.Object, java.lang.Object, java.lang.Object, java.lang.Object, java.lang.Object, java.lang.Obj

ZGC Phase Switch (0 events):
No events

VM Operations (20 events):
Event: 17.570 Executing VM operation: G1CollectForAllocation (G1 Evacuation Pause)
Event: 17.575 Executing VM operation: G1CollectForAllocation (G1 Evacuation Pause) done
Event: 18.590 Executing VM operation: Cleanup
Event: 18.590 Executing VM operation: Cleanup done
Event: 18.942 Executing VM operation: G1CollectForAllocation (G1 Evacuation Pause)
Event: 18.946 Executing VM operation: G1CollectForAllocation (G1 Evacuation Pause) done
Event: 19.150 Executing VM operation: HandshakeAllThreads (Deoptimize)
Event: 19.150 Executing VM operation: HandshakeAllThreads (Deoptimize) done
Event: 19.253 Executing VM operation: HandshakeAllThreads (Deoptimize)
Event: 19.253 Executing VM operation: HandshakeAllThreads (Deoptimize) done
Event: 19.284 Executing VM operation: ICBufferFull
Event: 19.284 Executing VM operation: ICBufferFull done
Event: 19.552 Executing VM operation: G1CollectForAllocation (G1 Evacuation Pause)
Event: 19.555 Executing VM operation: G1CollectForAllocation (G1 Evacuation Pause) done
Event: 19.580 Executing VM operation: G1PauseRemark
Event: 19.585 Executing VM operation: G1PauseRemark done
Event: 19.598 Executing VM operation: G1PauseCleanup
Event: 19.598 Executing VM operation: G1PauseCleanup done
Event: 19.835 Executing VM operation: HandshakeAllThreads (Deoptimize)
Event: 19.835 Executing VM operation: HandshakeAllThreads (Deoptimize) done

Memory protections (0 events):
No events

Nmethod flushes (20 events):
Event: 19.584 Thread 0x000001b5ee6dee90 flushing  nmethod 0x000001b5d99e4910
Event: 19.584 Thread 0x000001b5ee6dee90 flushing  nmethod 0x000001b5d9be5390
Event: 19.584 Thread 0x000001b5ee6dee90 flushing  nmethod 0x000001b5d9be5e90
Event: 19.584 Thread 0x000001b5ee6dee90 flushing  nmethod 0x000001b5d9c89b90
Event: 19.584 Thread 0x000001b5ee6dee90 flushing  nmethod 0x000001b5e1169f90
Event: 19.584 Thread 0x000001b5ee6dee90 flushing  nmethod 0x000001b5d9547e90
Event: 19.584 Thread 0x000001b5ee6dee90 flushing  nmethod 0x000001b5d95c3210
Event: 19.584 Thread 0x000001b5ee6dee90 flushing  nmethod 0x000001b5d96d6510
Event: 19.584 Thread 0x000001b5ee6dee90 flushing  nmethod 0x000001b5d986b790
Event: 19.584 Thread 0x000001b5ee6dee90 flushing  nmethod 0x000001b5d9a30610
Event: 19.584 Thread 0x000001b5ee6dee90 flushing  nmethod 0x000001b5d9b98e10
Event: 19.584 Thread 0x000001b5ee6dee90 flushing  nmethod 0x000001b5d9d01590
Event: 19.584 Thread 0x000001b5ee6dee90 flushing  nmethod 0x000001b5e12e8110
Event: 19.584 Thread 0x000001b5ee6dee90 flushing  nmethod 0x000001b5d9657b90
Event: 19.584 Thread 0x000001b5ee6dee90 flushing  nmethod 0x000001b5d96f6390
Event: 19.584 Thread 0x000001b5ee6dee90 flushing  nmethod 0x000001b5d9a2b590
Event: 19.584 Thread 0x000001b5ee6dee90 flushing  nmethod 0x000001b5d9a2e810
Event: 19.584 Thread 0x000001b5ee6dee90 flushing  nmethod 0x000001b5d9a2f110
Event: 19.584 Thread 0x000001b5ee6dee90 flushing  nmethod 0x000001b5d9bbbc10
Event: 19.584 Thread 0x000001b5ee6dee90 flushing  nmethod 0x000001b5d9bbd090

Events (20 events):
Event: 9.494 Thread 0x000001b5f48f4980 Thread added: 0x000001b5f5780110
Event: 9.494 Thread 0x000001b5f48f4980 Thread added: 0x000001b5f57807a0
Event: 9.495 Thread 0x000001b5f48f4980 Thread added: 0x000001b5f577bf70
Event: 9.496 Thread 0x000001b5f48f4980 Thread added: 0x000001b5f5780e30
Event: 9.497 Thread 0x000001b5f48f4980 Thread added: 0x000001b5f577b8e0
Event: 9.497 Thread 0x000001b5f48f4980 Thread added: 0x000001b5f57814c0
Event: 9.498 Thread 0x000001b5f48f4980 Thread added: 0x000001b5f577a530
Event: 9.499 Thread 0x000001b5f48f4980 Thread added: 0x000001b5f577c600
Event: 9.499 Thread 0x000001b5ee776a10 Thread added: 0x000001b5f719e8c0
Event: 9.499 Thread 0x000001b5f48f4980 Thread added: 0x000001b5f577cc90
Event: 9.500 Thread 0x000001b5f48f4980 Thread added: 0x000001b5f7185960
Event: 9.503 Thread 0x000001b5f48f4980 Thread added: 0x000001b5f7183200
Event: 13.619 Thread 0x000001b5ee776a10 Thread added: 0x000001b5f73a48c0
Event: 14.276 Thread 0x000001b5f73a48c0 Thread exited: 0x000001b5f73a48c0
Event: 17.489 Thread 0x000001b5ee776a10 Thread added: 0x000001b5f688e280
Event: 17.861 Thread 0x000001b5f688e280 Thread exited: 0x000001b5f688e280
Event: 18.871 Thread 0x000001b5ee776a10 Thread added: 0x000001b5f32afd00
Event: 19.095 Thread 0x000001b5ee776a10 Thread added: 0x000001b5f326fcf0
Event: 19.097 Thread 0x000001b5ee776a10 Thread added: 0x000001b5f4df8230
Event: 19.838 Thread 0x000001b5f48f4980 Thread added: 0x000001b5f7185ff0


Dynamic libraries:
0x00007ff780720000 - 0x00007ff78072a000 	C:\Program Files\JetBrains\IntelliJ IDEA 2024.2.2\jbr\bin\java.exe
0x00007fffa8690000 - 0x00007fffa88a7000 	C:\WINDOWS\SYSTEM32\ntdll.dll
0x00007fffa7ce0000 - 0x00007fffa7da4000 	C:\WINDOWS\System32\KERNEL32.DLL
0x00007fffa59a0000 - 0x00007fffa5d57000 	C:\WINDOWS\System32\KERNELBASE.dll
0x00007fffa62a0000 - 0x00007fffa63b1000 	C:\WINDOWS\System32\ucrtbase.dll
0x00007fff8bfd0000 - 0x00007fff8bfe8000 	C:\Program Files\JetBrains\IntelliJ IDEA 2024.2.2\jbr\bin\jli.dll
0x00007fff97a00000 - 0x00007fff97a1b000 	C:\Program Files\JetBrains\IntelliJ IDEA 2024.2.2\jbr\bin\VCRUNTIME140.dll
0x00007fffa6600000 - 0x00007fffa67af000 	C:\WINDOWS\System32\USER32.dll
0x00007fffa5fe0000 - 0x00007fffa6006000 	C:\WINDOWS\System32\win32u.dll
0x00007fff895a0000 - 0x00007fff89833000 	C:\WINDOWS\WinSxS\amd64_microsoft.windows.common-controls_6595b64144ccf1df_6.0.22621.3672_none_2713b9d173822955\COMCTL32.dll
0x00007fffa6dc0000 - 0x00007fffa6de9000 	C:\WINDOWS\System32\GDI32.dll
0x00007fffa76f0000 - 0x00007fffa7797000 	C:\WINDOWS\System32\msvcrt.dll
0x00007fffa5e50000 - 0x00007fffa5f68000 	C:\WINDOWS\System32\gdi32full.dll
0x00007fffa6010000 - 0x00007fffa60aa000 	C:\WINDOWS\System32\msvcp_win.dll
0x00007fffa8160000 - 0x00007fffa8191000 	C:\WINDOWS\System32\IMM32.DLL
0x00007fffa1620000 - 0x00007fffa162c000 	C:\Program Files\JetBrains\IntelliJ IDEA 2024.2.2\jbr\bin\vcruntime140_1.dll
0x00007fff69fa0000 - 0x00007fff6a02d000 	C:\Program Files\JetBrains\IntelliJ IDEA 2024.2.2\jbr\bin\msvcp140.dll
0x00007fff690e0000 - 0x00007fff69e97000 	C:\Program Files\JetBrains\IntelliJ IDEA 2024.2.2\jbr\bin\server\jvm.dll
0x00007fffa6540000 - 0x00007fffa65f2000 	C:\WINDOWS\System32\ADVAPI32.dll
0x00007fffa8520000 - 0x00007fffa85c8000 	C:\WINDOWS\System32\sechost.dll
0x00007fffa5e20000 - 0x00007fffa5e48000 	C:\WINDOWS\System32\bcrypt.dll
0x00007fffa7e20000 - 0x00007fffa7f34000 	C:\WINDOWS\System32\RPCRT4.dll
0x00007fffa64c0000 - 0x00007fffa6531000 	C:\WINDOWS\System32\WS2_32.dll
0x00007fffa5870000 - 0x00007fffa58bd000 	C:\WINDOWS\SYSTEM32\POWRPROF.dll
0x00007fffa1550000 - 0x00007fffa1584000 	C:\WINDOWS\SYSTEM32\WINMM.dll
0x00007fff9df00000 - 0x00007fff9df0a000 	C:\WINDOWS\SYSTEM32\VERSION.dll
0x00007fffa5850000 - 0x00007fffa5863000 	C:\WINDOWS\SYSTEM32\UMPDC.dll
0x00007fffa49f0000 - 0x00007fffa4a08000 	C:\WINDOWS\SYSTEM32\kernel.appcore.dll
0x00007fff979d0000 - 0x00007fff979da000 	C:\Program Files\JetBrains\IntelliJ IDEA 2024.2.2\jbr\bin\jimage.dll
0x00007fffa3400000 - 0x00007fffa3632000 	C:\WINDOWS\SYSTEM32\DBGHELP.DLL
0x00007fffa6a10000 - 0x00007fffa6d9e000 	C:\WINDOWS\System32\combase.dll
0x00007fffa63e0000 - 0x00007fffa64b7000 	C:\WINDOWS\System32\OLEAUT32.dll
0x00007fff95480000 - 0x00007fff954b2000 	C:\WINDOWS\SYSTEM32\dbgcore.DLL
0x00007fffa6220000 - 0x00007fffa629b000 	C:\WINDOWS\System32\bcryptPrimitives.dll
0x00007fffa15b0000 - 0x00007fffa15be000 	C:\Program Files\JetBrains\IntelliJ IDEA 2024.2.2\jbr\bin\instrument.dll
0x00007fff97890000 - 0x00007fff978af000 	C:\Program Files\JetBrains\IntelliJ IDEA 2024.2.2\jbr\bin\java.dll
0x00007fff8dd60000 - 0x00007fff8dd78000 	C:\Program Files\JetBrains\IntelliJ IDEA 2024.2.2\jbr\bin\zip.dll
0x00007fffa6df0000 - 0x00007fffa7659000 	C:\WINDOWS\System32\SHELL32.dll
0x00007fffa3910000 - 0x00007fffa420f000 	C:\WINDOWS\SYSTEM32\windows.storage.dll
0x00007fffa37d0000 - 0x00007fffa390f000 	C:\WINDOWS\SYSTEM32\wintypes.dll
0x00007fffa7f60000 - 0x00007fffa8059000 	C:\WINDOWS\System32\SHCORE.dll
0x00007fffa81a0000 - 0x00007fffa81fe000 	C:\WINDOWS\System32\shlwapi.dll
0x00007fffa58d0000 - 0x00007fffa58f7000 	C:\WINDOWS\SYSTEM32\profapi.dll
0x00007fff979c0000 - 0x00007fff979d0000 	C:\Program Files\JetBrains\IntelliJ IDEA 2024.2.2\jbr\bin\net.dll
0x00007fffa1340000 - 0x00007fffa1476000 	C:\WINDOWS\SYSTEM32\WINHTTP.dll
0x00007fffa4e60000 - 0x00007fffa4ec9000 	C:\WINDOWS\system32\mswsock.dll
0x00007fff8dd40000 - 0x00007fff8dd56000 	C:\Program Files\JetBrains\IntelliJ IDEA 2024.2.2\jbr\bin\nio.dll
0x00007fff97980000 - 0x00007fff97990000 	C:\Program Files\JetBrains\IntelliJ IDEA 2024.2.2\jbr\bin\verify.dll
0x00007fff8b620000 - 0x00007fff8b647000 	C:\Users\Giovani\.gradle\native\c067742578af261105cb4f569cf0c3c89f3d7b1fecec35dd04571415982c5e48\windows-amd64\native-platform.dll
0x00007fff89d50000 - 0x00007fff89e94000 	C:\Users\Giovani\.gradle\native\38dada09dfb8b06ba9b0570ebf7e218e3eb74d4ef43ca46872605cf95ebc2f47\windows-amd64\native-platform-file-events.dll
0x00007fff8d9d0000 - 0x00007fff8d9d9000 	C:\Program Files\JetBrains\IntelliJ IDEA 2024.2.2\jbr\bin\management.dll
0x00007fff8d9c0000 - 0x00007fff8d9cb000 	C:\Program Files\JetBrains\IntelliJ IDEA 2024.2.2\jbr\bin\management_ext.dll
0x00007fffa7e10000 - 0x00007fffa7e18000 	C:\WINDOWS\System32\PSAPI.DLL
0x00007fffa50c0000 - 0x00007fffa50db000 	C:\WINDOWS\SYSTEM32\CRYPTSP.dll
0x00007fffa4950000 - 0x00007fffa4985000 	C:\WINDOWS\system32\rsaenh.dll
0x00007fffa4f50000 - 0x00007fffa4f78000 	C:\WINDOWS\SYSTEM32\USERENV.dll
0x00007fffa50b0000 - 0x00007fffa50bc000 	C:\WINDOWS\SYSTEM32\CRYPTBASE.dll
0x00007fffa44b0000 - 0x00007fffa44dd000 	C:\WINDOWS\SYSTEM32\IPHLPAPI.DLL
0x00007fffa77a0000 - 0x00007fffa77a9000 	C:\WINDOWS\System32\NSI.dll
0x00007fff978c0000 - 0x00007fff978c9000 	C:\Program Files\JetBrains\IntelliJ IDEA 2024.2.2\jbr\bin\extnet.dll
0x00007fff978f0000 - 0x00007fff978fe000 	C:\Program Files\JetBrains\IntelliJ IDEA 2024.2.2\jbr\bin\sunmscapi.dll
0x00007fffa60b0000 - 0x00007fffa6216000 	C:\WINDOWS\System32\CRYPT32.dll
0x00007fffa5270000 - 0x00007fffa529d000 	C:\WINDOWS\SYSTEM32\ncrypt.dll
0x00007fffa5230000 - 0x00007fffa5267000 	C:\WINDOWS\SYSTEM32\NTASN1.dll
0x00007fff8a3a0000 - 0x00007fff8a3a8000 	C:\WINDOWS\system32\wshunix.dll

dbghelp: loaded successfully - version: 4.0.5 - missing functions: none
symbol engine: initialized successfully - sym options: 0x614 - pdb path: .;C:\Program Files\JetBrains\IntelliJ IDEA 2024.2.2\jbr\bin;C:\WINDOWS\SYSTEM32;C:\WINDOWS\WinSxS\amd64_microsoft.windows.common-controls_6595b64144ccf1df_6.0.22621.3672_none_2713b9d173822955;C:\Program Files\JetBrains\IntelliJ IDEA 2024.2.2\jbr\bin\server;C:\Users\Giovani\.gradle\native\c067742578af261105cb4f569cf0c3c89f3d7b1fecec35dd04571415982c5e48\windows-amd64;C:\Users\Giovani\.gradle\native\38dada09dfb8b06ba9b0570ebf7e218e3eb74d4ef43ca46872605cf95ebc2f47\windows-amd64

VM Arguments:
jvm_args: --add-opens=java.base/java.util=ALL-UNNAMED --add-opens=java.base/java.lang=ALL-UNNAMED --add-opens=java.base/java.lang.invoke=ALL-UNNAMED --add-opens=java.prefs/java.util.prefs=ALL-UNNAMED --add-opens=java.base/java.nio.charset=ALL-UNNAMED --add-opens=java.base/java.net=ALL-UNNAMED --add-opens=java.base/java.util.concurrent.atomic=ALL-UNNAMED -Xmx2048m -Dfile.encoding=UTF-8 -Duser.country=BR -Duser.language=pt -Duser.variant -javaagent:C:\Users\Giovani\.gradle\wrapper\dists\gradle-8.7-bin\bhs2wmbdwecv87pi65oeuq5iu\gradle-8.7\lib\agents\gradle-instrumentation-agent-8.7.jar 
java_command: org.gradle.launcher.daemon.bootstrap.GradleDaemon 8.7
java_class_path (initial): C:\Users\Giovani\.gradle\wrapper\dists\gradle-8.7-bin\bhs2wmbdwecv87pi65oeuq5iu\gradle-8.7\lib\gradle-launcher-8.7.jar
Launcher Type: SUN_STANDARD

[Global flags]
     intx CICompilerCount                          = 12                                        {product} {ergonomic}
     uint ConcGCThreads                            = 3                                         {product} {ergonomic}
     uint G1ConcRefinementThreads                  = 13                                        {product} {ergonomic}
   size_t G1HeapRegionSize                         = 1048576                                   {product} {ergonomic}
    uintx GCDrainStackTargetSize                   = 64                                        {product} {ergonomic}
   size_t InitialHeapSize                          = 98566144                                  {product} {ergonomic}
   size_t MarkStackSize                            = 4194304                                   {product} {ergonomic}
   size_t MaxHeapSize                              = 2147483648                                {product} {command line}
   size_t MaxNewSize                               = 1287651328                                {product} {ergonomic}
   size_t MinHeapDeltaBytes                        = 1048576                                   {product} {ergonomic}
   size_t MinHeapSize                              = 8388608                                   {product} {ergonomic}
    uintx NonNMethodCodeHeapSize                   = 7602480                                {pd product} {ergonomic}
    uintx NonProfiledCodeHeapSize                  = 122027880                              {pd product} {ergonomic}
    uintx ProfiledCodeHeapSize                     = 122027880                              {pd product} {ergonomic}
    uintx ReservedCodeCacheSize                    = 251658240                              {pd product} {ergonomic}
     bool SegmentedCodeCache                       = true                                      {product} {ergonomic}
   size_t SoftMaxHeapSize                          = 2147483648                             {manageable} {ergonomic}
     bool UseCompressedOops                        = true                           {product lp64_product} {ergonomic}
     bool UseG1GC                                  = true                                      {product} {ergonomic}
     bool UseLargePagesIndividualAllocation        = false                                  {pd product} {ergonomic}

Logging:
Log output configuration:
 #0: stdout all=warning uptime,level,tags foldmultilines=false
 #1: stderr all=off uptime,level,tags foldmultilines=false

Environment Variables:
JAVA_HOME=C:\Program Files\Java\jdk-22
PATH=C:\Program Files\Common Files\Oracle\Java\javapath;C:\WINDOWS\system32;C:\WINDOWS;C:\WINDOWS\System32\Wbem;C:\WINDOWS\System32\WindowsPowerShell\v1.0\;C:\WINDOWS\System32\OpenSSH\;C:\Program Files\apache-maven-3.9.9\bin;C:\Program Files\nodejs\;C:\ProgramData\chocolatey\bin;C:\Program Files\MySQL\MySQL Shell 8.0\bin\;C:\Users\Giovani\AppData\Local\Programs\Python\Python312\Scripts\;C:\Users\Giovani\AppData\Local\Programs\Python\Python312\;C:\Users\Giovani\AppData\Local\Microsoft\WindowsApps;C:\Users\Giovani\AppData\Local\Programs\Microsoft VS Code\bin;C:\Program Files\JetBrains\IntelliJ IDEA 2024.2.2\bin;;C:\Users\Giovani\AppData\Roaming\npm;C:\Program Files\Git\cmd;C:\Program Files\Git\bin;
USERNAME=Giovani
OS=Windows_NT
PROCESSOR_IDENTIFIER=AMD64 Family 23 Model 104 Stepping 1, AuthenticAMD
TMP=C:\Users\Giovani\AppData\Local\Temp
TEMP=C:\Users\Giovani\AppData\Local\Temp




Periodic native trim disabled

JNI global refs:
JNI global refs: 36, weak refs: 6

JNI global refs memory usage: 835, weak refs: 833

Process memory usage:
Resident Set Size: 282272K (4% of 6149880K total physical memory with 226436K free physical memory)

OOME stack traces (most recent first):
Classloader memory used:
Loader org.gradle.internal.classloader.VisitableURLClassLoader                         : 30420K
Loader bootstrap                                                                       : 24195K
Loader org.gradle.initialization.MixInLegacyTypesClassLoader                           : 7755K
Loader org.gradle.internal.classloader.VisitableURLClassLoader                         : 930K
Loader org.gradle.internal.classloader.VisitableURLClassLoader$InstrumentingVisitableURLClassLoader: 693K
Loader jdk.internal.loader.ClassLoaders$PlatformClassLoader                            : 583K
Loader jdk.internal.reflect.DelegatingClassLoader                                      : 230K
Loader jdk.internal.loader.ClassLoaders$AppClassLoader                                 : 230K
Loader org.gradle.groovy.scripts.internal.DefaultScriptCompilationHandler$ScriptClassLoader: 114K
Loader org.codehaus.groovy.runtime.callsite.CallSiteClassLoader                        : 59000B

Classes loaded by more than one classloader:
Class org.gradle.api.GradleException                                                  : loaded 3 times (x 78B)
Class Program                                                                         : loaded 3 times (x 68B)
Class org.gradle.api.internal.classpath.ManifestUtil                                  : loaded 2 times (x 67B)
Class org.jetbrains.plugins.gradle.model.GradleExtensions                             : loaded 2 times (x 66B)
Class org.jetbrains.plugins.gradle.model.AnnotationProcessingModel                    : loaded 2 times (x 66B)
Class org.jetbrains.plugins.gradle.model.ear.EarConfiguration                         : loaded 2 times (x 66B)
Class org.gradle.internal.operations.MultipleBuildOperationFailures                   : loaded 2 times (x 91B)
Class org.jetbrains.kotlin.idea.gradleTooling.model.noarg.NoArgModel                  : loaded 2 times (x 66B)
Class com.intellij.ktor.gradle.tooling.KtorApplicationGradleModel                     : loaded 2 times (x 66B)
Class org.gradle.internal.classloader.DefaultClassLoaderFactory                       : loaded 2 times (x 78B)
Class kotlin.collections.AbstractList$Companion                                       : loaded 2 times (x 67B)
Class org.gradle.internal.classloader.ClassLoaderVisitor                              : loaded 2 times (x 72B)
Class org.gradle.api.internal.classpath.EffectiveClassPath                            : loaded 2 times (x 86B)
Class org.gradle.tooling.internal.gradle.DefaultProjectIdentifier                     : loaded 2 times (x 82B)
Class org.jetbrains.kotlin.idea.gradleTooling.model.allopen.AllOpenModel              : loaded 2 times (x 66B)
Class org.gradle.api.internal.DefaultClassPathProvider                                : loaded 2 times (x 72B)
Class [Lorg.gradle.api.internal.ClassPathProvider;                                    : loaded 2 times (x 65B)
Class org.gradle.api.internal.ClassPathProvider                                       : loaded 2 times (x 66B)
Class org.gradle.internal.service.UnknownServiceException                             : loaded 2 times (x 79B)
Class org.jetbrains.kotlin.idea.gradleTooling.KotlinDslScriptAdditionalTask           : loaded 2 times (x 66B)
Class org.jetbrains.gradle.profiler.model.JavaTasksModel                              : loaded 2 times (x 66B)
Class org.gradle.internal.classpath.TransformedClassPath                              : loaded 2 times (x 92B)
Class org.gradle.internal.classloader.ClassLoaderHierarchy                            : loaded 2 times (x 66B)
Class org.jetbrains.kotlin.idea.gradleTooling.KotlinSourceSetContainer                : loaded 2 times (x 66B)
Class org.jetbrains.plugins.gradle.model.IntelliJSettings                             : loaded 2 times (x 66B)
Class org.gradle.internal.service.ServiceLocator                                      : loaded 2 times (x 66B)
Class org.jetbrains.kotlin.android.synthetic.idea.AndroidExtensionsGradleModel        : loaded 2 times (x 66B)
Class org.gradle.tooling.model.UnsupportedMethodException                             : loaded 2 times (x 78B)
Class org.gradle.internal.InternalTransformer                                         : loaded 2 times (x 66B)
Class org.gradle.internal.time.DefaultTimer                                           : loaded 2 times (x 76B)
Class org.gradle.internal.classloader.ClasspathUtil$1                                 : loaded 2 times (x 72B)
Class org.gradle.api.internal.classpath.DefaultModuleRegistry$DefaultModule           : loaded 2 times (x 82B)
Class org.jetbrains.kotlin.idea.gradleTooling.model.lombok.LombokModel                : loaded 2 times (x 66B)
Class org.gradle.internal.time.DefaultCountdownTimer                                  : loaded 2 times (x 84B)
Class org.gradle.tooling.internal.gradle.DefaultBuildIdentifier                       : loaded 2 times (x 75B)
Class kotlin.Function                                                                 : loaded 2 times (x 66B)
Class org.gradle.api.internal.classpath.Module                                        : loaded 2 times (x 66B)
Class org.gradle.api.internal.classpath.UnknownModuleException                        : loaded 2 times (x 78B)
Class org.gradle.cache.GlobalCache                                                    : loaded 2 times (x 66B)
Class com.intellij.openapi.externalSystem.model.project.dependencies.ProjectDependencies: loaded 2 times (x 66B)
Class org.gradle.tooling.internal.gradle.GradleProjectIdentity                        : loaded 2 times (x 66B)
Class org.gradle.api.internal.DefaultClassPathRegistry                                : loaded 2 times (x 72B)
Class org.gradle.api.internal.ClassPathRegistry                                       : loaded 2 times (x 66B)
Class org.gradle.internal.classpath.DefaultClassPath$ImmutableUniqueList              : loaded 2 times (x 195B)
Class kotlin.enums.EnumEntriesList                                                    : loaded 2 times (x 219B)
Class Settings_gradle$1                                                               : loaded 2 times (x 70B)
Class org.gradle.internal.classpath.ClassPath                                         : loaded 2 times (x 66B)
Class org.gradle.api.UncheckedIOException                                             : loaded 2 times (x 78B)
Class org.jetbrains.kotlin.idea.gradleTooling.KotlinGradleModel                       : loaded 2 times (x 66B)
Class sync_studio_tooling1_3ivbp51pm3p35pal57zdty024$_run_closure1                    : loaded 2 times (x 135B)
Class org.gradle.tooling.model.Model                                                  : loaded 2 times (x 66B)
Class kotlin.UninitializedPropertyAccessException                                     : loaded 2 times (x 78B)
Class org.jetbrains.kotlin.idea.gradleTooling.model.annotation.AnnotationBasedPluginModel: loaded 2 times (x 66B)
Class org.jetbrains.plugins.gradle.model.IntelliJProjectSettings                      : loaded 2 times (x 66B)
Class org.gradle.internal.installation.GradleInstallation$1                           : loaded 2 times (x 71B)
Class org.gradle.api.internal.classpath.ModuleRegistry                                : loaded 2 times (x 66B)
Class org.jetbrains.plugins.gradle.model.VersionCatalogsModel                         : loaded 2 times (x 66B)
Class org.gradle.api.internal.classpath.DefaultModuleRegistry                         : loaded 2 times (x 82B)
Class org.gradle.internal.time.MonotonicClock                                         : loaded 2 times (x 73B)
Class org.gradle.internal.service.ServiceLookupException                              : loaded 2 times (x 78B)
Class org.gradle.internal.classloader.ClassLoaderFactory                              : loaded 2 times (x 66B)
Class org.gradle.internal.service.CachingServiceLocator                               : loaded 2 times (x 78B)
Class org.jetbrains.plugins.gradle.model.RepositoryModels                             : loaded 2 times (x 66B)
Class com.intellij.micronaut.run.gradle.MnApplicationGradleModel                      : loaded 2 times (x 66B)
Class org.gradle.internal.time.TimeSource                                             : loaded 2 times (x 66B)
Class org.gradle.tooling.internal.gradle.GradleBuildIdentity                          : loaded 2 times (x 66B)
Class kotlin.enums.EnumEntries                                                        : loaded 2 times (x 66B)
Class org.gradle.internal.exceptions.ResolutionProvider                               : loaded 2 times (x 66B)
Class org.gradle.tooling.model.ProjectIdentifier                                      : loaded 2 times (x 66B)
Class org.gradle.internal.classloader.ClasspathUtil                                   : loaded 2 times (x 67B)
Class org.gradle.internal.time.TimeSource$1                                           : loaded 2 times (x 73B)
Class kotlin.jvm.internal.DefaultConstructorMarker                                    : loaded 2 times (x 67B)
Class org.gradle.api.specs.Spec                                                       : loaded 2 times (x 66B)
Class org.gradle.internal.time.Clock                                                  : loaded 2 times (x 66B)
Class org.jetbrains.plugins.gradle.model.jar.JarTaskManifestConfiguration             : loaded 2 times (x 66B)
Class kotlin.collections.AbstractList                                                 : loaded 2 times (x 193B)
Class kotlin.collections.AbstractCollection                                           : loaded 2 times (x 113B)
Class org.gradle.internal.classloader.VisitableURLClassLoader$InstrumentingVisitableURLClassLoader: loaded 2 times (x 119B)
Class org.gradle.internal.classloader.VisitableURLClassLoader$Spec                    : loaded 2 times (x 70B)
Class org.gradle.internal.classpath.DefaultClassPath                                  : loaded 2 times (x 86B)
Class org.gradle.internal.classloader.ClassLoaderSpec                                 : loaded 2 times (x 67B)
Class Settings_gradle$1$1                                                             : loaded 2 times (x 70B)
Class org.gradle.internal.classloader.VisitableURLClassLoader                         : loaded 2 times (x 113B)
Class Settings_gradle                                                                 : loaded 2 times (x 124B)
Class org.gradle.internal.Cast                                                        : loaded 2 times (x 67B)
Class org.gradle.api.Action                                                           : loaded 2 times (x 66B)
Class kotlin.jvm.functions.Function1                                                  : loaded 2 times (x 66B)
Class org.gradle.internal.agents.InstrumentingClassLoader                             : loaded 2 times (x 66B)
Class org.gradle.internal.classpath.DefaultClassPath$ImmutableUniqueList$Builder      : loaded 2 times (x 71B)
Class org.jetbrains.kotlin.idea.gradleTooling.model.samWithReceiver.SamWithReceiverModel: loaded 2 times (x 66B)
Class org.gradle.internal.classloader.FilteringClassLoader                            : loaded 2 times (x 101B)
Class org.gradle.internal.exceptions.NonGradleCauseExceptionsHolder                   : loaded 2 times (x 66B)
Class org.jetbrains.kotlin.idea.gradleTooling.model.assignment.AssignmentModel        : loaded 2 times (x 66B)
Class kotlin.enums.EnumEntriesKt                                                      : loaded 2 times (x 67B)
Class org.gradle.internal.IoActions                                                   : loaded 2 times (x 67B)
Class org.jetbrains.plugins.gradle.model.web.WebConfiguration                         : loaded 2 times (x 66B)
Class org.gradle.internal.classloader.SystemClassLoaderSpec                           : loaded 2 times (x 67B)
Class org.gradle.internal.exceptions.MultiCauseException                              : loaded 2 times (x 66B)
Class org.gradle.internal.time.CountdownTimer                                         : loaded 2 times (x 66B)
Class kotlin.jvm.internal.Intrinsics                                                  : loaded 2 times (x 67B)
Class org.jetbrains.kotlin.idea.gradleTooling.model.parcelize.ParcelizeGradleModel    : loaded 2 times (x 66B)
Class org.gradle.tooling.model.ProjectModel                                           : loaded 2 times (x 66B)
Class kotlin.KotlinNullPointerException                                               : loaded 2 times (x 79B)
Class org.jetbrains.plugins.gradle.model.tests.ExternalTestsModel                     : loaded 2 times (x 66B)
Class org.gradle.internal.exceptions.DefaultMultiCauseException                       : loaded 2 times (x 91B)
Class org.gradle.internal.time.Time                                                   : loaded 2 times (x 67B)
Class org.jetbrains.plugins.gradle.model.DependencyAccessorsModel                     : loaded 2 times (x 66B)
Class org.jetbrains.kotlin.idea.gradleTooling.KotlinMPPGradleModel                    : loaded 2 times (x 66B)
Class org.gradle.tooling.model.BuildIdentifier                                        : loaded 2 times (x 66B)
Class org.jetbrains.kotlin.idea.gradleTooling.PrepareKotlinIdeImportTaskModel         : loaded 2 times (x 66B)
Class org.gradle.internal.time.Timer                                                  : loaded 2 times (x 66B)
Class kotlin.jvm.internal.markers.KMappedMarker                                       : loaded 2 times (x 66B)
Class org.gradle.internal.installation.CurrentGradleInstallationLocator               : loaded 2 times (x 67B)
Class org.gradle.internal.service.DefaultServiceLocator                               : loaded 2 times (x 79B)
Class ijInit1_4u6fkohepvyw09ed0clm5y2lq                                               : loaded 2 times (x 175B)
Class org.gradle.util.GradleVersion                                                   : loaded 2 times (x 79B)
Class org.gradle.internal.installation.CurrentGradleInstallation                      : loaded 2 times (x 69B)
Class org.gradle.util.internal.GUtil                                                  : loaded 2 times (x 67B)
Class sync_studio_tooling1_3ivbp51pm3p35pal57zdty024                                  : loaded 2 times (x 175B)
Class org.gradle.internal.installation.GradleInstallation                             : loaded 2 times (x 71B)

---------------  S Y S T E M  ---------------

OS:
 Windows 11 , 64 bit Build 22621 (10.0.22621.3958)
OS uptime: 1 days 0:24 hours

CPU: total 16 (initial active 16) (16 cores per cpu, 2 threads per core) family 23 model 104 stepping 1 microcode 0x0, cx8, cmov, fxsr, ht, mmx, 3dnowpref, sse, sse2, sse3, ssse3, sse4a, sse4.1, sse4.2, popcnt, lzcnt, tsc, tscinvbit, avx, avx2, aes, clmul, bmi1, bmi2, adx, sha, fma, vzeroupper, clflush, clflushopt, rdtscp, rdpid, f16c
Processor Information for all 16 processors :
  Max Mhz: 1801, Current Mhz: 1801, Mhz Limit: 1801

Memory: 4k page, system-wide physical 6005M (217M free)
TotalPageFile size 24437M (AvailPageFile size 6M)
current process WorkingSet (physical memory assigned to process): 276M, peak: 276M
current process commit charge ("private bytes"): 365M, peak: 368M

vm_info: OpenJDK 64-Bit Server VM (21.0.4+13-b509.17) for windows-amd64 JRE (21.0.4+13-b509.17), built on 2024-09-04 by "builduser" with MS VC++ 16.10 / 16.11 (VS2019)

END.
