#
# There is insufficient memory for the Java Runtime Environment to continue.
# Native memory allocation (malloc) failed to allocate 1546176 bytes. Error detail: Chunk::new
# Possible reasons:
#   The system is out of physical RAM or swap space
#   This process is running with CompressedOops enabled, and the Java Heap may be blocking the growth of the native heap
# Possible solutions:
#   Reduce memory load on the system
#   Increase physical memory or swap space
#   Check if swap backing store is full
#   Decrease Java heap size (-Xmx/-Xms)
#   Decrease number of Java threads
#   Decrease Java thread stack sizes (-Xss)
#   Set larger code cache with -XX:ReservedCodeCacheSize=
#   JVM is running with Unscaled Compressed Oops mode in which the Java heap is
#     placed in the first 4GB address space. The Java Heap base address is the
#     maximum limit for the native heap growth. Please use -XX:HeapBaseMinAddress
#     to set the Java Heap base and to place the Java Heap above 4GB virtual address.
# This output file may be truncated or incomplete.
#
#  Out of Memory Error (arena.cpp:168), pid=33884, tid=24596
#
# JRE version: OpenJDK Runtime Environment JBR-21.0.4+13-509.17-jcef (21.0.4+13) (build 21.0.4+13-b509.17)
# Java VM: OpenJDK 64-Bit Server VM JBR-21.0.4+13-509.17-jcef (21.0.4+13-b509.17, mixed mode, tiered, compressed oops, compressed class ptrs, g1 gc, windows-amd64)
# No core dump will be written. Minidumps are not enabled by default on client versions of Windows
#

---------------  S U M M A R Y ------------

Command Line: --add-opens=java.base/java.util=ALL-UNNAMED --add-opens=java.base/java.lang=ALL-UNNAMED --add-opens=java.base/java.lang.invoke=ALL-UNNAMED --add-opens=java.prefs/java.util.prefs=ALL-UNNAMED --add-opens=java.base/java.nio.charset=ALL-UNNAMED --add-opens=java.base/java.net=ALL-UNNAMED --add-opens=java.base/java.util.concurrent.atomic=ALL-UNNAMED -Xmx2048m -Dfile.encoding=UTF-8 -Duser.country=BR -Duser.language=pt -Duser.variant -javaagent:C:\Users\Giovani\.gradle\wrapper\dists\gradle-8.7-bin\bhs2wmbdwecv87pi65oeuq5iu\gradle-8.7\lib\agents\gradle-instrumentation-agent-8.7.jar org.gradle.launcher.daemon.bootstrap.GradleDaemon 8.7

Host: AMD Ryzen 7 5700U with Radeon Graphics         , 16 cores, 5G,  Windows 11 , 64 bit Build 22621 (10.0.22621.3958)
Time: Sat Nov  2 15:47:36 2024 Hora oficial do Brasil elapsed time: 13.400025 seconds (0d 0h 0m 13s)

---------------  T H R E A D  ---------------

Current thread (0x0000020814267750):  JavaThread "C2 CompilerThread0" daemon [_thread_in_native, id=24596, stack(0x0000006c22800000,0x0000006c22900000) (1024K)]


Current CompileTask:
C2:  13400 7204       4       org.jetbrains.kotlin.cli.jvm.index.JvmDependenciesIndexImpl::search (374 bytes)

Stack: [0x0000006c22800000,0x0000006c22900000]
Native frames: (J=compiled Java code, j=interpreted, Vv=VM code, C=native code)
V  [jvm.dll+0x6e36d9]
V  [jvm.dll+0x8c0bd3]
V  [jvm.dll+0x8c312e]
V  [jvm.dll+0x8c3813]
V  [jvm.dll+0x288256]
V  [jvm.dll+0xc613d]
V  [jvm.dll+0xc6673]
V  [jvm.dll+0x3c2f9b]
V  [jvm.dll+0x38ed77]
V  [jvm.dll+0x38e1ea]
V  [jvm.dll+0x24fb72]
V  [jvm.dll+0x24f141]
V  [jvm.dll+0x1cd074]
V  [jvm.dll+0x25e88c]
V  [jvm.dll+0x25cdd6]
V  [jvm.dll+0x3fdff6]
V  [jvm.dll+0x868868]
V  [jvm.dll+0x6e1edd]
C  [ucrtbase.dll+0x29333]
C  [KERNEL32.DLL+0x1257d]
C  [ntdll.dll+0x5af08]


---------------  P R O C E S S  ---------------

Threads class SMR info:
_java_thread_list=0x000002081adea9f0, length=33, elements={
0x000002087b11d8d0, 0x000002081428c2e0, 0x000002081428cd40, 0x0000020814278a50,
0x00000208142794b0, 0x000002081428fdc0, 0x0000020814291050, 0x0000020814267750,
0x00000208142681f0, 0x000002081430bf30, 0x0000020814459ed0, 0x00000208147153f0,
0x00000208194d51a0, 0x000002081a23c100, 0x000002081a2b6750, 0x000002081992c9a0,
0x000002081a0a2e70, 0x000002081a0a34e0, 0x000002081a450460, 0x000002081a450ad0,
0x000002081a2824c0, 0x000002081a280a80, 0x000002081a2831e0, 0x000002081a281110,
0x000002081a283870, 0x000002081a2817a0, 0x000002081a281e30, 0x000002081a7c9000,
0x000002081a7cb0d0, 0x000002081a7caa40, 0x000002081a7c9d20, 0x000002081a7cb760,
0x000002081a7cd1a0
}

Java Threads: ( => current thread )
  0x000002087b11d8d0 JavaThread "main"                              [_thread_blocked, id=36768, stack(0x0000006c21a00000,0x0000006c21b00000) (1024K)]
  0x000002081428c2e0 JavaThread "Reference Handler"          daemon [_thread_blocked, id=36020, stack(0x0000006c22200000,0x0000006c22300000) (1024K)]
  0x000002081428cd40 JavaThread "Finalizer"                  daemon [_thread_blocked, id=17740, stack(0x0000006c22300000,0x0000006c22400000) (1024K)]
  0x0000020814278a50 JavaThread "Signal Dispatcher"          daemon [_thread_blocked, id=14080, stack(0x0000006c22400000,0x0000006c22500000) (1024K)]
  0x00000208142794b0 JavaThread "Attach Listener"            daemon [_thread_blocked, id=28572, stack(0x0000006c22500000,0x0000006c22600000) (1024K)]
  0x000002081428fdc0 JavaThread "Service Thread"             daemon [_thread_blocked, id=20192, stack(0x0000006c22600000,0x0000006c22700000) (1024K)]
  0x0000020814291050 JavaThread "Monitor Deflation Thread"   daemon [_thread_blocked, id=33704, stack(0x0000006c22700000,0x0000006c22800000) (1024K)]
=>0x0000020814267750 JavaThread "C2 CompilerThread0"         daemon [_thread_in_native, id=24596, stack(0x0000006c22800000,0x0000006c22900000) (1024K)]
  0x00000208142681f0 JavaThread "C1 CompilerThread0"         daemon [_thread_blocked, id=32436, stack(0x0000006c22900000,0x0000006c22a00000) (1024K)]
  0x000002081430bf30 JavaThread "C1 CompilerThread1"         daemon [_thread_blocked, id=27124, stack(0x0000006c22a00000,0x0000006c22b00000) (1024K)]
  0x0000020814459ed0 JavaThread "Common-Cleaner"             daemon [_thread_blocked, id=17184, stack(0x0000006c22b00000,0x0000006c22c00000) (1024K)]
  0x00000208147153f0 JavaThread "Notification Thread"        daemon [_thread_blocked, id=29992, stack(0x0000006c22c00000,0x0000006c22d00000) (1024K)]
  0x00000208194d51a0 JavaThread "C1 CompilerThread2"         daemon [_thread_blocked, id=12556, stack(0x0000006c23100000,0x0000006c23200000) (1024K)]
  0x000002081a23c100 JavaThread "Daemon health stats"               [_thread_blocked, id=25728, stack(0x0000006c23200000,0x0000006c23300000) (1024K)]
  0x000002081a2b6750 JavaThread "Incoming local TCP Connector on port 56276"        [_thread_in_native, id=17292, stack(0x0000006c23300000,0x0000006c23400000) (1024K)]
  0x000002081992c9a0 JavaThread "Daemon periodic checks"            [_thread_blocked, id=7232, stack(0x0000006c23400000,0x0000006c23500000) (1024K)]
  0x000002081a0a2e70 JavaThread "Daemon"                            [_thread_blocked, id=7728, stack(0x0000006c23500000,0x0000006c23600000) (1024K)]
  0x000002081a0a34e0 JavaThread "Handler for socket connection from /127.0.0.1:56276 to /127.0.0.1:56277"        [_thread_in_native, id=23680, stack(0x0000006c23600000,0x0000006c23700000) (1024K)]
  0x000002081a450460 JavaThread "Cancel handler"                    [_thread_blocked, id=11404, stack(0x0000006c23700000,0x0000006c23800000) (1024K)]
  0x000002081a450ad0 JavaThread "Daemon worker"                     [_thread_in_vm, id=25204, stack(0x0000006c23800000,0x0000006c23900000) (1024K)]
  0x000002081a2824c0 JavaThread "Asynchronous log dispatcher for DefaultDaemonConnection: socket connection from /127.0.0.1:56276 to /127.0.0.1:56277"        [_thread_blocked, id=4428, stack(0x0000006c23900000,0x0000006c23a00000) (1024K)]
  0x000002081a280a80 JavaThread "Stdin handler"                     [_thread_blocked, id=36188, stack(0x0000006c24400000,0x0000006c24500000) (1024K)]
  0x000002081a2831e0 JavaThread "Daemon client event forwarder"        [_thread_blocked, id=30780, stack(0x0000006c24500000,0x0000006c24600000) (1024K)]
  0x000002081a281110 JavaThread "Cache worker for journal cache (C:\Users\Giovani\.gradle\caches\journal-1)"        [_thread_blocked, id=17980, stack(0x0000006c24600000,0x0000006c24700000) (1024K)]
  0x000002081a283870 JavaThread "File lock request listener"        [_thread_in_native, id=11392, stack(0x0000006c24700000,0x0000006c24800000) (1024K)]
  0x000002081a2817a0 JavaThread "Cache worker for file hash cache (C:\Users\Giovani\.gradle\caches\8.7\fileHashes)"        [_thread_blocked, id=27820, stack(0x0000006c24800000,0x0000006c24900000) (1024K)]
  0x000002081a281e30 JavaThread "Cache worker for file hash cache (C:\Users\Giovani\Abstifree\.gradle\8.7\fileHashes)"        [_thread_blocked, id=13636, stack(0x0000006c24900000,0x0000006c24a00000) (1024K)]
  0x000002081a7c9000 JavaThread "File watcher server"        daemon [_thread_in_native, id=36476, stack(0x0000006c24a00000,0x0000006c24b00000) (1024K)]
  0x000002081a7cb0d0 JavaThread "File watcher consumer"      daemon [_thread_blocked, id=8412, stack(0x0000006c24b00000,0x0000006c24c00000) (1024K)]
  0x000002081a7caa40 JavaThread "Cache worker for checksums cache (C:\Users\Giovani\Abstifree\.gradle\8.7\checksums)"        [_thread_blocked, id=29468, stack(0x0000006c24c00000,0x0000006c24d00000) (1024K)]
  0x000002081a7c9d20 JavaThread "Cache worker for cache directory md-supplier (C:\Users\Giovani\.gradle\caches\8.7\md-supplier)"        [_thread_blocked, id=21784, stack(0x0000006c24d00000,0x0000006c24e00000) (1024K)]
  0x000002081a7cb760 JavaThread "Cache worker for cache directory md-rule (C:\Users\Giovani\.gradle\caches\8.7\md-rule)"        [_thread_blocked, id=6168, stack(0x0000006c24e00000,0x0000006c24f00000) (1024K)]
  0x000002081a7cd1a0 JavaThread "Cache worker for file content cache (C:\Users\Giovani\.gradle\caches\8.7\fileContent)"        [_thread_blocked, id=29528, stack(0x0000006c24f00000,0x0000006c25000000) (1024K)]
Total: 33

Other Threads:
  0x00000208140ae9a0 VMThread "VM Thread"                           [id=27020, stack(0x0000006c22100000,0x0000006c22200000) (1024K)]
  0x0000020814020800 WatcherThread "VM Periodic Task Thread"        [id=34048, stack(0x0000006c22000000,0x0000006c22100000) (1024K)]
  0x000002087b175160 WorkerThread "GC Thread#0"                     [id=39100, stack(0x0000006c21b00000,0x0000006c21c00000) (1024K)]
  0x00000208190fcb10 WorkerThread "GC Thread#1"                     [id=27468, stack(0x0000006c22d00000,0x0000006c22e00000) (1024K)]
  0x00000208192b1740 WorkerThread "GC Thread#2"                     [id=13520, stack(0x0000006c22e00000,0x0000006c22f00000) (1024K)]
  0x00000208192b1ae0 WorkerThread "GC Thread#3"                     [id=27264, stack(0x0000006c22f00000,0x0000006c23000000) (1024K)]
  0x00000208192b1e80 WorkerThread "GC Thread#4"                     [id=23808, stack(0x0000006c23000000,0x0000006c23100000) (1024K)]
  0x000002081a451550 WorkerThread "GC Thread#5"                     [id=16504, stack(0x0000006c23a00000,0x0000006c23b00000) (1024K)]
  0x000002081a451d00 WorkerThread "GC Thread#6"                     [id=10576, stack(0x0000006c23b00000,0x0000006c23c00000) (1024K)]
  0x000002081a289290 WorkerThread "GC Thread#7"                     [id=29768, stack(0x0000006c23c00000,0x0000006c23d00000) (1024K)]
  0x000002081a289d70 WorkerThread "GC Thread#8"                     [id=21080, stack(0x0000006c23d00000,0x0000006c23e00000) (1024K)]
  0x000002081a289630 WorkerThread "GC Thread#9"                     [id=6060, stack(0x0000006c23e00000,0x0000006c23f00000) (1024K)]
  0x000002081a288ef0 WorkerThread "GC Thread#10"                    [id=24904, stack(0x0000006c23f00000,0x0000006c24000000) (1024K)]
  0x000002081a2899d0 WorkerThread "GC Thread#11"                    [id=21112, stack(0x0000006c24000000,0x0000006c24100000) (1024K)]
  0x000002081a288410 WorkerThread "GC Thread#12"                    [id=36644, stack(0x0000006c24100000,0x0000006c24200000) (1024K)]
  0x000002087b1869a0 ConcurrentGCThread "G1 Main Marker"            [id=36292, stack(0x0000006c21c00000,0x0000006c21d00000) (1024K)]
  0x000002087b187bc0 WorkerThread "G1 Conc#0"                       [id=39284, stack(0x0000006c21d00000,0x0000006c21e00000) (1024K)]
  0x000002081a2887b0 WorkerThread "G1 Conc#1"                       [id=37732, stack(0x0000006c24200000,0x0000006c24300000) (1024K)]
  0x000002081a288b50 WorkerThread "G1 Conc#2"                       [id=18100, stack(0x0000006c24300000,0x0000006c24400000) (1024K)]
  0x0000020813ef3590 ConcurrentGCThread "G1 Refine#0"               [id=32652, stack(0x0000006c21e00000,0x0000006c21f00000) (1024K)]
  0x0000020813ef3eb0 ConcurrentGCThread "G1 Service"                [id=39184, stack(0x0000006c21f00000,0x0000006c22000000) (1024K)]
Total: 21

Threads with active compile tasks:
C2 CompilerThread0    13454 7204       4       org.jetbrains.kotlin.cli.jvm.index.JvmDependenciesIndexImpl::search (374 bytes)
Total: 1

VM state: not at safepoint (normal execution)

VM Mutex/Monitor currently owned by a thread: None

Heap address: 0x0000000080000000, size: 2048 MB, Compressed Oops mode: 32-bit

CDS archive(s) not mapped
Compressed class space mapped at: 0x0000000100000000-0x0000000140000000, reserved size: 1073741824
Narrow klass base: 0x0000000000000000, Narrow klass shift: 3, Narrow klass range: 0x140000000

GC Precious Log:
 CardTable entry size: 512
 Card Set container configuration: InlinePtr #cards 5 size 8 Array Of Cards #cards 12 size 40 Howl #buckets 4 coarsen threshold 1843 Howl Bitmap #cards 512 size 80 coarsen threshold 460 Card regions per heap region 1 cards per card region 2048
 CPUs: 16 total, 16 available
 Memory: 6005M
 Large Page Support: Disabled
 NUMA Support: Disabled
 Compressed Oops: Enabled (32-bit)
 Heap Region Size: 1M
 Heap Min Capacity: 8M
 Heap Initial Capacity: 94M
 Heap Max Capacity: 2G
 Pre-touch: Disabled
 Parallel Workers: 13
 Concurrent Workers: 3
 Concurrent Refinement Workers: 13
 Periodic GC: Disabled

Heap:
 garbage-first heap   total 124928K, used 78165K [0x0000000080000000, 0x0000000100000000)
  region size 1024K, 18 young (18432K), 7 survivors (7168K)
 Metaspace       used 93576K, committed 95168K, reserved 1179648K
  class space    used 11944K, committed 12736K, reserved 1048576K

Heap Regions: E=young(eden), S=young(survivor), O=old, HS=humongous(starts), HC=humongous(continues), CS=collection set, F=free, TAMS=top-at-mark-start, PB=parsable bottom
|   0|0x0000000080000000, 0x0000000080100000, 0x0000000080100000|100%|HS|  |TAMS 0x0000000080000000| PB 0x0000000080000000| Complete 
|   1|0x0000000080100000, 0x0000000080200000, 0x0000000080200000|100%|HC|  |TAMS 0x0000000080100000| PB 0x0000000080100000| Complete 
|   2|0x0000000080200000, 0x0000000080300000, 0x0000000080300000|100%|HC|  |TAMS 0x0000000080200000| PB 0x0000000080200000| Complete 
|   3|0x0000000080300000, 0x0000000080400000, 0x0000000080400000|100%|HC|  |TAMS 0x0000000080300000| PB 0x0000000080300000| Complete 
|   4|0x0000000080400000, 0x0000000080500000, 0x0000000080500000|100%| O|  |TAMS 0x0000000080400000| PB 0x0000000080400000| Untracked 
|   5|0x0000000080500000, 0x0000000080600000, 0x0000000080600000|100%| O|  |TAMS 0x0000000080500000| PB 0x0000000080500000| Untracked 
|   6|0x0000000080600000, 0x0000000080700000, 0x0000000080700000|100%| O|  |TAMS 0x0000000080600000| PB 0x0000000080600000| Untracked 
|   7|0x0000000080700000, 0x0000000080800000, 0x0000000080800000|100%| O|  |TAMS 0x0000000080700000| PB 0x0000000080700000| Untracked 
|   8|0x0000000080800000, 0x0000000080900000, 0x0000000080900000|100%| O|  |TAMS 0x0000000080800000| PB 0x0000000080800000| Untracked 
|   9|0x0000000080900000, 0x0000000080a00000, 0x0000000080a00000|100%| O|  |TAMS 0x0000000080900000| PB 0x0000000080900000| Untracked 
|  10|0x0000000080a00000, 0x0000000080b00000, 0x0000000080b00000|100%| O|  |TAMS 0x0000000080a00000| PB 0x0000000080a00000| Untracked 
|  11|0x0000000080b00000, 0x0000000080c00000, 0x0000000080c00000|100%| O|  |TAMS 0x0000000080b00000| PB 0x0000000080b00000| Untracked 
|  12|0x0000000080c00000, 0x0000000080d00000, 0x0000000080d00000|100%| O|  |TAMS 0x0000000080c00000| PB 0x0000000080c00000| Untracked 
|  13|0x0000000080d00000, 0x0000000080e00000, 0x0000000080e00000|100%| O|  |TAMS 0x0000000080d00000| PB 0x0000000080d00000| Untracked 
|  14|0x0000000080e00000, 0x0000000080f00000, 0x0000000080f00000|100%| O|  |TAMS 0x0000000080e00000| PB 0x0000000080e00000| Untracked 
|  15|0x0000000080f00000, 0x0000000081000000, 0x0000000081000000|100%| O|  |TAMS 0x0000000080f00000| PB 0x0000000080f00000| Untracked 
|  16|0x0000000081000000, 0x0000000081100000, 0x0000000081100000|100%| O|  |TAMS 0x0000000081000000| PB 0x0000000081000000| Untracked 
|  17|0x0000000081100000, 0x0000000081200000, 0x0000000081200000|100%| O|  |TAMS 0x0000000081100000| PB 0x0000000081100000| Untracked 
|  18|0x0000000081200000, 0x0000000081300000, 0x0000000081300000|100%| O|  |TAMS 0x0000000081200000| PB 0x0000000081200000| Untracked 
|  19|0x0000000081300000, 0x0000000081400000, 0x0000000081400000|100%| O|  |TAMS 0x0000000081300000| PB 0x0000000081300000| Untracked 
|  20|0x0000000081400000, 0x0000000081500000, 0x0000000081500000|100%| O|  |TAMS 0x0000000081400000| PB 0x0000000081400000| Untracked 
|  21|0x0000000081500000, 0x0000000081600000, 0x0000000081600000|100%| O|  |TAMS 0x0000000081500000| PB 0x0000000081500000| Untracked 
|  22|0x0000000081600000, 0x0000000081700000, 0x0000000081700000|100%| O|  |TAMS 0x0000000081600000| PB 0x0000000081600000| Untracked 
|  23|0x0000000081700000, 0x0000000081800000, 0x0000000081800000|100%| O|  |TAMS 0x0000000081700000| PB 0x0000000081700000| Untracked 
|  24|0x0000000081800000, 0x0000000081900000, 0x0000000081900000|100%| O|  |TAMS 0x0000000081800000| PB 0x0000000081800000| Untracked 
|  25|0x0000000081900000, 0x0000000081a00000, 0x0000000081a00000|100%| O|  |TAMS 0x0000000081900000| PB 0x0000000081900000| Untracked 
|  26|0x0000000081a00000, 0x0000000081b00000, 0x0000000081b00000|100%| O|  |TAMS 0x0000000081a00000| PB 0x0000000081a00000| Untracked 
|  27|0x0000000081b00000, 0x0000000081c00000, 0x0000000081c00000|100%|HS|  |TAMS 0x0000000081b00000| PB 0x0000000081b00000| Complete 
|  28|0x0000000081c00000, 0x0000000081d00000, 0x0000000081d00000|100%| O|  |TAMS 0x0000000081c00000| PB 0x0000000081c00000| Untracked 
|  29|0x0000000081d00000, 0x0000000081e00000, 0x0000000081e00000|100%| O|  |TAMS 0x0000000081d00000| PB 0x0000000081d00000| Untracked 
|  30|0x0000000081e00000, 0x0000000081f00000, 0x0000000081f00000|100%| O|  |TAMS 0x0000000081e00000| PB 0x0000000081e00000| Untracked 
|  31|0x0000000081f00000, 0x0000000082000000, 0x0000000082000000|100%| O|  |TAMS 0x0000000081f00000| PB 0x0000000081f00000| Untracked 
|  32|0x0000000082000000, 0x0000000082000000, 0x0000000082100000|  0%| F|  |TAMS 0x0000000082000000| PB 0x0000000082000000| Untracked 
|  33|0x0000000082100000, 0x0000000082200000, 0x0000000082200000|100%| O|  |TAMS 0x0000000082100000| PB 0x0000000082100000| Untracked 
|  34|0x0000000082200000, 0x0000000082300000, 0x0000000082300000|100%|HS|  |TAMS 0x0000000082200000| PB 0x0000000082200000| Complete 
|  35|0x0000000082300000, 0x0000000082400000, 0x0000000082400000|100%|HC|  |TAMS 0x0000000082300000| PB 0x0000000082300000| Complete 
|  36|0x0000000082400000, 0x0000000082500000, 0x0000000082500000|100%|HC|  |TAMS 0x0000000082400000| PB 0x0000000082400000| Complete 
|  37|0x0000000082500000, 0x0000000082600000, 0x0000000082600000|100%|HC|  |TAMS 0x0000000082500000| PB 0x0000000082500000| Complete 
|  38|0x0000000082600000, 0x0000000082700000, 0x0000000082700000|100%|HC|  |TAMS 0x0000000082600000| PB 0x0000000082600000| Complete 
|  39|0x0000000082700000, 0x0000000082800000, 0x0000000082800000|100%|HC|  |TAMS 0x0000000082700000| PB 0x0000000082700000| Complete 
|  40|0x0000000082800000, 0x0000000082900000, 0x0000000082900000|100%| O|  |TAMS 0x0000000082800000| PB 0x0000000082800000| Untracked 
|  41|0x0000000082900000, 0x0000000082a00000, 0x0000000082a00000|100%| O|  |TAMS 0x0000000082900000| PB 0x0000000082900000| Untracked 
|  42|0x0000000082a00000, 0x0000000082b00000, 0x0000000082b00000|100%| O|  |TAMS 0x0000000082a00000| PB 0x0000000082a00000| Untracked 
|  43|0x0000000082b00000, 0x0000000082c00000, 0x0000000082c00000|100%| O|  |TAMS 0x0000000082b00000| PB 0x0000000082b00000| Untracked 
|  44|0x0000000082c00000, 0x0000000082c55668, 0x0000000082d00000| 33%| O|  |TAMS 0x0000000082c00000| PB 0x0000000082c00000| Untracked 
|  45|0x0000000082d00000, 0x0000000082e00000, 0x0000000082e00000|100%| O|  |TAMS 0x0000000082d00000| PB 0x0000000082d00000| Untracked 
|  46|0x0000000082e00000, 0x0000000082f00000, 0x0000000082f00000|100%| O|  |TAMS 0x0000000082e00000| PB 0x0000000082e00000| Untracked 
|  47|0x0000000082f00000, 0x0000000083000000, 0x0000000083000000|100%| O|  |TAMS 0x0000000082f00000| PB 0x0000000082f00000| Untracked 
|  48|0x0000000083000000, 0x0000000083100000, 0x0000000083100000|100%| O|  |TAMS 0x0000000083000000| PB 0x0000000083000000| Untracked 
|  49|0x0000000083100000, 0x0000000083100000, 0x0000000083200000|  0%| F|  |TAMS 0x0000000083100000| PB 0x0000000083100000| Untracked 
|  50|0x0000000083200000, 0x0000000083200000, 0x0000000083300000|  0%| F|  |TAMS 0x0000000083200000| PB 0x0000000083200000| Untracked 
|  51|0x0000000083300000, 0x0000000083400000, 0x0000000083400000|100%| S|CS|TAMS 0x0000000083300000| PB 0x0000000083300000| Complete 
|  52|0x0000000083400000, 0x0000000083500000, 0x0000000083500000|100%| S|CS|TAMS 0x0000000083400000| PB 0x0000000083400000| Complete 
|  53|0x0000000083500000, 0x0000000083500000, 0x0000000083600000|  0%| F|  |TAMS 0x0000000083500000| PB 0x0000000083500000| Untracked 
|  54|0x0000000083600000, 0x0000000083600000, 0x0000000083700000|  0%| F|  |TAMS 0x0000000083600000| PB 0x0000000083600000| Untracked 
|  55|0x0000000083700000, 0x0000000083700000, 0x0000000083800000|  0%| F|  |TAMS 0x0000000083700000| PB 0x0000000083700000| Untracked 
|  56|0x0000000083800000, 0x0000000083800000, 0x0000000083900000|  0%| F|  |TAMS 0x0000000083800000| PB 0x0000000083800000| Untracked 
|  57|0x0000000083900000, 0x0000000083900000, 0x0000000083a00000|  0%| F|  |TAMS 0x0000000083900000| PB 0x0000000083900000| Untracked 
|  58|0x0000000083a00000, 0x0000000083a00000, 0x0000000083b00000|  0%| F|  |TAMS 0x0000000083a00000| PB 0x0000000083a00000| Untracked 
|  59|0x0000000083b00000, 0x0000000083c00000, 0x0000000083c00000|100%| S|CS|TAMS 0x0000000083b00000| PB 0x0000000083b00000| Complete 
|  60|0x0000000083c00000, 0x0000000083d00000, 0x0000000083d00000|100%| S|CS|TAMS 0x0000000083c00000| PB 0x0000000083c00000| Complete 
|  61|0x0000000083d00000, 0x0000000083e00000, 0x0000000083e00000|100%| S|CS|TAMS 0x0000000083d00000| PB 0x0000000083d00000| Complete 
|  62|0x0000000083e00000, 0x0000000083f00000, 0x0000000083f00000|100%| S|CS|TAMS 0x0000000083e00000| PB 0x0000000083e00000| Complete 
|  63|0x0000000083f00000, 0x0000000084000000, 0x0000000084000000|100%| S|CS|TAMS 0x0000000083f00000| PB 0x0000000083f00000| Complete 
|  64|0x0000000084000000, 0x0000000084000000, 0x0000000084100000|  0%| F|  |TAMS 0x0000000084000000| PB 0x0000000084000000| Untracked 
|  65|0x0000000084100000, 0x0000000084100000, 0x0000000084200000|  0%| F|  |TAMS 0x0000000084100000| PB 0x0000000084100000| Untracked 
|  66|0x0000000084200000, 0x0000000084200000, 0x0000000084300000|  0%| F|  |TAMS 0x0000000084200000| PB 0x0000000084200000| Untracked 
|  67|0x0000000084300000, 0x0000000084300000, 0x0000000084400000|  0%| F|  |TAMS 0x0000000084300000| PB 0x0000000084300000| Untracked 
|  68|0x0000000084400000, 0x0000000084400000, 0x0000000084500000|  0%| F|  |TAMS 0x0000000084400000| PB 0x0000000084400000| Untracked 
|  69|0x0000000084500000, 0x0000000084500000, 0x0000000084600000|  0%| F|  |TAMS 0x0000000084500000| PB 0x0000000084500000| Untracked 
|  70|0x0000000084600000, 0x0000000084600000, 0x0000000084700000|  0%| F|  |TAMS 0x0000000084600000| PB 0x0000000084600000| Untracked 
|  71|0x0000000084700000, 0x0000000084700000, 0x0000000084800000|  0%| F|  |TAMS 0x0000000084700000| PB 0x0000000084700000| Untracked 
|  72|0x0000000084800000, 0x0000000084800000, 0x0000000084900000|  0%| F|  |TAMS 0x0000000084800000| PB 0x0000000084800000| Untracked 
|  73|0x0000000084900000, 0x0000000084900000, 0x0000000084a00000|  0%| F|  |TAMS 0x0000000084900000| PB 0x0000000084900000| Untracked 
|  74|0x0000000084a00000, 0x0000000084a00000, 0x0000000084b00000|  0%| F|  |TAMS 0x0000000084a00000| PB 0x0000000084a00000| Untracked 
|  75|0x0000000084b00000, 0x0000000084b00000, 0x0000000084c00000|  0%| F|  |TAMS 0x0000000084b00000| PB 0x0000000084b00000| Untracked 
|  76|0x0000000084c00000, 0x0000000084c00000, 0x0000000084d00000|  0%| F|  |TAMS 0x0000000084c00000| PB 0x0000000084c00000| Untracked 
|  77|0x0000000084d00000, 0x0000000084d00000, 0x0000000084e00000|  0%| F|  |TAMS 0x0000000084d00000| PB 0x0000000084d00000| Untracked 
|  78|0x0000000084e00000, 0x0000000084e00000, 0x0000000084f00000|  0%| F|  |TAMS 0x0000000084e00000| PB 0x0000000084e00000| Untracked 
|  79|0x0000000084f00000, 0x0000000084f00000, 0x0000000085000000|  0%| F|  |TAMS 0x0000000084f00000| PB 0x0000000084f00000| Untracked 
|  80|0x0000000085000000, 0x0000000085000000, 0x0000000085100000|  0%| F|  |TAMS 0x0000000085000000| PB 0x0000000085000000| Untracked 
|  81|0x0000000085100000, 0x0000000085100000, 0x0000000085200000|  0%| F|  |TAMS 0x0000000085100000| PB 0x0000000085100000| Untracked 
|  82|0x0000000085200000, 0x0000000085200000, 0x0000000085300000|  0%| F|  |TAMS 0x0000000085200000| PB 0x0000000085200000| Untracked 
|  83|0x0000000085300000, 0x0000000085300000, 0x0000000085400000|  0%| F|  |TAMS 0x0000000085300000| PB 0x0000000085300000| Untracked 
|  84|0x0000000085400000, 0x0000000085400000, 0x0000000085500000|  0%| F|  |TAMS 0x0000000085400000| PB 0x0000000085400000| Untracked 
|  85|0x0000000085500000, 0x0000000085500000, 0x0000000085600000|  0%| F|  |TAMS 0x0000000085500000| PB 0x0000000085500000| Untracked 
|  86|0x0000000085600000, 0x0000000085600000, 0x0000000085700000|  0%| F|  |TAMS 0x0000000085600000| PB 0x0000000085600000| Untracked 
|  87|0x0000000085700000, 0x0000000085700000, 0x0000000085800000|  0%| F|  |TAMS 0x0000000085700000| PB 0x0000000085700000| Untracked 
|  88|0x0000000085800000, 0x0000000085800000, 0x0000000085900000|  0%| F|  |TAMS 0x0000000085800000| PB 0x0000000085800000| Untracked 
|  89|0x0000000085900000, 0x0000000085900000, 0x0000000085a00000|  0%| F|  |TAMS 0x0000000085900000| PB 0x0000000085900000| Untracked 
|  90|0x0000000085a00000, 0x0000000085a00000, 0x0000000085b00000|  0%| F|  |TAMS 0x0000000085a00000| PB 0x0000000085a00000| Untracked 
|  91|0x0000000085b00000, 0x0000000085b00000, 0x0000000085c00000|  0%| F|  |TAMS 0x0000000085b00000| PB 0x0000000085b00000| Untracked 
|  92|0x0000000085c00000, 0x0000000085c00000, 0x0000000085d00000|  0%| F|  |TAMS 0x0000000085c00000| PB 0x0000000085c00000| Untracked 
|  93|0x0000000085d00000, 0x0000000085d00000, 0x0000000085e00000|  0%| F|  |TAMS 0x0000000085d00000| PB 0x0000000085d00000| Untracked 
|  94|0x0000000085e00000, 0x0000000085e00000, 0x0000000085f00000|  0%| F|  |TAMS 0x0000000085e00000| PB 0x0000000085e00000| Untracked 
|  95|0x0000000085f00000, 0x0000000085f00000, 0x0000000086000000|  0%| F|  |TAMS 0x0000000085f00000| PB 0x0000000085f00000| Untracked 
|  96|0x0000000086000000, 0x0000000086000000, 0x0000000086100000|  0%| F|  |TAMS 0x0000000086000000| PB 0x0000000086000000| Untracked 
|  97|0x0000000086100000, 0x0000000086100000, 0x0000000086200000|  0%| F|  |TAMS 0x0000000086100000| PB 0x0000000086100000| Untracked 
|  98|0x0000000086200000, 0x0000000086229b60, 0x0000000086300000| 16%| E|  |TAMS 0x0000000086200000| PB 0x0000000086200000| Complete 
|  99|0x0000000086300000, 0x0000000086400000, 0x0000000086400000|100%| E|CS|TAMS 0x0000000086300000| PB 0x0000000086300000| Complete 
| 100|0x0000000086400000, 0x0000000086500000, 0x0000000086500000|100%| E|CS|TAMS 0x0000000086400000| PB 0x0000000086400000| Complete 
| 101|0x0000000086500000, 0x0000000086600000, 0x0000000086600000|100%| E|CS|TAMS 0x0000000086500000| PB 0x0000000086500000| Complete 
| 102|0x0000000086600000, 0x0000000086700000, 0x0000000086700000|100%| E|CS|TAMS 0x0000000086600000| PB 0x0000000086600000| Complete 
| 103|0x0000000086700000, 0x0000000086800000, 0x0000000086800000|100%| E|CS|TAMS 0x0000000086700000| PB 0x0000000086700000| Complete 
| 104|0x0000000086800000, 0x0000000086900000, 0x0000000086900000|100%| E|CS|TAMS 0x0000000086800000| PB 0x0000000086800000| Complete 
| 105|0x0000000086900000, 0x0000000086a00000, 0x0000000086a00000|100%| E|CS|TAMS 0x0000000086900000| PB 0x0000000086900000| Complete 
| 106|0x0000000086a00000, 0x0000000086b00000, 0x0000000086b00000|100%| E|CS|TAMS 0x0000000086a00000| PB 0x0000000086a00000| Complete 
|2033|0x00000000ff100000, 0x00000000ff200000, 0x00000000ff200000|100%| E|CS|TAMS 0x00000000ff100000| PB 0x00000000ff100000| Complete 
|2034|0x00000000ff200000, 0x00000000ff300000, 0x00000000ff300000|100%| O|  |TAMS 0x00000000ff200000| PB 0x00000000ff200000| Untracked 
|2035|0x00000000ff300000, 0x00000000ff400000, 0x00000000ff400000|100%| O|  |TAMS 0x00000000ff300000| PB 0x00000000ff300000| Untracked 
|2036|0x00000000ff400000, 0x00000000ff500000, 0x00000000ff500000|100%| O|  |TAMS 0x00000000ff400000| PB 0x00000000ff400000| Untracked 
|2037|0x00000000ff500000, 0x00000000ff600000, 0x00000000ff600000|100%| O|  |TAMS 0x00000000ff500000| PB 0x00000000ff500000| Untracked 
|2038|0x00000000ff600000, 0x00000000ff700000, 0x00000000ff700000|100%| O|  |TAMS 0x00000000ff600000| PB 0x00000000ff600000| Untracked 
|2039|0x00000000ff700000, 0x00000000ff800000, 0x00000000ff800000|100%| O|  |TAMS 0x00000000ff700000| PB 0x00000000ff700000| Untracked 
|2040|0x00000000ff800000, 0x00000000ff900000, 0x00000000ff900000|100%| E|CS|TAMS 0x00000000ff800000| PB 0x00000000ff800000| Complete 
|2041|0x00000000ff900000, 0x00000000ffa00000, 0x00000000ffa00000|100%| E|CS|TAMS 0x00000000ff900000| PB 0x00000000ff900000| Complete 
|2042|0x00000000ffa00000, 0x00000000ffb00000, 0x00000000ffb00000|100%| O|  |TAMS 0x00000000ffa00000| PB 0x00000000ffa00000| Untracked 
|2043|0x00000000ffb00000, 0x00000000ffc00000, 0x00000000ffc00000|100%| O|  |TAMS 0x00000000ffb00000| PB 0x00000000ffb00000| Untracked 
|2044|0x00000000ffc00000, 0x00000000ffd00000, 0x00000000ffd00000|100%| O|  |TAMS 0x00000000ffc00000| PB 0x00000000ffc00000| Untracked 
|2045|0x00000000ffd00000, 0x00000000ffe00000, 0x00000000ffe00000|100%| O|  |TAMS 0x00000000ffd00000| PB 0x00000000ffd00000| Untracked 
|2046|0x00000000ffe00000, 0x00000000fff00000, 0x00000000fff00000|100%| O|  |TAMS 0x00000000ffe00000| PB 0x00000000ffe00000| Untracked 
|2047|0x00000000fff00000, 0x0000000100000000, 0x0000000100000000|100%| O|  |TAMS 0x00000000fff00000| PB 0x00000000fff00000| Untracked 

Card table byte_map: [0x000002080f000000,0x000002080f400000] _byte_map_base: 0x000002080ec00000

Marking Bits: (CMBitMap*) 0x000002087b175770
 Bits: [0x000002080f400000, 0x0000020811400000)

Polling page: 0x00000208790a0000

Metaspace:

Usage:
  Non-class:     79.74 MB used.
      Class:     11.67 MB used.
       Both:     91.41 MB used.

Virtual space:
  Non-class space:      128.00 MB reserved,      80.50 MB ( 63%) committed,  2 nodes.
      Class space:        1.00 GB reserved,      12.44 MB (  1%) committed,  1 nodes.
             Both:        1.12 GB reserved,      92.94 MB (  8%) committed. 

Chunk freelists:
   Non-Class:  15.06 MB
       Class:  3.50 MB
        Both:  18.56 MB

MaxMetaspaceSize: unlimited
CompressedClassSpaceSize: 1.00 GB
Initial GC threshold: 21.00 MB
Current GC threshold: 142.12 MB
CDS: off
 - commit_granule_bytes: 65536.
 - commit_granule_words: 8192.
 - virtual_space_node_default_size: 8388608.
 - enlarge_chunks_in_place: 1.
 - use_allocation_guard: 0.


Internal statistics:

num_allocs_failed_limit: 9.
num_arena_births: 3044.
num_arena_deaths: 0.
num_vsnodes_births: 3.
num_vsnodes_deaths: 0.
num_space_committed: 1485.
num_space_uncommitted: 0.
num_chunks_returned_to_freelist: 9.
num_chunks_taken_from_freelist: 6369.
num_chunk_merges: 6.
num_chunk_splits: 4571.
num_chunks_enlarged: 3263.
num_inconsistent_stats: 0.

CodeHeap 'non-profiled nmethods': size=119168Kb used=3344Kb max_used=3344Kb free=115823Kb
 bounds [0x0000020807ba0000, 0x0000020807ef0000, 0x000002080f000000]
CodeHeap 'profiled nmethods': size=119104Kb used=13648Kb max_used=13648Kb free=105455Kb
 bounds [0x0000020800000000, 0x0000020800d60000, 0x0000020807450000]
CodeHeap 'non-nmethods': size=7488Kb used=3237Kb max_used=3243Kb free=4250Kb
 bounds [0x0000020807450000, 0x0000020807790000, 0x0000020807ba0000]
 total_blobs=7249 nmethods=6409 adapters=740
 compilation: enabled
              stopped_count=0, restarted_count=0
 full_count=0

Compilation events (20 events):
Event: 13.353 Thread 0x00000208142681f0 7270       3       org.jetbrains.kotlin.types.checker.ClassicTypeSystemContext$DefaultImpls::isError (75 bytes)
Event: 13.353 Thread 0x00000208194d51a0 7271       3       org.jetbrains.kotlin.types.FlexibleType::getAttributes (8 bytes)
Event: 13.353 Thread 0x000002081430bf30 7272       3       org.jetbrains.kotlin.types.TypeConstructorSubstitution$Companion::create (216 bytes)
Event: 13.353 Thread 0x00000208194d51a0 nmethod 7271 0x0000020800d41b10 code [0x0000020800d41cc0, 0x0000020800d41f40]
Event: 13.353 Thread 0x00000208194d51a0 7273       3       org.jetbrains.kotlin.types.IndexedParametersSubstitution::<init> (70 bytes)
Event: 13.353 Thread 0x00000208194d51a0 nmethod 7273 0x0000020800d42010 code [0x0000020800d42320, 0x0000020800d43490]
Event: 13.353 Thread 0x00000208194d51a0 7274       3       org.jetbrains.kotlin.types.IndexedParametersSubstitution::<init> (17 bytes)
Event: 13.353 Thread 0x00000208194d51a0 nmethod 7274 0x0000020800d43a10 code [0x0000020800d43bc0, 0x0000020800d43d38]
Event: 13.353 Thread 0x00000208142681f0 nmethod 7270 0x0000020800d43e10 code [0x0000020800d44260, 0x0000020800d45cf8]
Event: 13.354 Thread 0x000002081430bf30 nmethod 7272 0x0000020800d46690 code [0x0000020800d46ce0, 0x0000020800d4a1d0]
Event: 13.358 Thread 0x000002081430bf30 7275   !   3       org.jetbrains.kotlin.com.intellij.openapi.util.Key::getKeyByIndex (26 bytes)
Event: 13.358 Thread 0x00000208142681f0 7276       3       org.jetbrains.kotlin.com.intellij.util.containers.IntKeyWeakValueHashMap::get (17 bytes)
Event: 13.358 Thread 0x00000208194d51a0 7277       3       org.jetbrains.kotlin.com.intellij.psi.impl.source.tree.TreeElement::equals (11 bytes)
Event: 13.358 Thread 0x00000208194d51a0 nmethod 7277 0x0000020800d4b410 code [0x0000020800d4b5a0, 0x0000020800d4b708]
Event: 13.358 Thread 0x00000208142681f0 nmethod 7276 0x0000020800d4b790 code [0x0000020800d4b960, 0x0000020800d4bda8]
Event: 13.358 Thread 0x000002081430bf30 nmethod 7275 0x0000020800d4bf10 code [0x0000020800d4c100, 0x0000020800d4c798]
Event: 13.358 Thread 0x00000208194d51a0 7278       3       org.jetbrains.kotlin.resolve.BindingContextUtils$$Lambda/0x0000000100c59f80::invoke (18 bytes)
Event: 13.358 Thread 0x000002081430bf30 7279       3       org.jetbrains.kotlin.resolve.BindingContextUtils::lambda$addOwnDataTo$0 (27 bytes)
Event: 13.358 Thread 0x000002081430bf30 nmethod 7279 0x0000020800d4ca90 code [0x0000020800d4cc40, 0x0000020800d4cf58]
Event: 13.359 Thread 0x00000208194d51a0 nmethod 7278 0x0000020800d4d090 code [0x0000020800d4d260, 0x0000020800d4d708]

GC Heap History (20 events):
Event: 9.128 GC heap before
{Heap before GC invocations=11 (full 0):
 garbage-first heap   total 76800K, used 68223K [0x0000000080000000, 0x0000000100000000)
  region size 1024K, 35 young (35840K), 3 survivors (3072K)
 Metaspace       used 55172K, committed 56384K, reserved 1114112K
  class space    used 7509K, committed 8064K, reserved 1048576K
}
Event: 9.130 GC heap after
{Heap after GC invocations=12 (full 0):
 garbage-first heap   total 92160K, used 34409K [0x0000000080000000, 0x0000000100000000)
  region size 1024K, 4 young (4096K), 4 survivors (4096K)
 Metaspace       used 55172K, committed 56384K, reserved 1114112K
  class space    used 7509K, committed 8064K, reserved 1048576K
}
Event: 9.446 GC heap before
{Heap before GC invocations=12 (full 0):
 garbage-first heap   total 92160K, used 58985K [0x0000000080000000, 0x0000000100000000)
  region size 1024K, 29 young (29696K), 4 survivors (4096K)
 Metaspace       used 58834K, committed 60096K, reserved 1114112K
  class space    used 7975K, committed 8640K, reserved 1048576K
}
Event: 9.449 GC heap after
{Heap after GC invocations=13 (full 0):
 garbage-first heap   total 92160K, used 35119K [0x0000000080000000, 0x0000000100000000)
  region size 1024K, 5 young (5120K), 5 survivors (5120K)
 Metaspace       used 58834K, committed 60096K, reserved 1114112K
  class space    used 7975K, committed 8640K, reserved 1048576K
}
Event: 10.116 GC heap before
{Heap before GC invocations=14 (full 0):
 garbage-first heap   total 92160K, used 81199K [0x0000000080000000, 0x0000000100000000)
  region size 1024K, 50 young (51200K), 5 survivors (5120K)
 Metaspace       used 66688K, committed 67968K, reserved 1114112K
  class space    used 8945K, committed 9600K, reserved 1048576K
}
Event: 10.119 GC heap after
{Heap after GC invocations=15 (full 0):
 garbage-first heap   total 92160K, used 36088K [0x0000000080000000, 0x0000000100000000)
  region size 1024K, 4 young (4096K), 4 survivors (4096K)
 Metaspace       used 66688K, committed 67968K, reserved 1114112K
  class space    used 8945K, committed 9600K, reserved 1048576K
}
Event: 10.416 GC heap before
{Heap before GC invocations=15 (full 0):
 garbage-first heap   total 92160K, used 88312K [0x0000000080000000, 0x0000000100000000)
  region size 1024K, 48 young (49152K), 4 survivors (4096K)
 Metaspace       used 68241K, committed 69568K, reserved 1114112K
  class space    used 9091K, committed 9728K, reserved 1048576K
}
Event: 10.424 GC heap after
{Heap after GC invocations=16 (full 0):
 garbage-first heap   total 103424K, used 45826K [0x0000000080000000, 0x0000000100000000)
  region size 1024K, 6 young (6144K), 6 survivors (6144K)
 Metaspace       used 68241K, committed 69568K, reserved 1114112K
  class space    used 9091K, committed 9728K, reserved 1048576K
}
Event: 10.736 GC heap before
{Heap before GC invocations=16 (full 0):
 garbage-first heap   total 103424K, used 69378K [0x0000000080000000, 0x0000000100000000)
  region size 1024K, 30 young (30720K), 6 survivors (6144K)
 Metaspace       used 71961K, committed 73280K, reserved 1114112K
  class space    used 9504K, committed 10176K, reserved 1048576K
}
Event: 10.741 GC heap after
{Heap after GC invocations=17 (full 0):
 garbage-first heap   total 103424K, used 48149K [0x0000000080000000, 0x0000000100000000)
  region size 1024K, 2 young (2048K), 2 survivors (2048K)
 Metaspace       used 71961K, committed 73280K, reserved 1114112K
  class space    used 9504K, committed 10176K, reserved 1048576K
}
Event: 11.312 GC heap before
{Heap before GC invocations=18 (full 0):
 garbage-first heap   total 103424K, used 96277K [0x0000000080000000, 0x0000000100000000)
  region size 1024K, 42 young (43008K), 2 survivors (2048K)
 Metaspace       used 76723K, committed 78016K, reserved 1179648K
  class space    used 9939K, committed 10560K, reserved 1048576K
}
Event: 11.314 GC heap after
{Heap after GC invocations=19 (full 0):
 garbage-first heap   total 103424K, used 58270K [0x0000000080000000, 0x0000000100000000)
  region size 1024K, 5 young (5120K), 5 survivors (5120K)
 Metaspace       used 76723K, committed 78016K, reserved 1179648K
  class space    used 9939K, committed 10560K, reserved 1048576K
}
Event: 11.673 GC heap before
{Heap before GC invocations=19 (full 0):
 garbage-first heap   total 103424K, used 91038K [0x0000000080000000, 0x0000000100000000)
  region size 1024K, 37 young (37888K), 5 survivors (5120K)
 Metaspace       used 80722K, committed 82368K, reserved 1179648K
  class space    used 10453K, committed 11264K, reserved 1048576K
}
Event: 11.677 GC heap after
{Heap after GC invocations=20 (full 0):
 garbage-first heap   total 103424K, used 59268K [0x0000000080000000, 0x0000000100000000)
  region size 1024K, 2 young (2048K), 2 survivors (2048K)
 Metaspace       used 80722K, committed 82368K, reserved 1179648K
  class space    used 10453K, committed 11264K, reserved 1048576K
}
Event: 12.168 GC heap before
{Heap before GC invocations=20 (full 0):
 garbage-first heap   total 103424K, used 94084K [0x0000000080000000, 0x0000000100000000)
  region size 1024K, 36 young (36864K), 2 survivors (2048K)
 Metaspace       used 85470K, committed 87104K, reserved 1179648K
  class space    used 11062K, committed 11904K, reserved 1048576K
}
Event: 12.172 GC heap after
{Heap after GC invocations=21 (full 0):
 garbage-first heap   total 124928K, used 61327K [0x0000000080000000, 0x0000000100000000)
  region size 1024K, 4 young (4096K), 4 survivors (4096K)
 Metaspace       used 85470K, committed 87104K, reserved 1179648K
  class space    used 11062K, committed 11904K, reserved 1048576K
}
Event: 12.737 GC heap before
{Heap before GC invocations=22 (full 0):
 garbage-first heap   total 124928K, used 113551K [0x0000000080000000, 0x0000000100000000)
  region size 1024K, 54 young (55296K), 4 survivors (4096K)
 Metaspace       used 88544K, committed 90176K, reserved 1179648K
  class space    used 11414K, committed 12224K, reserved 1048576K
}
Event: 12.741 GC heap after
{Heap after GC invocations=23 (full 0):
 garbage-first heap   total 124928K, used 64430K [0x0000000080000000, 0x0000000100000000)
  region size 1024K, 6 young (6144K), 6 survivors (6144K)
 Metaspace       used 88544K, committed 90176K, reserved 1179648K
  class space    used 11414K, committed 12224K, reserved 1048576K
}
Event: 13.280 GC heap before
{Heap before GC invocations=23 (full 0):
 garbage-first heap   total 124928K, used 110510K [0x0000000080000000, 0x0000000100000000)
  region size 1024K, 51 young (52224K), 6 survivors (6144K)
 Metaspace       used 91993K, committed 93632K, reserved 1179648K
  class space    used 11775K, committed 12608K, reserved 1048576K
}
Event: 13.286 GC heap after
{Heap after GC invocations=24 (full 0):
 garbage-first heap   total 124928K, used 67925K [0x0000000080000000, 0x0000000100000000)
  region size 1024K, 7 young (7168K), 7 survivors (7168K)
 Metaspace       used 91993K, committed 93632K, reserved 1179648K
  class space    used 11775K, committed 12608K, reserved 1048576K
}

Dll operation events (3 events):
Event: 0.041 Loaded shared library C:\Program Files\JetBrains\IntelliJ IDEA 2024.2.2\jbr\bin\java.dll
Event: 0.109 Loaded shared library C:\Program Files\JetBrains\IntelliJ IDEA 2024.2.2\jbr\bin\zip.dll
Event: 3.195 Loaded shared library C:\Program Files\JetBrains\IntelliJ IDEA 2024.2.2\jbr\bin\verify.dll

Deoptimization events (20 events):
Event: 13.330 Thread 0x000002081a450ad0 Uncommon trap: trap_request=0xffffffc6 fr.pc=0x0000020807eb4adc relative=0x0000000000000bdc
Event: 13.330 Thread 0x000002081a450ad0 Uncommon trap: reason=bimorphic_or_optimized_type_check action=maybe_recompile pc=0x0000020807eb4adc method=org.jetbrains.kotlin.com.intellij.openapi.vfs.VirtualFile.getExtension()Ljava/lang/String; @ 1 c2
Event: 13.330 Thread 0x000002081a450ad0 DEOPT PACKING pc=0x0000020807eb4adc sp=0x0000006c238ee5c0
Event: 13.330 Thread 0x000002081a450ad0 DEOPT UNPACKING pc=0x00000208074a46a2 sp=0x0000006c238ee5a8 mode 2
Event: 13.347 Thread 0x000002081a450ad0 Uncommon trap: trap_request=0xffffffde fr.pc=0x0000020807ed99dc relative=0x00000000000001bc
Event: 13.347 Thread 0x000002081a450ad0 Uncommon trap: reason=class_check action=maybe_recompile pc=0x0000020807ed99dc method=org.jetbrains.kotlin.name.FqNameUnsafe.equals(Ljava/lang/Object;)Z @ 8 c2
Event: 13.347 Thread 0x000002081a450ad0 DEOPT PACKING pc=0x0000020807ed99dc sp=0x0000006c238f0500
Event: 13.347 Thread 0x000002081a450ad0 DEOPT UNPACKING pc=0x00000208074a46a2 sp=0x0000006c238f0488 mode 2
Event: 13.347 Thread 0x000002081a450ad0 Uncommon trap: trap_request=0xffffffde fr.pc=0x0000020807ed99dc relative=0x00000000000001bc
Event: 13.347 Thread 0x000002081a450ad0 Uncommon trap: reason=class_check action=maybe_recompile pc=0x0000020807ed99dc method=org.jetbrains.kotlin.name.FqNameUnsafe.equals(Ljava/lang/Object;)Z @ 8 c2
Event: 13.347 Thread 0x000002081a450ad0 DEOPT PACKING pc=0x0000020807ed99dc sp=0x0000006c238f0500
Event: 13.347 Thread 0x000002081a450ad0 DEOPT UNPACKING pc=0x00000208074a46a2 sp=0x0000006c238f0488 mode 2
Event: 13.347 Thread 0x000002081a450ad0 Uncommon trap: trap_request=0xffffffde fr.pc=0x0000020807ed99dc relative=0x00000000000001bc
Event: 13.347 Thread 0x000002081a450ad0 Uncommon trap: reason=class_check action=maybe_recompile pc=0x0000020807ed99dc method=org.jetbrains.kotlin.name.FqNameUnsafe.equals(Ljava/lang/Object;)Z @ 8 c2
Event: 13.347 Thread 0x000002081a450ad0 DEOPT PACKING pc=0x0000020807ed99dc sp=0x0000006c238f0350
Event: 13.347 Thread 0x000002081a450ad0 DEOPT UNPACKING pc=0x00000208074a46a2 sp=0x0000006c238f02d8 mode 2
Event: 13.347 Thread 0x000002081a450ad0 Uncommon trap: trap_request=0xffffffde fr.pc=0x0000020807ed99dc relative=0x00000000000001bc
Event: 13.347 Thread 0x000002081a450ad0 Uncommon trap: reason=class_check action=maybe_recompile pc=0x0000020807ed99dc method=org.jetbrains.kotlin.name.FqNameUnsafe.equals(Ljava/lang/Object;)Z @ 8 c2
Event: 13.347 Thread 0x000002081a450ad0 DEOPT PACKING pc=0x0000020807ed99dc sp=0x0000006c238f0570
Event: 13.347 Thread 0x000002081a450ad0 DEOPT UNPACKING pc=0x00000208074a46a2 sp=0x0000006c238f04f8 mode 2

Classes loaded (20 events):
Event: 10.337 Loading class sun/nio/ch/Streams
Event: 10.337 Loading class sun/nio/ch/Streams done
Event: 10.337 Loading class sun/nio/ch/ChannelInputStream
Event: 10.337 Loading class sun/nio/ch/ChannelInputStream done
Event: 11.870 Loading class java/text/StringCharacterIterator
Event: 11.871 Loading class java/text/CharacterIterator
Event: 11.871 Loading class java/text/CharacterIterator done
Event: 11.871 Loading class java/text/StringCharacterIterator done
Event: 11.923 Loading class java/io/NotSerializableException
Event: 11.923 Loading class java/io/NotSerializableException done
Event: 11.951 Loading class java/util/AbstractList$ListItr
Event: 11.951 Loading class java/util/AbstractList$ListItr done
Event: 12.141 Loading class java/util/function/IntUnaryOperator
Event: 12.141 Loading class java/util/function/IntUnaryOperator done
Event: 12.201 Loading class java/util/AbstractList$SubList
Event: 12.201 Loading class java/util/AbstractList$SubList done
Event: 12.201 Loading class java/util/AbstractList$SubList$1
Event: 12.201 Loading class java/util/AbstractList$SubList$1 done
Event: 13.047 Loading class java/util/AbstractList$RandomAccessSubList
Event: 13.047 Loading class java/util/AbstractList$RandomAccessSubList done

Classes unloaded (0 events):
No events

Classes redefined (0 events):
No events

Internal exceptions (20 events):
Event: 10.130 Thread 0x000002081a450ad0 Exception <a 'java/lang/NoSuchMethodError'{0x00000000ff89ed58}: 'java.lang.Object java.lang.invoke.DelegatingMethodHandle$Holder.reinvoke_L(java.lang.Object, int, long, java.lang.Object, java.lang.Object, int, java.lang.Object)'> (0x00000000ff89ed58) 
thrown [s\src\hotspot\share\interpreter\linkResolver.cpp, line 784]
Event: 10.174 Thread 0x000002081a450ad0 Implicit null exception at 0x0000020807bd6566 to 0x0000020807bd70ec
Event: 10.311 Thread 0x000002081a450ad0 Implicit null exception at 0x0000020807de8d17 to 0x0000020807deadd8
Event: 11.448 Thread 0x000002081a450ad0 Exception <a 'java/lang/NoSuchMethodError'{0x0000000084c86da0}: 'java.lang.Object java.lang.invoke.DirectMethodHandle$Holder.newInvokeSpecial(java.lang.Object, java.lang.Object, java.lang.Object, java.lang.Object, java.lang.Object, java.lang.Object, java.lang.Object, java.lang.Object, java.lang.Object, java.lang.Object, java.lang.Object, java.lang.Object, java.lang.Object, java.lang.Object, java.lang.Object, java.lang.Object, java.lang.Object, java.lang.Object, java.lang.Object, java.lang.Object, java.lang
Event: 11.460 Thread 0x000002081a450ad0 Exception <a 'java/lang/NoSuchMethodError'{0x0000000084a7a1c0}: 'java.lang.Object java.lang.invoke.DirectMethodHandle$Holder.newInvokeSpecial(java.lang.Object, java.lang.Object, java.lang.Object, java.lang.Object, java.lang.Object, java.lang.Object, java.lang.Object, java.lang.Object, java.lang.Object, java.lang.Object, java.lang.Object, java.lang.Object, java.lang.Object, java.lang.Object, java.lang.Object, java.lang.Object, java.lang.Object, java.lang.Object, java.lang.Object, java.lang.Object)'> (0x0000
Event: 11.460 Thread 0x000002081a450ad0 Exception <a 'java/lang/NoSuchMethodError'{0x0000000084a81b88}: 'java.lang.Object java.lang.invoke.DirectMethodHandle$Holder.invokeSpecial(java.lang.Object, java.lang.Object, java.lang.Object, java.lang.Object, java.lang.Object, java.lang.Object, java.lang.Object, java.lang.Object, java.lang.Object, java.lang.Object, java.lang.Object, java.lang.Object, java.lang.Object, java.lang.Object, java.lang.Object, java.lang.Object, java.lang.Object, java.lang.Object, java.lang.Object, java.lang.Object, java.lang.Ob
Event: 11.460 Thread 0x000002081a450ad0 Exception <a 'java/lang/NoSuchMethodError'{0x0000000084a87e58}: 'java.lang.Object java.lang.invoke.DelegatingMethodHandle$Holder.reinvoke_L(java.lang.Object, java.lang.Object, java.lang.Object, java.lang.Object, java.lang.Object, java.lang.Object, java.lang.Object, java.lang.Object, java.lang.Object, java.lang.Object, java.lang.Object, java.lang.Object, java.lang.Object, java.lang.Object, java.lang.Object, java.lang.Object, java.lang.Object, java.lang.Object, java.lang.Object, java.lang.Object)'> (0x000000
Event: 11.537 Thread 0x000002081a450ad0 Exception <a 'java/lang/NoSuchMethodError'{0x0000000084279f98}: 'java.lang.Object java.lang.invoke.DirectMethodHandle$Holder.newInvokeSpecial(java.lang.Object, java.lang.Object, java.lang.Object, java.lang.Object, java.lang.Object, java.lang.Object, java.lang.Object, java.lang.Object, java.lang.Object, java.lang.Object, java.lang.Object, java.lang.Object, java.lang.Object, java.lang.Object, java.lang.Object, java.lang.Object)'> (0x0000000084279f98) 
thrown [s\src\hotspot\share\interpreter\linkResolver.cpp,
Event: 11.537 Thread 0x000002081a450ad0 Exception <a 'java/lang/NoSuchMethodError'{0x0000000084281000}: 'java.lang.Object java.lang.invoke.DirectMethodHandle$Holder.invokeSpecial(java.lang.Object, java.lang.Object, java.lang.Object, java.lang.Object, java.lang.Object, java.lang.Object, java.lang.Object, java.lang.Object, java.lang.Object, java.lang.Object, java.lang.Object, java.lang.Object, java.lang.Object, java.lang.Object, java.lang.Object, java.lang.Object, java.lang.Object)'> (0x0000000084281000) 
thrown [s\src\hotspot\share\interpreter\li
Event: 11.538 Thread 0x000002081a450ad0 Exception <a 'java/lang/NoSuchMethodError'{0x0000000084286c50}: 'java.lang.Object java.lang.invoke.DelegatingMethodHandle$Holder.reinvoke_L(java.lang.Object, java.lang.Object, java.lang.Object, java.lang.Object, java.lang.Object, java.lang.Object, java.lang.Object, java.lang.Object, java.lang.Object, java.lang.Object, java.lang.Object, java.lang.Object, java.lang.Object, java.lang.Object, java.lang.Object, java.lang.Object)'> (0x0000000084286c50) 
thrown [s\src\hotspot\share\interpreter\linkResolver.cpp, l
Event: 11.545 Thread 0x000002081a450ad0 Exception <a 'java/lang/NoSuchMethodError'{0x00000000841375e8}: 'java.lang.Object java.lang.invoke.DirectMethodHandle$Holder.newInvokeSpecial(java.lang.Object, java.lang.Object, java.lang.Object, java.lang.Object, java.lang.Object, java.lang.Object, java.lang.Object, java.lang.Object, java.lang.Object, java.lang.Object, java.lang.Object, java.lang.Object, java.lang.Object, java.lang.Object, java.lang.Object, java.lang.Object, java.lang.Object, java.lang.Object)'> (0x00000000841375e8) 
thrown [s\src\hotspot
Event: 11.546 Thread 0x000002081a450ad0 Exception <a 'java/lang/NoSuchMethodError'{0x000000008413e6c0}: 'java.lang.Object java.lang.invoke.DirectMethodHandle$Holder.invokeSpecial(java.lang.Object, java.lang.Object, java.lang.Object, java.lang.Object, java.lang.Object, java.lang.Object, java.lang.Object, java.lang.Object, java.lang.Object, java.lang.Object, java.lang.Object, java.lang.Object, java.lang.Object, java.lang.Object, java.lang.Object, java.lang.Object, java.lang.Object, java.lang.Object, java.lang.Object)'> (0x000000008413e6c0) 
thrown
Event: 11.546 Thread 0x000002081a450ad0 Exception <a 'java/lang/NoSuchMethodError'{0x00000000841445f8}: 'java.lang.Object java.lang.invoke.DelegatingMethodHandle$Holder.reinvoke_L(java.lang.Object, java.lang.Object, java.lang.Object, java.lang.Object, java.lang.Object, java.lang.Object, java.lang.Object, java.lang.Object, java.lang.Object, java.lang.Object, java.lang.Object, java.lang.Object, java.lang.Object, java.lang.Object, java.lang.Object, java.lang.Object, java.lang.Object, java.lang.Object)'> (0x00000000841445f8) 
thrown [s\src\hotspot\s
Event: 11.551 Thread 0x000002081a450ad0 Exception <a 'java/lang/NoSuchMethodError'{0x00000000841dc3b8}: 'java.lang.Object java.lang.invoke.DirectMethodHandle$Holder.newInvokeSpecial(java.lang.Object, java.lang.Object, java.lang.Object, java.lang.Object, java.lang.Object, java.lang.Object, java.lang.Object, java.lang.Object, java.lang.Object, java.lang.Object, java.lang.Object, java.lang.Object, java.lang.Object, java.lang.Object, java.lang.Object, java.lang.Object, java.lang.Object, java.lang.Object, java.lang.Object, java.lang.Object, java.lang
Event: 11.563 Thread 0x000002081a450ad0 Exception <a 'java/lang/NoSuchMethodError'{0x0000000083f35998}: 'java.lang.Object java.lang.invoke.DirectMethodHandle$Holder.newInvokeSpecial(java.lang.Object, java.lang.Object, java.lang.Object, java.lang.Object, java.lang.Object, java.lang.Object, java.lang.Object, java.lang.Object, java.lang.Object, java.lang.Object, java.lang.Object, java.lang.Object, java.lang.Object)'> (0x0000000083f35998) 
thrown [s\src\hotspot\share\interpreter\linkResolver.cpp, line 784]
Event: 11.746 Thread 0x000002081a450ad0 Implicit null exception at 0x0000020807d4857c to 0x0000020807d4862c
Event: 12.033 Thread 0x000002081a450ad0 Exception <a 'java/lang/NoSuchMethodError'{0x0000000083e6b9e8}: 'java.lang.Object java.lang.invoke.DirectMethodHandle$Holder.newInvokeSpecial(java.lang.Object, java.lang.Object, int)'> (0x0000000083e6b9e8) 
thrown [s\src\hotspot\share\interpreter\linkResolver.cpp, line 784]
Event: 12.228 Thread 0x000002081a450ad0 Exception <a 'java/lang/NoSuchMethodError'{0x0000000086a90d80}: 'java.lang.Object java.lang.invoke.DirectMethodHandle$Holder.newInvokeSpecial(java.lang.Object, java.lang.Object, java.lang.Object, java.lang.Object, int)'> (0x0000000086a90d80) 
thrown [s\src\hotspot\share\interpreter\linkResolver.cpp, line 784]
Event: 12.228 Thread 0x000002081a450ad0 Exception <a 'java/lang/NoSuchMethodError'{0x0000000086a968b0}: 'java.lang.Object java.lang.invoke.DirectMethodHandle$Holder.invokeSpecial(java.lang.Object, java.lang.Object, java.lang.Object, java.lang.Object, java.lang.Object, int)'> (0x0000000086a968b0) 
thrown [s\src\hotspot\share\interpreter\linkResolver.cpp, line 784]
Event: 12.228 Thread 0x000002081a450ad0 Exception <a 'java/lang/NoSuchMethodError'{0x0000000086a9bd58}: 'java.lang.Object java.lang.invoke.Invokers$Holder.linkToTargetMethod(java.lang.Object, java.lang.Object, java.lang.Object, int, java.lang.Object)'> (0x0000000086a9bd58) 
thrown [s\src\hotspot\share\interpreter\linkResolver.cpp, line 784]

ZGC Phase Switch (0 events):
No events

VM Operations (20 events):
Event: 11.813 Executing VM operation: HandshakeAllThreads (Deoptimize)
Event: 11.813 Executing VM operation: HandshakeAllThreads (Deoptimize) done
Event: 11.951 Executing VM operation: HandshakeAllThreads (Deoptimize)
Event: 11.952 Executing VM operation: HandshakeAllThreads (Deoptimize) done
Event: 12.168 Executing VM operation: G1CollectForAllocation (G1 Evacuation Pause)
Event: 12.172 Executing VM operation: G1CollectForAllocation (G1 Evacuation Pause) done
Event: 12.196 Executing VM operation: G1PauseRemark
Event: 12.198 Executing VM operation: G1PauseRemark done
Event: 12.210 Executing VM operation: G1PauseCleanup
Event: 12.210 Executing VM operation: G1PauseCleanup done
Event: 12.292 Executing VM operation: HandshakeAllThreads (Deoptimize)
Event: 12.292 Executing VM operation: HandshakeAllThreads (Deoptimize) done
Event: 12.659 Executing VM operation: ICBufferFull
Event: 12.659 Executing VM operation: ICBufferFull done
Event: 12.737 Executing VM operation: G1CollectForAllocation (G1 Evacuation Pause)
Event: 12.741 Executing VM operation: G1CollectForAllocation (G1 Evacuation Pause) done
Event: 13.131 Executing VM operation: ICBufferFull
Event: 13.131 Executing VM operation: ICBufferFull done
Event: 13.280 Executing VM operation: G1CollectForAllocation (G1 Evacuation Pause)
Event: 13.286 Executing VM operation: G1CollectForAllocation (G1 Evacuation Pause) done

Memory protections (0 events):
No events

Nmethod flushes (20 events):
Event: 12.197 Thread 0x00000208140ae9a0 flushing  nmethod 0x0000020800252010
Event: 12.197 Thread 0x00000208140ae9a0 flushing  nmethod 0x0000020800254f90
Event: 12.197 Thread 0x00000208140ae9a0 flushing  nmethod 0x00000208002dff10
Event: 12.197 Thread 0x00000208140ae9a0 flushing  nmethod 0x00000208002e1f10
Event: 12.197 Thread 0x00000208140ae9a0 flushing  nmethod 0x00000208002e3690
Event: 12.197 Thread 0x00000208140ae9a0 flushing  nmethod 0x000002080039b610
Event: 12.197 Thread 0x00000208140ae9a0 flushing  nmethod 0x000002080039c890
Event: 12.197 Thread 0x00000208140ae9a0 flushing  nmethod 0x00000208007aac10
Event: 12.197 Thread 0x00000208140ae9a0 flushing  nmethod 0x0000020807bd6290
Event: 12.197 Thread 0x00000208140ae9a0 flushing  nmethod 0x0000020807db3890
Event: 12.197 Thread 0x00000208140ae9a0 flushing  nmethod 0x000002080013f290
Event: 12.197 Thread 0x00000208140ae9a0 flushing  nmethod 0x00000208003ec210
Event: 12.197 Thread 0x00000208140ae9a0 flushing  nmethod 0x00000208004ba090
Event: 12.197 Thread 0x00000208140ae9a0 flushing  nmethod 0x00000208004bd210
Event: 12.197 Thread 0x00000208140ae9a0 flushing  nmethod 0x00000208004c7d10
Event: 12.197 Thread 0x00000208140ae9a0 flushing  nmethod 0x0000020800812990
Event: 12.197 Thread 0x00000208140ae9a0 flushing  nmethod 0x0000020807bce510
Event: 12.197 Thread 0x00000208140ae9a0 flushing  nmethod 0x0000020807c06890
Event: 12.197 Thread 0x00000208140ae9a0 flushing  nmethod 0x0000020800105190
Event: 12.197 Thread 0x00000208140ae9a0 flushing  nmethod 0x00000208002a3610

Events (20 events):
Event: 4.926 Thread 0x000002087b11d8d0 Thread added: 0x000002081a2b6750
Event: 5.008 Thread 0x000002087b11d8d0 Thread added: 0x000002081992c9a0
Event: 5.048 Loaded shared library C:\Program Files\JetBrains\IntelliJ IDEA 2024.2.2\jbr\bin\sunmscapi.dll
Event: 5.095 Thread 0x000002081a2b6750 Thread added: 0x000002081a0a2e70
Event: 5.098 Thread 0x000002081a0a2e70 Thread added: 0x000002081a0a34e0
Event: 5.128 Thread 0x000002081a0a2e70 Thread added: 0x000002081a450460
Event: 5.136 Thread 0x000002081a0a2e70 Thread added: 0x000002081a450ad0
Event: 5.151 Thread 0x000002081a450ad0 Thread added: 0x000002081a2824c0
Event: 5.162 Thread 0x000002081a450ad0 Thread added: 0x000002081a280a80
Event: 5.169 Thread 0x000002081a450ad0 Thread added: 0x000002081a2831e0
Event: 5.531 Thread 0x000002081a450ad0 Thread added: 0x000002081a281110
Event: 5.543 Thread 0x000002081a450ad0 Thread added: 0x000002081a283870
Event: 6.246 Thread 0x000002081a450ad0 Thread added: 0x000002081a2817a0
Event: 7.046 Thread 0x000002081a450ad0 Thread added: 0x000002081a281e30
Event: 7.210 Thread 0x000002081a450ad0 Thread added: 0x000002081a7c9000
Event: 7.215 Thread 0x000002081a450ad0 Thread added: 0x000002081a7cb0d0
Event: 7.378 Thread 0x000002081a450ad0 Thread added: 0x000002081a7caa40
Event: 7.428 Thread 0x000002081a450ad0 Thread added: 0x000002081a7c9d20
Event: 7.440 Thread 0x000002081a450ad0 Thread added: 0x000002081a7cb760
Event: 7.595 Thread 0x000002081a450ad0 Thread added: 0x000002081a7cd1a0


Dynamic libraries:
0x00007ff787200000 - 0x00007ff78720a000 	C:\Program Files\JetBrains\IntelliJ IDEA 2024.2.2\jbr\bin\java.exe
0x00007fffa8690000 - 0x00007fffa88a7000 	C:\WINDOWS\SYSTEM32\ntdll.dll
0x00007fffa7ce0000 - 0x00007fffa7da4000 	C:\WINDOWS\System32\KERNEL32.DLL
0x00007fffa59a0000 - 0x00007fffa5d57000 	C:\WINDOWS\System32\KERNELBASE.dll
0x00007fffa62a0000 - 0x00007fffa63b1000 	C:\WINDOWS\System32\ucrtbase.dll
0x00007fff97a00000 - 0x00007fff97a1b000 	C:\Program Files\JetBrains\IntelliJ IDEA 2024.2.2\jbr\bin\VCRUNTIME140.dll
0x00007fff8a4b0000 - 0x00007fff8a4c8000 	C:\Program Files\JetBrains\IntelliJ IDEA 2024.2.2\jbr\bin\jli.dll
0x00007fffa6600000 - 0x00007fffa67af000 	C:\WINDOWS\System32\USER32.dll
0x00007fffa5fe0000 - 0x00007fffa6006000 	C:\WINDOWS\System32\win32u.dll
0x00007fffa6dc0000 - 0x00007fffa6de9000 	C:\WINDOWS\System32\GDI32.dll
0x00007fffa5e50000 - 0x00007fffa5f68000 	C:\WINDOWS\System32\gdi32full.dll
0x00007fffa6010000 - 0x00007fffa60aa000 	C:\WINDOWS\System32\msvcp_win.dll
0x00007fff895a0000 - 0x00007fff89833000 	C:\WINDOWS\WinSxS\amd64_microsoft.windows.common-controls_6595b64144ccf1df_6.0.22621.3672_none_2713b9d173822955\COMCTL32.dll
0x00007fffa76f0000 - 0x00007fffa7797000 	C:\WINDOWS\System32\msvcrt.dll
0x00007fffa8160000 - 0x00007fffa8191000 	C:\WINDOWS\System32\IMM32.DLL
0x00007fffa1620000 - 0x00007fffa162c000 	C:\Program Files\JetBrains\IntelliJ IDEA 2024.2.2\jbr\bin\vcruntime140_1.dll
0x00007fff86060000 - 0x00007fff860ed000 	C:\Program Files\JetBrains\IntelliJ IDEA 2024.2.2\jbr\bin\msvcp140.dll
0x00007fff690e0000 - 0x00007fff69e97000 	C:\Program Files\JetBrains\IntelliJ IDEA 2024.2.2\jbr\bin\server\jvm.dll
0x00007fffa6540000 - 0x00007fffa65f2000 	C:\WINDOWS\System32\ADVAPI32.dll
0x00007fffa8520000 - 0x00007fffa85c8000 	C:\WINDOWS\System32\sechost.dll
0x00007fffa5e20000 - 0x00007fffa5e48000 	C:\WINDOWS\System32\bcrypt.dll
0x00007fffa7e20000 - 0x00007fffa7f34000 	C:\WINDOWS\System32\RPCRT4.dll
0x00007fffa64c0000 - 0x00007fffa6531000 	C:\WINDOWS\System32\WS2_32.dll
0x00007fffa5870000 - 0x00007fffa58bd000 	C:\WINDOWS\SYSTEM32\POWRPROF.dll
0x00007fff9df00000 - 0x00007fff9df0a000 	C:\WINDOWS\SYSTEM32\VERSION.dll
0x00007fffa1550000 - 0x00007fffa1584000 	C:\WINDOWS\SYSTEM32\WINMM.dll
0x00007fffa5850000 - 0x00007fffa5863000 	C:\WINDOWS\SYSTEM32\UMPDC.dll
0x00007fffa49f0000 - 0x00007fffa4a08000 	C:\WINDOWS\SYSTEM32\kernel.appcore.dll
0x00007fff979d0000 - 0x00007fff979da000 	C:\Program Files\JetBrains\IntelliJ IDEA 2024.2.2\jbr\bin\jimage.dll
0x00007fffa3400000 - 0x00007fffa3632000 	C:\WINDOWS\SYSTEM32\DBGHELP.DLL
0x00007fffa6a10000 - 0x00007fffa6d9e000 	C:\WINDOWS\System32\combase.dll
0x00007fffa63e0000 - 0x00007fffa64b7000 	C:\WINDOWS\System32\OLEAUT32.dll
0x00007fff95480000 - 0x00007fff954b2000 	C:\WINDOWS\SYSTEM32\dbgcore.DLL
0x00007fffa6220000 - 0x00007fffa629b000 	C:\WINDOWS\System32\bcryptPrimitives.dll
0x00007fff97960000 - 0x00007fff9796e000 	C:\Program Files\JetBrains\IntelliJ IDEA 2024.2.2\jbr\bin\instrument.dll
0x00007fff97890000 - 0x00007fff978af000 	C:\Program Files\JetBrains\IntelliJ IDEA 2024.2.2\jbr\bin\java.dll
0x00007fff8dd60000 - 0x00007fff8dd78000 	C:\Program Files\JetBrains\IntelliJ IDEA 2024.2.2\jbr\bin\zip.dll
0x00007fffa6df0000 - 0x00007fffa7659000 	C:\WINDOWS\System32\SHELL32.dll
0x00007fffa3910000 - 0x00007fffa420f000 	C:\WINDOWS\SYSTEM32\windows.storage.dll
0x00007fffa37d0000 - 0x00007fffa390f000 	C:\WINDOWS\SYSTEM32\wintypes.dll
0x00007fffa7f60000 - 0x00007fffa8059000 	C:\WINDOWS\System32\SHCORE.dll
0x00007fffa81a0000 - 0x00007fffa81fe000 	C:\WINDOWS\System32\shlwapi.dll
0x00007fffa58d0000 - 0x00007fffa58f7000 	C:\WINDOWS\SYSTEM32\profapi.dll
0x00007fff979c0000 - 0x00007fff979d0000 	C:\Program Files\JetBrains\IntelliJ IDEA 2024.2.2\jbr\bin\net.dll
0x00007fffa1340000 - 0x00007fffa1476000 	C:\WINDOWS\SYSTEM32\WINHTTP.dll
0x00007fffa4e60000 - 0x00007fffa4ec9000 	C:\WINDOWS\system32\mswsock.dll
0x00007fff8dd40000 - 0x00007fff8dd56000 	C:\Program Files\JetBrains\IntelliJ IDEA 2024.2.2\jbr\bin\nio.dll
0x00007fff97980000 - 0x00007fff97990000 	C:\Program Files\JetBrains\IntelliJ IDEA 2024.2.2\jbr\bin\verify.dll
0x00007fff8b620000 - 0x00007fff8b647000 	C:\Users\Giovani\.gradle\native\c067742578af261105cb4f569cf0c3c89f3d7b1fecec35dd04571415982c5e48\windows-amd64\native-platform.dll
0x00007fff89d50000 - 0x00007fff89e94000 	C:\Users\Giovani\.gradle\native\38dada09dfb8b06ba9b0570ebf7e218e3eb74d4ef43ca46872605cf95ebc2f47\windows-amd64\native-platform-file-events.dll
0x00007fff8d9d0000 - 0x00007fff8d9d9000 	C:\Program Files\JetBrains\IntelliJ IDEA 2024.2.2\jbr\bin\management.dll
0x00007fff8d9c0000 - 0x00007fff8d9cb000 	C:\Program Files\JetBrains\IntelliJ IDEA 2024.2.2\jbr\bin\management_ext.dll
0x00007fffa7e10000 - 0x00007fffa7e18000 	C:\WINDOWS\System32\PSAPI.DLL
0x00007fffa50c0000 - 0x00007fffa50db000 	C:\WINDOWS\SYSTEM32\CRYPTSP.dll
0x00007fffa4950000 - 0x00007fffa4985000 	C:\WINDOWS\system32\rsaenh.dll
0x00007fffa4f50000 - 0x00007fffa4f78000 	C:\WINDOWS\SYSTEM32\USERENV.dll
0x00007fffa50b0000 - 0x00007fffa50bc000 	C:\WINDOWS\SYSTEM32\CRYPTBASE.dll
0x00007fffa44b0000 - 0x00007fffa44dd000 	C:\WINDOWS\SYSTEM32\IPHLPAPI.DLL
0x00007fffa77a0000 - 0x00007fffa77a9000 	C:\WINDOWS\System32\NSI.dll
0x00007fff978c0000 - 0x00007fff978c9000 	C:\Program Files\JetBrains\IntelliJ IDEA 2024.2.2\jbr\bin\extnet.dll
0x00007fff978f0000 - 0x00007fff978fe000 	C:\Program Files\JetBrains\IntelliJ IDEA 2024.2.2\jbr\bin\sunmscapi.dll
0x00007fffa60b0000 - 0x00007fffa6216000 	C:\WINDOWS\System32\CRYPT32.dll
0x00007fffa5270000 - 0x00007fffa529d000 	C:\WINDOWS\SYSTEM32\ncrypt.dll
0x00007fffa5230000 - 0x00007fffa5267000 	C:\WINDOWS\SYSTEM32\NTASN1.dll
0x00007fff8a3a0000 - 0x00007fff8a3a8000 	C:\WINDOWS\system32\wshunix.dll

dbghelp: loaded successfully - version: 4.0.5 - missing functions: none
symbol engine: initialized successfully - sym options: 0x614 - pdb path: .;C:\Program Files\JetBrains\IntelliJ IDEA 2024.2.2\jbr\bin;C:\WINDOWS\SYSTEM32;C:\WINDOWS\WinSxS\amd64_microsoft.windows.common-controls_6595b64144ccf1df_6.0.22621.3672_none_2713b9d173822955;C:\Program Files\JetBrains\IntelliJ IDEA 2024.2.2\jbr\bin\server;C:\Users\Giovani\.gradle\native\c067742578af261105cb4f569cf0c3c89f3d7b1fecec35dd04571415982c5e48\windows-amd64;C:\Users\Giovani\.gradle\native\38dada09dfb8b06ba9b0570ebf7e218e3eb74d4ef43ca46872605cf95ebc2f47\windows-amd64

VM Arguments:
jvm_args: --add-opens=java.base/java.util=ALL-UNNAMED --add-opens=java.base/java.lang=ALL-UNNAMED --add-opens=java.base/java.lang.invoke=ALL-UNNAMED --add-opens=java.prefs/java.util.prefs=ALL-UNNAMED --add-opens=java.base/java.nio.charset=ALL-UNNAMED --add-opens=java.base/java.net=ALL-UNNAMED --add-opens=java.base/java.util.concurrent.atomic=ALL-UNNAMED -Xmx2048m -Dfile.encoding=UTF-8 -Duser.country=BR -Duser.language=pt -Duser.variant -javaagent:C:\Users\Giovani\.gradle\wrapper\dists\gradle-8.7-bin\bhs2wmbdwecv87pi65oeuq5iu\gradle-8.7\lib\agents\gradle-instrumentation-agent-8.7.jar 
java_command: org.gradle.launcher.daemon.bootstrap.GradleDaemon 8.7
java_class_path (initial): C:\Users\Giovani\.gradle\wrapper\dists\gradle-8.7-bin\bhs2wmbdwecv87pi65oeuq5iu\gradle-8.7\lib\gradle-launcher-8.7.jar
Launcher Type: SUN_STANDARD

[Global flags]
     intx CICompilerCount                          = 12                                        {product} {ergonomic}
     uint ConcGCThreads                            = 3                                         {product} {ergonomic}
     uint G1ConcRefinementThreads                  = 13                                        {product} {ergonomic}
   size_t G1HeapRegionSize                         = 1048576                                   {product} {ergonomic}
    uintx GCDrainStackTargetSize                   = 64                                        {product} {ergonomic}
   size_t InitialHeapSize                          = 98566144                                  {product} {ergonomic}
   size_t MarkStackSize                            = 4194304                                   {product} {ergonomic}
   size_t MaxHeapSize                              = 2147483648                                {product} {command line}
   size_t MaxNewSize                               = 1287651328                                {product} {ergonomic}
   size_t MinHeapDeltaBytes                        = 1048576                                   {product} {ergonomic}
   size_t MinHeapSize                              = 8388608                                   {product} {ergonomic}
    uintx NonNMethodCodeHeapSize                   = 7602480                                {pd product} {ergonomic}
    uintx NonProfiledCodeHeapSize                  = 122027880                              {pd product} {ergonomic}
    uintx ProfiledCodeHeapSize                     = 122027880                              {pd product} {ergonomic}
    uintx ReservedCodeCacheSize                    = 251658240                              {pd product} {ergonomic}
     bool SegmentedCodeCache                       = true                                      {product} {ergonomic}
   size_t SoftMaxHeapSize                          = 2147483648                             {manageable} {ergonomic}
     bool UseCompressedOops                        = true                           {product lp64_product} {ergonomic}
     bool UseG1GC                                  = true                                      {product} {ergonomic}
     bool UseLargePagesIndividualAllocation        = false                                  {pd product} {ergonomic}

Logging:
Log output configuration:
 #0: stdout all=warning uptime,level,tags foldmultilines=false
 #1: stderr all=off uptime,level,tags foldmultilines=false

Environment Variables:
JAVA_HOME=C:\Program Files\Java\jdk-22
PATH=C:\Program Files\Common Files\Oracle\Java\javapath;C:\WINDOWS\system32;C:\WINDOWS;C:\WINDOWS\System32\Wbem;C:\WINDOWS\System32\WindowsPowerShell\v1.0\;C:\WINDOWS\System32\OpenSSH\;C:\Program Files\apache-maven-3.9.9\bin;C:\Program Files\nodejs\;C:\ProgramData\chocolatey\bin;C:\Program Files\MySQL\MySQL Shell 8.0\bin\;C:\Users\Giovani\AppData\Local\Programs\Python\Python312\Scripts\;C:\Users\Giovani\AppData\Local\Programs\Python\Python312\;C:\Users\Giovani\AppData\Local\Microsoft\WindowsApps;C:\Users\Giovani\AppData\Local\Programs\Microsoft VS Code\bin;C:\Program Files\JetBrains\IntelliJ IDEA 2024.2.2\bin;;C:\Users\Giovani\AppData\Roaming\npm;C:\Program Files\Git\cmd;C:\Program Files\Git\bin;
USERNAME=Giovani
OS=Windows_NT
PROCESSOR_IDENTIFIER=AMD64 Family 23 Model 104 Stepping 1, AuthenticAMD
TMP=C:\Users\Giovani\AppData\Local\Temp
TEMP=C:\Users\Giovani\AppData\Local\Temp




Periodic native trim disabled

JNI global refs:
JNI global refs: 34, weak refs: 4

JNI global refs memory usage: 835, weak refs: 833

Process memory usage:
Resident Set Size: 350384K (5% of 6149880K total physical memory with 59124K free physical memory)

OOME stack traces (most recent first):
Classloader memory used:
Loader org.gradle.internal.classloader.VisitableURLClassLoader                         : 64752K
Loader bootstrap                                                                       : 23738K
Loader org.gradle.initialization.MixInLegacyTypesClassLoader                           : 4067K
Loader jdk.internal.loader.ClassLoaders$PlatformClassLoader                            : 598K
Loader jdk.internal.jrtfs.JrtFileSystemProvider$JrtFsLoader                            : 330K
Loader jdk.internal.loader.ClassLoaders$AppClassLoader                                 : 230K

Classes loaded by more than one classloader:
Class org.gradle.internal.classloader.FilteringClassLoader                            : loaded 2 times (x 101B)
Class jdk.internal.jimage.BasicImageReader                                            : loaded 2 times (x 91B)
Class org.gradle.internal.classloader.ClassLoaderHierarchy                            : loaded 2 times (x 66B)
Class org.gradle.api.internal.classpath.ManifestUtil                                  : loaded 2 times (x 67B)
Class jdk.internal.jimage.decompressor.StringSharingDecompressorFactory               : loaded 2 times (x 70B)
Class org.gradle.internal.classloader.DefaultClassLoaderFactory                       : loaded 2 times (x 78B)
Class org.gradle.internal.classloader.ClassLoaderVisitor                              : loaded 2 times (x 72B)
Class org.gradle.api.internal.classpath.EffectiveClassPath                            : loaded 2 times (x 86B)
Class org.gradle.api.internal.DefaultClassPathProvider                                : loaded 2 times (x 72B)
Class [Lorg.gradle.api.internal.ClassPathProvider;                                    : loaded 2 times (x 65B)
Class org.gradle.api.internal.ClassPathProvider                                       : loaded 2 times (x 66B)
Class jdk.internal.jrtfs.SystemImage                                                  : loaded 2 times (x 70B)
Class org.gradle.internal.service.UnknownServiceException                             : loaded 2 times (x 79B)
Class org.gradle.internal.classpath.TransformedClassPath                              : loaded 2 times (x 92B)
Class jdk.internal.jrtfs.SystemImage$1                                                : loaded 2 times (x 74B)
Class jdk.internal.jrtfs.SystemImage$2                                                : loaded 2 times (x 72B)
Class org.gradle.internal.service.ServiceLocator                                      : loaded 2 times (x 66B)
Class jdk.internal.jrtfs.JrtFileSystemProvider                                        : loaded 2 times (x 97B)
Class jdk.internal.jimage.ImageLocation                                               : loaded 2 times (x 86B)
Class jdk.internal.jrtfs.JrtDirectoryStream$1                                         : loaded 2 times (x 79B)
Class org.gradle.internal.InternalTransformer                                         : loaded 2 times (x 66B)
Class jdk.internal.jimage.ImageBufferCache$1                                          : loaded 2 times (x 79B)
Class org.gradle.internal.classloader.ClasspathUtil$1                                 : loaded 2 times (x 72B)
Class jdk.internal.jimage.ImageBufferCache$2                                          : loaded 2 times (x 87B)
Class org.gradle.api.internal.classpath.DefaultModuleRegistry$DefaultModule           : loaded 2 times (x 82B)
Class org.gradle.api.internal.classpath.Module                                        : loaded 2 times (x 66B)
Class org.gradle.api.internal.classpath.UnknownModuleException                        : loaded 2 times (x 78B)
Class org.gradle.cache.GlobalCache                                                    : loaded 2 times (x 66B)
Class jdk.internal.jimage.ImageHeader                                                 : loaded 2 times (x 67B)
Class org.gradle.api.internal.DefaultClassPathRegistry                                : loaded 2 times (x 72B)
Class org.gradle.api.internal.ClassPathRegistry                                       : loaded 2 times (x 66B)
Class org.gradle.internal.classpath.DefaultClassPath$ImmutableUniqueList              : loaded 2 times (x 195B)
Class jdk.internal.jimage.decompressor.ResourceDecompressor                           : loaded 2 times (x 66B)
Class org.gradle.internal.classpath.ClassPath                                         : loaded 2 times (x 66B)
Class org.gradle.api.UncheckedIOException                                             : loaded 2 times (x 78B)
Class jdk.internal.jimage.ImageStringsReader                                          : loaded 2 times (x 76B)
Class jdk.internal.jimage.ImageReader                                                 : loaded 2 times (x 71B)
Class jdk.internal.jimage.ImageReader$SharedImageReader                               : loaded 2 times (x 91B)
Class org.gradle.internal.installation.GradleInstallation$1                           : loaded 2 times (x 71B)
Class org.gradle.api.internal.classpath.ModuleRegistry                                : loaded 2 times (x 66B)
Class jdk.internal.jimage.decompressor.ResourceDecompressorFactory                    : loaded 2 times (x 70B)
Class jdk.internal.jimage.ImageReader$Node                                            : loaded 2 times (x 80B)
Class org.gradle.api.internal.classpath.DefaultModuleRegistry                         : loaded 2 times (x 82B)
Class jdk.internal.jimage.BasicImageReader$1                                          : loaded 2 times (x 73B)
Class jdk.internal.jimage.decompressor.Decompressor                                   : loaded 2 times (x 68B)
Class jdk.internal.jimage.ImageReader$Resource                                        : loaded 2 times (x 80B)
Class org.gradle.internal.service.ServiceLookupException                              : loaded 2 times (x 78B)
Class jdk.internal.jrtfs.JrtFileAttributes                                            : loaded 2 times (x 79B)
Class org.gradle.internal.classloader.ClassLoaderFactory                              : loaded 2 times (x 66B)
Class org.gradle.internal.service.CachingServiceLocator                               : loaded 2 times (x 78B)
Class jdk.internal.jimage.ImageBufferCache                                            : loaded 2 times (x 67B)
Class jdk.internal.jrtfs.JrtPath                                                      : loaded 2 times (x 114B)
Class org.gradle.internal.classloader.ClasspathUtil                                   : loaded 2 times (x 67B)
Class org.gradle.api.specs.Spec                                                       : loaded 2 times (x 66B)
Class jdk.internal.jimage.ImageReader$SharedImageReader$LocationVisitor               : loaded 2 times (x 66B)
Class jdk.internal.jimage.decompressor.ResourceDecompressorRepository                 : loaded 2 times (x 67B)
Class jdk.internal.jimage.ImageReader$Directory                                       : loaded 2 times (x 80B)
Class org.gradle.internal.classloader.VisitableURLClassLoader$InstrumentingVisitableURLClassLoader: loaded 2 times (x 119B)
Class org.gradle.internal.classloader.VisitableURLClassLoader$Spec                    : loaded 2 times (x 70B)
Class org.gradle.internal.classpath.DefaultClassPath                                  : loaded 2 times (x 86B)
Class jdk.internal.jimage.decompressor.ZipDecompressorFactory                         : loaded 2 times (x 70B)
Class org.gradle.internal.classloader.ClassLoaderSpec                                 : loaded 2 times (x 67B)
Class org.gradle.internal.classloader.VisitableURLClassLoader                         : loaded 2 times (x 113B)
Class org.gradle.internal.Cast                                                        : loaded 2 times (x 67B)
Class org.gradle.api.Action                                                           : loaded 2 times (x 66B)
Class jdk.internal.jimage.decompressor.ZipDecompressor                                : loaded 2 times (x 71B)
Class org.gradle.internal.agents.InstrumentingClassLoader                             : loaded 2 times (x 66B)
Class org.gradle.internal.classpath.DefaultClassPath$ImmutableUniqueList$Builder      : loaded 2 times (x 71B)
Class org.gradle.api.GradleException                                                  : loaded 2 times (x 78B)
Class jdk.internal.jimage.ImageStrings                                                : loaded 2 times (x 66B)
Class org.gradle.internal.IoActions                                                   : loaded 2 times (x 67B)
Class org.gradle.internal.classloader.SystemClassLoaderSpec                           : loaded 2 times (x 67B)
Class jdk.internal.jrtfs.JrtFileSystem                                                : loaded 2 times (x 98B)
Class jdk.internal.jimage.decompressor.CompressedResourceHeader                       : loaded 2 times (x 67B)
Class org.gradle.internal.installation.CurrentGradleInstallationLocator               : loaded 2 times (x 67B)
Class org.gradle.internal.service.DefaultServiceLocator                               : loaded 2 times (x 79B)
Class jdk.internal.jrtfs.JrtDirectoryStream                                           : loaded 2 times (x 85B)
Class org.gradle.internal.installation.CurrentGradleInstallation                      : loaded 2 times (x 69B)
Class org.gradle.util.internal.GUtil                                                  : loaded 2 times (x 67B)
Class org.gradle.internal.installation.GradleInstallation                             : loaded 2 times (x 71B)
Class jdk.internal.jimage.decompressor.ResourceDecompressor$StringsProvider           : loaded 2 times (x 66B)

---------------  S Y S T E M  ---------------

OS:
 Windows 11 , 64 bit Build 22621 (10.0.22621.3958)
OS uptime: 1 days 0:16 hours

CPU: total 16 (initial active 16) (16 cores per cpu, 2 threads per core) family 23 model 104 stepping 1 microcode 0x0, cx8, cmov, fxsr, ht, mmx, 3dnowpref, sse, sse2, sse3, ssse3, sse4a, sse4.1, sse4.2, popcnt, lzcnt, tsc, tscinvbit, avx, avx2, aes, clmul, bmi1, bmi2, adx, sha, fma, vzeroupper, clflush, clflushopt, rdtscp, rdpid, f16c
Processor Information for all 16 processors :
  Max Mhz: 1801, Current Mhz: 1801, Mhz Limit: 1801

Memory: 4k page, system-wide physical 6005M (54M free)
TotalPageFile size 24437M (AvailPageFile size 6M)
current process WorkingSet (physical memory assigned to process): 342M, peak: 342M
current process commit charge ("private bytes"): 400M, peak: 402M

vm_info: OpenJDK 64-Bit Server VM (21.0.4+13-b509.17) for windows-amd64 JRE (21.0.4+13-b509.17), built on 2024-09-04 by "builduser" with MS VC++ 16.10 / 16.11 (VS2019)

END.
